<?xml version="1.0" encoding="UTF-8"?>
<coverage generated="1780285599631" clover="3.2.0">
  <project timestamp="1780285599631" name="All files">
    <metrics statements="1997" coveredstatements="863" conditionals="265" coveredconditionals="221" methods="115" coveredmethods="61" elements="2377" coveredelements="1145" complexity="0" loc="1997" ncloc="1997" packages="1" files="12" classes="12"/>
    <file name="artifact-html-headers.ts" path="/home/ifernandes/Projetos/zetel/lib/artifact-html-headers.ts">
      <metrics statements="8" coveredstatements="0" conditionals="1" coveredconditionals="1" methods="1" coveredmethods="1"/>
      <line num="5" count="0" type="stmt"/>
      <line num="6" count="0" type="stmt"/>
      <line num="7" count="0" type="stmt"/>
      <line num="8" count="0" type="stmt"/>
      <line num="9" count="0" type="stmt"/>
      <line num="10" count="0" type="stmt"/>
      <line num="11" count="0" type="stmt"/>
      <line num="12" count="0" type="stmt"/>
    </file>
    <file name="chat-prompt.ts" path="/home/ifernandes/Projetos/zetel/lib/chat-prompt.ts">
      <metrics statements="235" coveredstatements="173" conditionals="70" coveredconditionals="55" methods="10" coveredmethods="7"/>
      <line num="1" count="1" type="stmt"/>
      <line num="2" count="1" type="stmt"/>
      <line num="5" count="1" type="stmt"/>
      <line num="6" count="1" type="stmt"/>
      <line num="8" count="1" type="stmt"/>
      <line num="11" count="1" type="stmt"/>
      <line num="12" count="1" type="stmt"/>
      <line num="15" count="1" type="stmt"/>
      <line num="16" count="1" type="stmt"/>
      <line num="27" count="1" type="stmt"/>
      <line num="28" count="1" type="stmt"/>
      <line num="30" count="1" type="stmt"/>
      <line num="33" count="1" type="stmt"/>
      <line num="41" count="1" type="stmt"/>
      <line num="49" count="0" type="stmt"/>
      <line num="50" count="0" type="stmt"/>
      <line num="51" count="0" type="stmt"/>
      <line num="52" count="0" type="stmt"/>
      <line num="53" count="0" type="stmt"/>
      <line num="54" count="0" type="stmt"/>
      <line num="55" count="0" type="stmt"/>
      <line num="56" count="0" type="stmt"/>
      <line num="57" count="0" type="stmt"/>
      <line num="58" count="0" type="stmt"/>
      <line num="59" count="0" type="stmt"/>
      <line num="60" count="0" type="stmt"/>
      <line num="61" count="0" type="stmt"/>
      <line num="62" count="0" type="stmt"/>
      <line num="65" count="0" type="stmt"/>
      <line num="66" count="0" type="stmt"/>
      <line num="67" count="0" type="stmt"/>
      <line num="107" count="1" type="stmt"/>
      <line num="108" count="0" type="stmt"/>
      <line num="109" count="0" type="stmt"/>
      <line num="110" count="0" type="stmt"/>
      <line num="112" count="0" type="stmt"/>
      <line num="113" count="0" type="stmt"/>
      <line num="114" count="0" type="stmt"/>
      <line num="115" count="0" type="stmt"/>
      <line num="116" count="0" type="stmt"/>
      <line num="117" count="0" type="stmt"/>
      <line num="118" count="0" type="stmt"/>
      <line num="120" count="0" type="stmt"/>
      <line num="121" count="0" type="stmt"/>
      <line num="122" count="0" type="stmt"/>
      <line num="123" count="0" type="stmt"/>
      <line num="124" count="0" type="stmt"/>
      <line num="125" count="0" type="stmt"/>
      <line num="127" count="0" type="stmt"/>
      <line num="128" count="0" type="stmt"/>
      <line num="129" count="0" type="stmt"/>
      <line num="130" count="0" type="stmt"/>
      <line num="131" count="0" type="stmt"/>
      <line num="132" count="0" type="stmt"/>
      <line num="147" count="1" type="cond" truecount="1" falsecount="0"/>
      <line num="148" count="4" type="cond" truecount="2" falsecount="0"/>
      <line num="149" count="1" type="stmt"/>
      <line num="150" count="1" type="stmt"/>
      <line num="152" count="1" type="cond" truecount="1" falsecount="0"/>
      <line num="165" count="10" type="stmt"/>
      <line num="166" count="10" type="cond" truecount="1" falsecount="0"/>
      <line num="167" count="10" type="stmt"/>
      <line num="170" count="10" type="cond" truecount="0" falsecount="1"/>
      <line num="171" count="0" type="stmt"/>
      <line num="172" count="0" type="stmt"/>
      <line num="173" count="10" type="cond" truecount="0" falsecount="1"/>
      <line num="174" count="0" type="stmt"/>
      <line num="175" count="0" type="stmt"/>
      <line num="177" count="10" type="stmt"/>
      <line num="178" count="10" type="cond" truecount="0" falsecount="1"/>
      <line num="179" count="0" type="stmt"/>
      <line num="180" count="0" type="stmt"/>
      <line num="184" count="0" type="stmt"/>
      <line num="185" count="0" type="stmt"/>
      <line num="186" count="0" type="stmt"/>
      <line num="189" count="0" type="stmt"/>
      <line num="190" count="0" type="stmt"/>
      <line num="191" count="0" type="stmt"/>
      <line num="192" count="0" type="stmt"/>
      <line num="194" count="10" type="cond" truecount="2" falsecount="0"/>
      <line num="195" count="1" type="stmt"/>
      <line num="196" count="1" type="stmt"/>
      <line num="198" count="10" type="stmt"/>
      <line num="199" count="10" type="stmt"/>
      <line num="200" count="10" type="stmt"/>
      <line num="201" count="10" type="stmt"/>
      <line num="202" count="10" type="stmt"/>
      <line num="203" count="10" type="stmt"/>
      <line num="205" count="10" type="cond" truecount="1" falsecount="0"/>
      <line num="206" count="3" type="stmt"/>
      <line num="207" count="3" type="stmt"/>
      <line num="208" count="3" type="stmt"/>
      <line num="209" count="3" type="stmt"/>
      <line num="210" count="3" type="cond" truecount="2" falsecount="0"/>
      <line num="211" count="3" type="stmt"/>
      <line num="213" count="3" type="cond" truecount="1" falsecount="0"/>
      <line num="215" count="2" type="stmt"/>
      <line num="216" count="2" type="stmt"/>
      <line num="217" count="2" type="cond" truecount="0" falsecount="1"/>
      <line num="218" count="0" type="stmt"/>
      <line num="219" count="0" type="stmt"/>
      <line num="220" count="2" type="stmt"/>
      <line num="221" count="2" type="stmt"/>
      <line num="222" count="2" type="stmt"/>
      <line num="224" count="2" type="cond" truecount="0" falsecount="2"/>
      <line num="225" count="0" type="stmt"/>
      <line num="226" count="0" type="stmt"/>
      <line num="227" count="2" type="cond" truecount="0" falsecount="2"/>
      <line num="228" count="0" type="stmt"/>
      <line num="229" count="0" type="stmt"/>
      <line num="230" count="2" type="cond" truecount="0" falsecount="2"/>
      <line num="231" count="0" type="stmt"/>
      <line num="232" count="0" type="stmt"/>
      <line num="233" count="2" type="cond" truecount="0" falsecount="2"/>
      <line num="234" count="0" type="stmt"/>
      <line num="235" count="0" type="stmt"/>
      <line num="236" count="2" type="stmt"/>
      <line num="237" count="2" type="stmt"/>
      <line num="238" count="2" type="stmt"/>
      <line num="239" count="2" type="stmt"/>
      <line num="240" count="2" type="stmt"/>
      <line num="241" count="2" type="stmt"/>
      <line num="242" count="3" type="cond" truecount="1" falsecount="0"/>
      <line num="244" count="1" type="stmt"/>
      <line num="245" count="1" type="cond" truecount="0" falsecount="1"/>
      <line num="246" count="1" type="stmt"/>
      <line num="247" count="1" type="stmt"/>
      <line num="248" count="1" type="stmt"/>
      <line num="249" count="1" type="stmt"/>
      <line num="250" count="1" type="stmt"/>
      <line num="252" count="3" type="stmt"/>
      <line num="253" count="3" type="stmt"/>
      <line num="254" count="3" type="stmt"/>
      <line num="255" count="3" type="cond" truecount="1" falsecount="0"/>
      <line num="256" count="2" type="cond" truecount="1" falsecount="0"/>
      <line num="257" count="1" type="stmt"/>
      <line num="258" count="3" type="stmt"/>
      <line num="259" count="3" type="stmt"/>
      <line num="261" count="10" type="cond" truecount="1" falsecount="0"/>
      <line num="262" count="1" type="stmt"/>
      <line num="263" count="1" type="stmt"/>
      <line num="264" count="1" type="stmt"/>
      <line num="265" count="1" type="stmt"/>
      <line num="266" count="1" type="stmt"/>
      <line num="267" count="1" type="stmt"/>
      <line num="268" count="1" type="stmt"/>
      <line num="269" count="1" type="stmt"/>
      <line num="270" count="1" type="stmt"/>
      <line num="272" count="10" type="cond" truecount="1" falsecount="0"/>
      <line num="274" count="3" type="cond" truecount="2" falsecount="0"/>
      <line num="275" count="2" type="stmt"/>
      <line num="276" count="2" type="stmt"/>
      <line num="277" count="2" type="stmt"/>
      <line num="278" count="2" type="stmt"/>
      <line num="279" count="2" type="stmt"/>
      <line num="281" count="10" type="stmt"/>
      <line num="282" count="10" type="stmt"/>
      <line num="283" count="10" type="stmt"/>
      <line num="285" count="1" type="cond" truecount="1" falsecount="0"/>
      <line num="286" count="5" type="stmt"/>
      <line num="287" count="5" type="stmt"/>
      <line num="288" count="5" type="stmt"/>
      <line num="289" count="5" type="stmt"/>
      <line num="290" count="5" type="cond" truecount="3" falsecount="0"/>
      <line num="291" count="5" type="cond" truecount="2" falsecount="0"/>
      <line num="292" count="2" type="stmt"/>
      <line num="293" count="2" type="stmt"/>
      <line num="295" count="1" type="cond" truecount="1" falsecount="0"/>
      <line num="296" count="7" type="cond" truecount="2" falsecount="0"/>
      <line num="297" count="7" type="cond" truecount="2" falsecount="0"/>
      <line num="298" count="6" type="stmt"/>
      <line num="299" count="6" type="stmt"/>
      <line num="301" count="7" type="cond" truecount="1" falsecount="0"/>
      <line num="302" count="7" type="cond" truecount="1" falsecount="0"/>
      <line num="303" count="7" type="stmt"/>
      <line num="311" count="1" type="cond" truecount="1" falsecount="0"/>
      <line num="314" count="9" type="stmt"/>
      <line num="315" count="9" type="stmt"/>
      <line num="316" count="9" type="cond" truecount="2" falsecount="0"/>
      <line num="318" count="8" type="stmt"/>
      <line num="319" count="8" type="stmt"/>
      <line num="320" count="8" type="stmt"/>
      <line num="321" count="9" type="cond" truecount="1" falsecount="1"/>
      <line num="323" count="9" type="stmt"/>
      <line num="324" count="9" type="stmt"/>
      <line num="325" count="9" type="stmt"/>
      <line num="326" count="9" type="cond" truecount="1" falsecount="0"/>
      <line num="327" count="6" type="cond" truecount="1" falsecount="0"/>
      <line num="328" count="6" type="cond" truecount="1" falsecount="0"/>
      <line num="329" count="6" type="cond" truecount="1" falsecount="0"/>
      <line num="330" count="5" type="stmt"/>
      <line num="331" count="9" type="cond" truecount="1" falsecount="0"/>
      <line num="332" count="2" type="stmt"/>
      <line num="333" count="2" type="cond" truecount="1" falsecount="0"/>
      <line num="334" count="5" type="stmt"/>
      <line num="335" count="9" type="cond" truecount="3" falsecount="0"/>
      <line num="336" count="1" type="cond" truecount="1" falsecount="0"/>
      <line num="337" count="4" type="stmt"/>
      <line num="338" count="9" type="stmt"/>
      <line num="339" count="9" type="stmt"/>
      <line num="340" count="9" type="stmt"/>
      <line num="341" count="9" type="stmt"/>
      <line num="342" count="9" type="stmt"/>
      <line num="343" count="9" type="stmt"/>
      <line num="344" count="9" type="stmt"/>
      <line num="345" count="9" type="stmt"/>
      <line num="346" count="9" type="stmt"/>
      <line num="347" count="9" type="cond" truecount="1" falsecount="0"/>
      <line num="348" count="1" type="stmt"/>
      <line num="349" count="1" type="stmt"/>
      <line num="350" count="9" type="stmt"/>
      <line num="365" count="1" type="cond" truecount="1" falsecount="0"/>
      <line num="367" count="5" type="stmt"/>
      <line num="368" count="5" type="stmt"/>
      <line num="369" count="5" type="cond" truecount="2" falsecount="0"/>
      <line num="371" count="4" type="stmt"/>
      <line num="372" count="4" type="stmt"/>
      <line num="373" count="5" type="cond" truecount="1" falsecount="1"/>
      <line num="375" count="5" type="stmt"/>
      <line num="376" count="5" type="stmt"/>
      <line num="377" count="5" type="stmt"/>
      <line num="378" count="5" type="cond" truecount="1" falsecount="0"/>
      <line num="379" count="3" type="cond" truecount="1" falsecount="0"/>
      <line num="380" count="3" type="cond" truecount="1" falsecount="0"/>
      <line num="381" count="2" type="stmt"/>
      <line num="382" count="5" type="cond" truecount="1" falsecount="0"/>
      <line num="383" count="2" type="stmt"/>
      <line num="384" count="2" type="cond" truecount="1" falsecount="0"/>
      <line num="385" count="1" type="stmt"/>
      <line num="386" count="1" type="stmt"/>
      <line num="387" count="1" type="stmt"/>
      <line num="388" count="1" type="stmt"/>
      <line num="389" count="1" type="stmt"/>
      <line num="390" count="1" type="stmt"/>
      <line num="391" count="5" type="stmt"/>
    </file>
    <file name="chat-service.ts" path="/home/ifernandes/Projetos/zetel/lib/chat-service.ts">
      <metrics statements="91" coveredstatements="0" conditionals="1" coveredconditionals="0" methods="1" coveredmethods="0"/>
      <line num="1" count="0" type="cond" truecount="0" falsecount="1"/>
      <line num="4" count="0" type="stmt"/>
      <line num="17" count="0" type="stmt"/>
      <line num="18" count="0" type="stmt"/>
      <line num="19" count="0" type="stmt"/>
      <line num="20" count="0" type="stmt"/>
      <line num="21" count="0" type="stmt"/>
      <line num="22" count="0" type="stmt"/>
      <line num="23" count="0" type="stmt"/>
      <line num="24" count="0" type="stmt"/>
      <line num="26" count="0" type="stmt"/>
      <line num="27" count="0" type="stmt"/>
      <line num="28" count="0" type="stmt"/>
      <line num="29" count="0" type="stmt"/>
      <line num="30" count="0" type="stmt"/>
      <line num="31" count="0" type="stmt"/>
      <line num="32" count="0" type="stmt"/>
      <line num="33" count="0" type="stmt"/>
      <line num="34" count="0" type="stmt"/>
      <line num="35" count="0" type="stmt"/>
      <line num="36" count="0" type="stmt"/>
      <line num="37" count="0" type="stmt"/>
      <line num="40" count="0" type="stmt"/>
      <line num="41" count="0" type="stmt"/>
      <line num="42" count="0" type="stmt"/>
      <line num="43" count="0" type="stmt"/>
      <line num="44" count="0" type="stmt"/>
      <line num="45" count="0" type="stmt"/>
      <line num="46" count="0" type="stmt"/>
      <line num="47" count="0" type="stmt"/>
      <line num="50" count="0" type="stmt"/>
      <line num="51" count="0" type="stmt"/>
      <line num="52" count="0" type="stmt"/>
      <line num="53" count="0" type="stmt"/>
      <line num="54" count="0" type="stmt"/>
      <line num="55" count="0" type="stmt"/>
      <line num="56" count="0" type="stmt"/>
      <line num="57" count="0" type="stmt"/>
      <line num="59" count="0" type="stmt"/>
      <line num="60" count="0" type="stmt"/>
      <line num="61" count="0" type="stmt"/>
      <line num="62" count="0" type="stmt"/>
      <line num="64" count="0" type="stmt"/>
      <line num="65" count="0" type="stmt"/>
      <line num="66" count="0" type="stmt"/>
      <line num="67" count="0" type="stmt"/>
      <line num="68" count="0" type="stmt"/>
      <line num="69" count="0" type="stmt"/>
      <line num="71" count="0" type="stmt"/>
      <line num="72" count="0" type="stmt"/>
      <line num="73" count="0" type="stmt"/>
      <line num="74" count="0" type="stmt"/>
      <line num="75" count="0" type="stmt"/>
      <line num="76" count="0" type="stmt"/>
      <line num="77" count="0" type="stmt"/>
      <line num="78" count="0" type="stmt"/>
      <line num="79" count="0" type="stmt"/>
      <line num="80" count="0" type="stmt"/>
      <line num="81" count="0" type="stmt"/>
      <line num="82" count="0" type="stmt"/>
      <line num="83" count="0" type="stmt"/>
      <line num="86" count="0" type="stmt"/>
      <line num="87" count="0" type="stmt"/>
      <line num="88" count="0" type="stmt"/>
      <line num="89" count="0" type="stmt"/>
      <line num="90" count="0" type="stmt"/>
      <line num="91" count="0" type="stmt"/>
      <line num="92" count="0" type="stmt"/>
      <line num="93" count="0" type="stmt"/>
      <line num="94" count="0" type="stmt"/>
      <line num="95" count="0" type="stmt"/>
      <line num="96" count="0" type="stmt"/>
      <line num="97" count="0" type="stmt"/>
      <line num="98" count="0" type="stmt"/>
      <line num="100" count="0" type="stmt"/>
      <line num="101" count="0" type="stmt"/>
      <line num="102" count="0" type="stmt"/>
      <line num="103" count="0" type="stmt"/>
      <line num="106" count="0" type="stmt"/>
      <line num="107" count="0" type="stmt"/>
      <line num="108" count="0" type="stmt"/>
      <line num="109" count="0" type="stmt"/>
      <line num="110" count="0" type="stmt"/>
      <line num="111" count="0" type="stmt"/>
      <line num="112" count="0" type="stmt"/>
      <line num="113" count="0" type="stmt"/>
      <line num="115" count="0" type="stmt"/>
      <line num="116" count="0" type="stmt"/>
      <line num="119" count="0" type="stmt"/>
      <line num="120" count="0" type="stmt"/>
      <line num="121" count="0" type="stmt"/>
    </file>
    <file name="format-utils.ts" path="/home/ifernandes/Projetos/zetel/lib/format-utils.ts">
      <metrics statements="8" coveredstatements="8" conditionals="6" coveredconditionals="6" methods="1" coveredmethods="1"/>
      <line num="2" count="1" type="cond" truecount="1" falsecount="0"/>
      <line num="3" count="10" type="cond" truecount="2" falsecount="0"/>
      <line num="4" count="10" type="cond" truecount="2" falsecount="0"/>
      <line num="5" count="6" type="stmt"/>
      <line num="6" count="10" type="cond" truecount="1" falsecount="0"/>
      <line num="7" count="3" type="stmt"/>
      <line num="8" count="3" type="stmt"/>
      <line num="9" count="3" type="stmt"/>
    </file>
    <file name="ingestao-service.ts" path="/home/ifernandes/Projetos/zetel/lib/ingestao-service.ts">
      <metrics statements="413" coveredstatements="112" conditionals="40" coveredconditionals="34" methods="24" coveredmethods="10"/>
      <line num="2" count="1" type="stmt"/>
      <line num="3" count="1" type="stmt"/>
      <line num="11" count="1" type="stmt"/>
      <line num="12" count="1" type="stmt"/>
      <line num="13" count="1" type="stmt"/>
      <line num="14" count="1" type="stmt"/>
      <line num="15" count="1" type="stmt"/>
      <line num="16" count="1" type="stmt"/>
      <line num="19" count="1" type="stmt"/>
      <line num="20" count="1" type="stmt"/>
      <line num="21" count="1" type="stmt"/>
      <line num="39" count="1" type="stmt"/>
      <line num="41" count="1" type="stmt"/>
      <line num="43" count="1" type="stmt"/>
      <line num="44" count="1" type="stmt"/>
      <line num="66" count="0" type="stmt"/>
      <line num="67" count="0" type="stmt"/>
      <line num="68" count="0" type="stmt"/>
      <line num="69" count="0" type="stmt"/>
      <line num="70" count="0" type="stmt"/>
      <line num="71" count="0" type="stmt"/>
      <line num="72" count="0" type="stmt"/>
      <line num="73" count="0" type="stmt"/>
      <line num="74" count="0" type="stmt"/>
      <line num="75" count="0" type="stmt"/>
      <line num="76" count="0" type="stmt"/>
      <line num="77" count="0" type="stmt"/>
      <line num="78" count="0" type="stmt"/>
      <line num="80" count="0" type="stmt"/>
      <line num="81" count="0" type="stmt"/>
      <line num="82" count="0" type="stmt"/>
      <line num="84" count="0" type="stmt"/>
      <line num="85" count="0" type="stmt"/>
      <line num="86" count="0" type="stmt"/>
      <line num="88" count="1" type="cond" truecount="1" falsecount="0"/>
      <line num="89" count="27" type="stmt"/>
      <line num="90" count="27" type="stmt"/>
      <line num="93" count="0" type="stmt"/>
      <line num="94" count="0" type="stmt"/>
      <line num="95" count="0" type="stmt"/>
      <line num="96" count="0" type="stmt"/>
      <line num="97" count="0" type="stmt"/>
      <line num="98" count="0" type="stmt"/>
      <line num="101" count="1" type="stmt"/>
      <line num="102" count="0" type="stmt"/>
      <line num="103" count="0" type="stmt"/>
      <line num="104" count="0" type="stmt"/>
      <line num="105" count="0" type="stmt"/>
      <line num="106" count="0" type="stmt"/>
      <line num="107" count="0" type="stmt"/>
      <line num="108" count="0" type="stmt"/>
      <line num="109" count="0" type="stmt"/>
      <line num="110" count="0" type="stmt"/>
      <line num="117" count="0" type="stmt"/>
      <line num="118" count="0" type="stmt"/>
      <line num="120" count="0" type="stmt"/>
      <line num="121" count="0" type="stmt"/>
      <line num="122" count="0" type="stmt"/>
      <line num="123" count="0" type="stmt"/>
      <line num="124" count="0" type="stmt"/>
      <line num="125" count="0" type="stmt"/>
      <line num="127" count="0" type="stmt"/>
      <line num="128" count="0" type="stmt"/>
      <line num="139" count="1" type="stmt"/>
      <line num="140" count="0" type="stmt"/>
      <line num="141" count="0" type="stmt"/>
      <line num="142" count="0" type="stmt"/>
      <line num="143" count="0" type="stmt"/>
      <line num="144" count="0" type="stmt"/>
      <line num="145" count="0" type="stmt"/>
      <line num="147" count="0" type="stmt"/>
      <line num="148" count="0" type="stmt"/>
      <line num="149" count="0" type="stmt"/>
      <line num="151" count="0" type="stmt"/>
      <line num="152" count="0" type="stmt"/>
      <line num="154" count="0" type="stmt"/>
      <line num="155" count="0" type="stmt"/>
      <line num="156" count="0" type="stmt"/>
      <line num="157" count="0" type="stmt"/>
      <line num="159" count="0" type="stmt"/>
      <line num="160" count="0" type="stmt"/>
      <line num="162" count="0" type="stmt"/>
      <line num="163" count="0" type="stmt"/>
      <line num="164" count="0" type="stmt"/>
      <line num="165" count="0" type="stmt"/>
      <line num="167" count="0" type="stmt"/>
      <line num="168" count="0" type="stmt"/>
      <line num="170" count="0" type="stmt"/>
      <line num="171" count="0" type="stmt"/>
      <line num="172" count="0" type="stmt"/>
      <line num="175" count="0" type="stmt"/>
      <line num="176" count="0" type="stmt"/>
      <line num="177" count="0" type="stmt"/>
      <line num="179" count="0" type="stmt"/>
      <line num="180" count="0" type="stmt"/>
      <line num="181" count="0" type="stmt"/>
      <line num="182" count="0" type="stmt"/>
      <line num="183" count="0" type="stmt"/>
      <line num="191" count="1" type="stmt"/>
      <line num="192" count="0" type="stmt"/>
      <line num="193" count="0" type="stmt"/>
      <line num="194" count="0" type="stmt"/>
      <line num="195" count="0" type="stmt"/>
      <line num="196" count="0" type="stmt"/>
      <line num="197" count="0" type="stmt"/>
      <line num="199" count="0" type="stmt"/>
      <line num="200" count="0" type="stmt"/>
      <line num="201" count="0" type="stmt"/>
      <line num="203" count="0" type="stmt"/>
      <line num="204" count="0" type="stmt"/>
      <line num="205" count="0" type="stmt"/>
      <line num="206" count="0" type="stmt"/>
      <line num="208" count="0" type="stmt"/>
      <line num="209" count="0" type="stmt"/>
      <line num="210" count="0" type="stmt"/>
      <line num="211" count="0" type="stmt"/>
      <line num="212" count="0" type="stmt"/>
      <line num="215" count="0" type="stmt"/>
      <line num="216" count="0" type="stmt"/>
      <line num="217" count="0" type="stmt"/>
      <line num="219" count="0" type="stmt"/>
      <line num="220" count="0" type="stmt"/>
      <line num="221" count="0" type="stmt"/>
      <line num="222" count="0" type="stmt"/>
      <line num="223" count="0" type="stmt"/>
      <line num="224" count="0" type="stmt"/>
      <line num="225" count="0" type="stmt"/>
      <line num="226" count="0" type="stmt"/>
      <line num="227" count="0" type="stmt"/>
      <line num="228" count="0" type="stmt"/>
      <line num="229" count="0" type="stmt"/>
      <line num="231" count="0" type="stmt"/>
      <line num="232" count="0" type="stmt"/>
      <line num="233" count="0" type="stmt"/>
      <line num="234" count="0" type="stmt"/>
      <line num="235" count="0" type="stmt"/>
      <line num="242" count="1" type="stmt"/>
      <line num="243" count="0" type="stmt"/>
      <line num="244" count="0" type="stmt"/>
      <line num="245" count="0" type="stmt"/>
      <line num="246" count="0" type="stmt"/>
      <line num="247" count="0" type="stmt"/>
      <line num="249" count="0" type="stmt"/>
      <line num="250" count="0" type="stmt"/>
      <line num="251" count="0" type="stmt"/>
      <line num="252" count="0" type="stmt"/>
      <line num="254" count="0" type="stmt"/>
      <line num="255" count="0" type="stmt"/>
      <line num="256" count="0" type="stmt"/>
      <line num="258" count="0" type="stmt"/>
      <line num="259" count="0" type="stmt"/>
      <line num="260" count="0" type="stmt"/>
      <line num="261" count="0" type="stmt"/>
      <line num="262" count="0" type="stmt"/>
      <line num="263" count="0" type="stmt"/>
      <line num="265" count="0" type="stmt"/>
      <line num="266" count="0" type="stmt"/>
      <line num="273" count="1" type="stmt"/>
      <line num="274" count="0" type="stmt"/>
      <line num="275" count="0" type="stmt"/>
      <line num="276" count="0" type="stmt"/>
      <line num="277" count="0" type="stmt"/>
      <line num="278" count="0" type="stmt"/>
      <line num="279" count="0" type="stmt"/>
      <line num="281" count="0" type="stmt"/>
      <line num="282" count="0" type="stmt"/>
      <line num="283" count="0" type="stmt"/>
      <line num="284" count="0" type="stmt"/>
      <line num="285" count="0" type="stmt"/>
      <line num="286" count="0" type="stmt"/>
      <line num="288" count="0" type="stmt"/>
      <line num="289" count="0" type="stmt"/>
      <line num="290" count="0" type="stmt"/>
      <line num="291" count="0" type="stmt"/>
      <line num="293" count="0" type="stmt"/>
      <line num="294" count="0" type="stmt"/>
      <line num="295" count="0" type="stmt"/>
      <line num="296" count="0" type="stmt"/>
      <line num="297" count="0" type="stmt"/>
      <line num="299" count="0" type="stmt"/>
      <line num="300" count="0" type="stmt"/>
      <line num="303" count="0" type="stmt"/>
      <line num="304" count="0" type="stmt"/>
      <line num="305" count="0" type="stmt"/>
      <line num="306" count="0" type="stmt"/>
      <line num="307" count="0" type="stmt"/>
      <line num="309" count="0" type="stmt"/>
      <line num="310" count="0" type="stmt"/>
      <line num="312" count="0" type="stmt"/>
      <line num="313" count="0" type="stmt"/>
      <line num="326" count="0" type="stmt"/>
      <line num="327" count="0" type="stmt"/>
      <line num="328" count="0" type="stmt"/>
      <line num="329" count="0" type="stmt"/>
      <line num="330" count="0" type="stmt"/>
      <line num="331" count="0" type="stmt"/>
      <line num="332" count="0" type="stmt"/>
      <line num="333" count="0" type="stmt"/>
      <line num="334" count="0" type="stmt"/>
      <line num="335" count="0" type="stmt"/>
      <line num="336" count="0" type="stmt"/>
      <line num="337" count="0" type="stmt"/>
      <line num="340" count="1" type="stmt"/>
      <line num="341" count="0" type="stmt"/>
      <line num="342" count="0" type="stmt"/>
      <line num="343" count="0" type="stmt"/>
      <line num="344" count="0" type="stmt"/>
      <line num="345" count="0" type="stmt"/>
      <line num="346" count="0" type="stmt"/>
      <line num="353" count="1" type="cond" truecount="1" falsecount="0"/>
      <line num="354" count="163" type="stmt"/>
      <line num="355" count="163" type="cond" truecount="4" falsecount="0"/>
      <line num="356" count="86" type="cond" truecount="2" falsecount="0"/>
      <line num="357" count="1" type="stmt"/>
      <line num="358" count="1" type="stmt"/>
      <line num="360" count="23" type="cond" truecount="1" falsecount="0"/>
      <line num="361" count="23" type="stmt"/>
      <line num="362" count="23" type="cond" truecount="0" falsecount="1"/>
      <line num="363" count="23" type="stmt"/>
      <line num="365" count="23" type="cond" truecount="1" falsecount="0"/>
      <line num="366" count="23" type="stmt"/>
      <line num="367" count="23" type="stmt"/>
      <line num="388" count="1" type="cond" truecount="1" falsecount="0"/>
      <line num="389" count="12" type="cond" truecount="2" falsecount="0"/>
      <line num="390" count="2" type="stmt"/>
      <line num="391" count="2" type="stmt"/>
      <line num="392" count="12" type="stmt"/>
      <line num="393" count="12" type="stmt"/>
      <line num="399" count="1" type="cond" truecount="1" falsecount="0"/>
      <line num="400" count="12" type="stmt"/>
      <line num="401" count="12" type="stmt"/>
      <line num="402" count="12" type="stmt"/>
      <line num="403" count="12" type="stmt"/>
      <line num="404" count="12" type="stmt"/>
      <line num="406" count="12" type="stmt"/>
      <line num="407" count="12" type="stmt"/>
      <line num="413" count="1" type="cond" truecount="1" falsecount="0"/>
      <line num="414" count="10" type="cond" truecount="1" falsecount="0"/>
      <line num="415" count="16" type="cond" truecount="1" falsecount="0"/>
      <line num="416" count="16" type="cond" truecount="1" falsecount="0"/>
      <line num="417" count="13" type="stmt"/>
      <line num="418" count="13" type="stmt"/>
      <line num="419" count="13" type="cond" truecount="1" falsecount="0"/>
      <line num="420" count="16" type="cond" truecount="1" falsecount="0"/>
      <line num="421" count="4" type="stmt"/>
      <line num="422" count="4" type="cond" truecount="1" falsecount="0"/>
      <line num="423" count="3" type="stmt"/>
      <line num="424" count="3" type="stmt"/>
      <line num="425" count="3" type="stmt"/>
      <line num="426" count="4" type="cond" truecount="0" falsecount="1"/>
      <line num="427" count="16" type="stmt"/>
      <line num="428" count="10" type="stmt"/>
      <line num="436" count="1" type="cond" truecount="1" falsecount="0"/>
      <line num="437" count="7" type="stmt"/>
      <line num="438" count="7" type="stmt"/>
      <line num="439" count="7" type="stmt"/>
      <line num="440" count="7" type="stmt"/>
      <line num="441" count="7" type="stmt"/>
      <line num="442" count="7" type="stmt"/>
      <line num="443" count="7" type="stmt"/>
      <line num="444" count="7" type="stmt"/>
      <line num="448" count="7" type="cond" truecount="1" falsecount="0"/>
      <line num="449" count="11" type="stmt"/>
      <line num="450" count="11" type="cond" truecount="0" falsecount="1"/>
      <line num="451" count="11" type="cond" truecount="0" falsecount="1"/>
      <line num="452" count="11" type="stmt"/>
      <line num="453" count="11" type="stmt"/>
      <line num="454" count="11" type="stmt"/>
      <line num="456" count="7" type="cond" truecount="1" falsecount="0"/>
      <line num="458" count="7" type="cond" truecount="1" falsecount="0"/>
      <line num="459" count="23" type="cond" truecount="3" falsecount="0"/>
      <line num="461" count="11" type="cond" truecount="2" falsecount="0"/>
      <line num="462" count="3" type="stmt"/>
      <line num="463" count="3" type="stmt"/>
      <line num="464" count="3" type="stmt"/>
      <line num="465" count="11" type="stmt"/>
      <line num="466" count="11" type="stmt"/>
      <line num="467" count="11" type="stmt"/>
      <line num="468" count="11" type="cond" truecount="0" falsecount="1"/>
      <line num="469" count="11" type="stmt"/>
      <line num="470" count="11" type="stmt"/>
      <line num="471" count="11" type="stmt"/>
      <line num="472" count="11" type="stmt"/>
      <line num="473" count="23" type="cond" truecount="1" falsecount="0"/>
      <line num="474" count="12" type="cond" truecount="0" falsecount="1"/>
      <line num="475" count="12" type="stmt"/>
      <line num="476" count="12" type="stmt"/>
      <line num="477" count="12" type="stmt"/>
      <line num="479" count="23" type="cond" truecount="1" falsecount="0"/>
      <line num="480" count="2" type="stmt"/>
      <line num="481" count="2" type="stmt"/>
      <line num="482" count="2" type="stmt"/>
      <line num="483" count="23" type="stmt"/>
      <line num="484" count="7" type="cond" truecount="2" falsecount="0"/>
      <line num="486" count="7" type="stmt"/>
      <line num="487" count="7" type="stmt"/>
      <line num="490" count="0" type="stmt"/>
      <line num="491" count="0" type="stmt"/>
      <line num="492" count="0" type="stmt"/>
      <line num="493" count="0" type="stmt"/>
      <line num="494" count="0" type="stmt"/>
      <line num="495" count="0" type="stmt"/>
      <line num="496" count="0" type="stmt"/>
      <line num="497" count="0" type="stmt"/>
      <line num="498" count="0" type="stmt"/>
      <line num="499" count="0" type="stmt"/>
      <line num="500" count="0" type="stmt"/>
      <line num="502" count="0" type="stmt"/>
      <line num="503" count="0" type="stmt"/>
      <line num="504" count="0" type="stmt"/>
      <line num="505" count="0" type="stmt"/>
      <line num="506" count="0" type="stmt"/>
      <line num="508" count="0" type="stmt"/>
      <line num="509" count="0" type="stmt"/>
      <line num="510" count="0" type="stmt"/>
      <line num="511" count="0" type="stmt"/>
      <line num="512" count="0" type="stmt"/>
      <line num="514" count="0" type="stmt"/>
      <line num="515" count="0" type="stmt"/>
      <line num="516" count="0" type="stmt"/>
      <line num="517" count="0" type="stmt"/>
      <line num="518" count="0" type="stmt"/>
      <line num="520" count="0" type="stmt"/>
      <line num="521" count="0" type="stmt"/>
      <line num="522" count="0" type="stmt"/>
      <line num="523" count="0" type="stmt"/>
      <line num="526" count="0" type="stmt"/>
      <line num="527" count="0" type="stmt"/>
      <line num="528" count="0" type="stmt"/>
      <line num="529" count="0" type="stmt"/>
      <line num="530" count="0" type="stmt"/>
      <line num="531" count="0" type="stmt"/>
      <line num="532" count="0" type="stmt"/>
      <line num="533" count="0" type="stmt"/>
      <line num="534" count="0" type="stmt"/>
      <line num="535" count="0" type="stmt"/>
      <line num="536" count="0" type="stmt"/>
      <line num="543" count="1" type="stmt"/>
      <line num="544" count="0" type="stmt"/>
      <line num="545" count="0" type="stmt"/>
      <line num="546" count="0" type="stmt"/>
      <line num="547" count="0" type="stmt"/>
      <line num="548" count="0" type="stmt"/>
      <line num="550" count="0" type="stmt"/>
      <line num="551" count="0" type="stmt"/>
      <line num="552" count="0" type="stmt"/>
      <line num="555" count="0" type="stmt"/>
      <line num="556" count="0" type="stmt"/>
      <line num="557" count="0" type="stmt"/>
      <line num="558" count="0" type="stmt"/>
      <line num="561" count="0" type="stmt"/>
      <line num="562" count="0" type="stmt"/>
      <line num="564" count="0" type="stmt"/>
      <line num="565" count="0" type="stmt"/>
      <line num="566" count="0" type="stmt"/>
      <line num="567" count="0" type="stmt"/>
      <line num="568" count="0" type="stmt"/>
      <line num="569" count="0" type="stmt"/>
      <line num="570" count="0" type="stmt"/>
      <line num="571" count="0" type="stmt"/>
      <line num="572" count="0" type="stmt"/>
      <line num="573" count="0" type="stmt"/>
      <line num="574" count="0" type="stmt"/>
      <line num="575" count="0" type="stmt"/>
      <line num="576" count="0" type="stmt"/>
      <line num="580" count="0" type="stmt"/>
      <line num="581" count="0" type="stmt"/>
      <line num="582" count="0" type="stmt"/>
      <line num="584" count="0" type="stmt"/>
      <line num="585" count="0" type="stmt"/>
      <line num="586" count="0" type="stmt"/>
      <line num="587" count="0" type="stmt"/>
      <line num="590" count="0" type="stmt"/>
      <line num="591" count="0" type="stmt"/>
      <line num="592" count="0" type="stmt"/>
      <line num="593" count="0" type="stmt"/>
      <line num="595" count="0" type="stmt"/>
      <line num="596" count="0" type="stmt"/>
      <line num="597" count="0" type="stmt"/>
      <line num="598" count="0" type="stmt"/>
      <line num="601" count="0" type="stmt"/>
      <line num="602" count="0" type="stmt"/>
      <line num="603" count="0" type="stmt"/>
      <line num="604" count="0" type="stmt"/>
      <line num="605" count="0" type="stmt"/>
      <line num="606" count="0" type="stmt"/>
      <line num="607" count="0" type="stmt"/>
      <line num="608" count="0" type="stmt"/>
      <line num="610" count="0" type="stmt"/>
      <line num="611" count="0" type="stmt"/>
      <line num="612" count="0" type="stmt"/>
      <line num="614" count="0" type="stmt"/>
      <line num="615" count="0" type="stmt"/>
      <line num="616" count="0" type="stmt"/>
      <line num="617" count="0" type="stmt"/>
      <line num="620" count="0" type="stmt"/>
      <line num="622" count="0" type="stmt"/>
      <line num="623" count="0" type="stmt"/>
      <line num="625" count="0" type="stmt"/>
      <line num="626" count="0" type="stmt"/>
      <line num="627" count="0" type="stmt"/>
      <line num="628" count="0" type="stmt"/>
      <line num="629" count="0" type="stmt"/>
      <line num="630" count="0" type="stmt"/>
      <line num="631" count="0" type="stmt"/>
      <line num="633" count="0" type="stmt"/>
      <line num="634" count="0" type="stmt"/>
      <line num="635" count="0" type="stmt"/>
      <line num="636" count="0" type="stmt"/>
      <line num="637" count="0" type="stmt"/>
      <line num="638" count="0" type="stmt"/>
      <line num="639" count="0" type="stmt"/>
      <line num="640" count="0" type="stmt"/>
    </file>
    <file name="model-history.ts" path="/home/ifernandes/Projetos/zetel/lib/model-history.ts">
      <metrics statements="19" coveredstatements="0" conditionals="1" coveredconditionals="1" methods="1" coveredmethods="1"/>
      <line num="3" count="0" type="stmt"/>
      <line num="5" count="0" type="stmt"/>
      <line num="6" count="0" type="stmt"/>
      <line num="7" count="0" type="stmt"/>
      <line num="8" count="0" type="stmt"/>
      <line num="9" count="0" type="stmt"/>
      <line num="10" count="0" type="stmt"/>
      <line num="11" count="0" type="stmt"/>
      <line num="12" count="0" type="stmt"/>
      <line num="13" count="0" type="stmt"/>
      <line num="14" count="0" type="stmt"/>
      <line num="15" count="0" type="stmt"/>
      <line num="16" count="0" type="stmt"/>
      <line num="19" count="0" type="stmt"/>
      <line num="20" count="0" type="stmt"/>
      <line num="21" count="0" type="stmt"/>
      <line num="22" count="0" type="stmt"/>
      <line num="23" count="0" type="stmt"/>
      <line num="24" count="0" type="stmt"/>
    </file>
    <file name="relative-time.ts" path="/home/ifernandes/Projetos/zetel/lib/relative-time.ts">
      <metrics statements="16" coveredstatements="16" conditionals="10" coveredconditionals="9" methods="1" coveredmethods="1"/>
      <line num="7" count="1" type="stmt"/>
      <line num="8" count="1" type="stmt"/>
      <line num="10" count="1" type="stmt"/>
      <line num="11" count="1" type="stmt"/>
      <line num="12" count="1" type="stmt"/>
      <line num="14" count="1" type="cond" truecount="1" falsecount="0"/>
      <line num="15" count="5" type="stmt"/>
      <line num="16" count="5" type="cond" truecount="2" falsecount="0"/>
      <line num="18" count="4" type="stmt"/>
      <line num="19" count="4" type="stmt"/>
      <line num="21" count="5" type="cond" truecount="2" falsecount="0"/>
      <line num="22" count="5" type="cond" truecount="2" falsecount="0"/>
      <line num="23" count="5" type="cond" truecount="1" falsecount="0"/>
      <line num="24" count="5" type="cond" truecount="1" falsecount="1"/>
      <line num="26" count="1" type="stmt"/>
      <line num="27" count="1" type="stmt"/>
    </file>
    <file name="sanitize.ts" path="/home/ifernandes/Projetos/zetel/lib/sanitize.ts">
      <metrics statements="36" coveredstatements="0" conditionals="1" coveredconditionals="0" methods="1" coveredmethods="0"/>
      <line num="1" count="0" type="cond" truecount="0" falsecount="1"/>
      <line num="10" count="0" type="stmt"/>
      <line num="11" count="0" type="stmt"/>
      <line num="12" count="0" type="stmt"/>
      <line num="13" count="0" type="stmt"/>
      <line num="14" count="0" type="stmt"/>
      <line num="15" count="0" type="stmt"/>
      <line num="16" count="0" type="stmt"/>
      <line num="23" count="0" type="stmt"/>
      <line num="24" count="0" type="stmt"/>
      <line num="25" count="0" type="stmt"/>
      <line num="26" count="0" type="stmt"/>
      <line num="27" count="0" type="stmt"/>
      <line num="40" count="0" type="stmt"/>
      <line num="41" count="0" type="stmt"/>
      <line num="42" count="0" type="stmt"/>
      <line num="43" count="0" type="stmt"/>
      <line num="44" count="0" type="stmt"/>
      <line num="45" count="0" type="stmt"/>
      <line num="46" count="0" type="stmt"/>
      <line num="47" count="0" type="stmt"/>
      <line num="48" count="0" type="stmt"/>
      <line num="49" count="0" type="stmt"/>
      <line num="51" count="0" type="stmt"/>
      <line num="52" count="0" type="stmt"/>
      <line num="53" count="0" type="stmt"/>
      <line num="54" count="0" type="stmt"/>
      <line num="55" count="0" type="stmt"/>
      <line num="56" count="0" type="stmt"/>
      <line num="57" count="0" type="stmt"/>
      <line num="58" count="0" type="stmt"/>
      <line num="59" count="0" type="stmt"/>
      <line num="60" count="0" type="stmt"/>
      <line num="61" count="0" type="stmt"/>
      <line num="62" count="0" type="stmt"/>
      <line num="63" count="0" type="stmt"/>
    </file>
    <file name="source-index.ts" path="/home/ifernandes/Projetos/zetel/lib/source-index.ts">
      <metrics statements="51" coveredstatements="51" conditionals="17" coveredconditionals="16" methods="3" coveredmethods="3"/>
      <line num="2" count="1" type="stmt"/>
      <line num="52" count="1" type="cond" truecount="1" falsecount="0"/>
      <line num="53" count="16" type="stmt"/>
      <line num="54" count="16" type="stmt"/>
      <line num="56" count="16" type="stmt"/>
      <line num="57" count="16" type="cond" truecount="1" falsecount="0"/>
      <line num="59" count="16" type="cond" truecount="1" falsecount="0"/>
      <line num="61" count="16" type="stmt"/>
      <line num="63" count="16" type="cond" truecount="1" falsecount="0"/>
      <line num="64" count="17" type="cond" truecount="1" falsecount="0"/>
      <line num="65" count="21" type="stmt"/>
      <line num="67" count="21" type="cond" truecount="1" falsecount="0"/>
      <line num="68" count="4" type="stmt"/>
      <line num="70" count="4" type="stmt"/>
      <line num="71" count="4" type="stmt"/>
      <line num="72" count="4" type="stmt"/>
      <line num="74" count="21" type="cond" truecount="2" falsecount="0"/>
      <line num="77" count="20" type="cond" truecount="1" falsecount="0"/>
      <line num="79" count="20" type="stmt"/>
      <line num="80" count="20" type="stmt"/>
      <line num="81" count="20" type="stmt"/>
      <line num="82" count="20" type="stmt"/>
      <line num="83" count="21" type="cond" truecount="2" falsecount="0"/>
      <line num="84" count="21" type="stmt"/>
      <line num="85" count="21" type="stmt"/>
      <line num="86" count="21" type="stmt"/>
      <line num="87" count="21" type="stmt"/>
      <line num="88" count="21" type="stmt"/>
      <line num="89" count="21" type="stmt"/>
      <line num="90" count="21" type="stmt"/>
      <line num="91" count="21" type="stmt"/>
      <line num="92" count="21" type="cond" truecount="1" falsecount="1"/>
      <line num="93" count="20" type="stmt"/>
      <line num="94" count="21" type="stmt"/>
      <line num="95" count="17" type="stmt"/>
      <line num="96" count="16" type="stmt"/>
      <line num="98" count="16" type="stmt"/>
      <line num="99" count="16" type="stmt"/>
      <line num="111" count="1" type="cond" truecount="1" falsecount="0"/>
      <line num="112" count="4" type="cond" truecount="1" falsecount="0"/>
      <line num="113" count="4" type="cond" truecount="2" falsecount="0"/>
      <line num="114" count="4" type="stmt"/>
      <line num="115" count="4" type="stmt"/>
      <line num="116" count="4" type="stmt"/>
      <line num="117" count="4" type="stmt"/>
      <line num="118" count="4" type="stmt"/>
      <line num="119" count="4" type="stmt"/>
      <line num="120" count="4" type="stmt"/>
      <line num="121" count="4" type="stmt"/>
      <line num="122" count="4" type="stmt"/>
      <line num="123" count="4" type="stmt"/>
    </file>
    <file name="study-guide-constants.ts" path="/home/ifernandes/Projetos/zetel/lib/study-guide-constants.ts">
      <metrics statements="14" coveredstatements="8" conditionals="0" coveredconditionals="0" methods="2" coveredmethods="0"/>
      <line num="3" count="1" type="stmt"/>
      <line num="4" count="1" type="stmt"/>
      <line num="5" count="1" type="stmt"/>
      <line num="7" count="1" type="stmt"/>
      <line num="8" count="1" type="stmt"/>
      <line num="9" count="1" type="stmt"/>
      <line num="11" count="1" type="stmt"/>
      <line num="12" count="0" type="stmt"/>
      <line num="13" count="0" type="stmt"/>
      <line num="14" count="0" type="stmt"/>
      <line num="16" count="1" type="stmt"/>
      <line num="17" count="0" type="stmt"/>
      <line num="18" count="0" type="stmt"/>
      <line num="19" count="0" type="stmt"/>
    </file>
    <file name="study-guide-service.ts" path="/home/ifernandes/Projetos/zetel/lib/study-guide-service.ts">
      <metrics statements="914" coveredstatements="462" conditionals="116" coveredconditionals="97" methods="56" coveredmethods="36"/>
      <line num="2" count="1" type="stmt"/>
      <line num="3" count="1" type="stmt"/>
      <line num="4" count="1" type="stmt"/>
      <line num="5" count="1" type="stmt"/>
      <line num="6" count="1" type="stmt"/>
      <line num="7" count="1" type="stmt"/>
      <line num="8" count="1" type="stmt"/>
      <line num="15" count="1" type="stmt"/>
      <line num="16" count="1" type="stmt"/>
      <line num="17" count="1" type="stmt"/>
      <line num="24" count="1" type="stmt"/>
      <line num="52" count="1" type="stmt"/>
      <line num="53" count="1" type="stmt"/>
      <line num="54" count="1" type="stmt"/>
      <line num="56" count="1" type="stmt"/>
      <line num="145" count="1" type="stmt"/>
      <line num="146" count="1" type="stmt"/>
      <line num="147" count="1" type="stmt"/>
      <line num="148" count="1" type="stmt"/>
      <line num="149" count="1" type="stmt"/>
      <line num="150" count="1" type="stmt"/>
      <line num="151" count="1" type="stmt"/>
      <line num="152" count="1" type="stmt"/>
      <line num="153" count="1" type="stmt"/>
      <line num="154" count="1" type="stmt"/>
      <line num="155" count="1" type="stmt"/>
      <line num="192" count="1" type="stmt"/>
      <line num="193" count="0" type="stmt"/>
      <line num="194" count="0" type="stmt"/>
      <line num="195" count="0" type="stmt"/>
      <line num="196" count="0" type="stmt"/>
      <line num="197" count="0" type="stmt"/>
      <line num="198" count="1" type="cond" truecount="1" falsecount="0"/>
      <line num="199" count="5" type="stmt"/>
      <line num="200" count="5" type="stmt"/>
      <line num="209" count="1" type="stmt"/>
      <line num="210" count="0" type="stmt"/>
      <line num="211" count="0" type="stmt"/>
      <line num="212" count="0" type="stmt"/>
      <line num="213" count="0" type="stmt"/>
      <line num="214" count="0" type="stmt"/>
      <line num="215" count="0" type="stmt"/>
      <line num="216" count="0" type="stmt"/>
      <line num="228" count="1" type="stmt"/>
      <line num="229" count="0" type="stmt"/>
      <line num="230" count="0" type="stmt"/>
      <line num="231" count="0" type="stmt"/>
      <line num="233" count="0" type="stmt"/>
      <line num="234" count="0" type="stmt"/>
      <line num="236" count="0" type="stmt"/>
      <line num="237" count="0" type="stmt"/>
      <line num="238" count="0" type="stmt"/>
      <line num="239" count="0" type="stmt"/>
      <line num="240" count="0" type="stmt"/>
      <line num="241" count="0" type="stmt"/>
      <line num="246" count="0" type="stmt"/>
      <line num="247" count="0" type="stmt"/>
      <line num="248" count="0" type="stmt"/>
      <line num="249" count="0" type="stmt"/>
      <line num="251" count="0" type="stmt"/>
      <line num="252" count="0" type="stmt"/>
      <line num="254" count="0" type="stmt"/>
      <line num="255" count="0" type="stmt"/>
      <line num="256" count="0" type="stmt"/>
      <line num="257" count="0" type="stmt"/>
      <line num="258" count="0" type="stmt"/>
      <line num="259" count="0" type="stmt"/>
      <line num="260" count="0" type="stmt"/>
      <line num="261" count="0" type="stmt"/>
      <line num="262" count="0" type="stmt"/>
      <line num="264" count="1" type="cond" truecount="1" falsecount="0"/>
      <line num="265" count="3" type="stmt"/>
      <line num="266" count="3" type="stmt"/>
      <line num="267" count="3" type="stmt"/>
      <line num="268" count="3" type="stmt"/>
      <line num="269" count="3" type="cond" truecount="2" falsecount="0"/>
      <line num="270" count="2" type="stmt"/>
      <line num="271" count="2" type="stmt"/>
      <line num="272" count="3" type="cond" truecount="1" falsecount="0"/>
      <line num="273" count="1" type="stmt"/>
      <line num="274" count="1" type="stmt"/>
      <line num="275" count="3" type="stmt"/>
      <line num="277" count="1" type="cond" truecount="1" falsecount="0"/>
      <line num="278" count="4" type="stmt"/>
      <line num="279" count="4" type="stmt"/>
      <line num="280" count="4" type="stmt"/>
      <line num="281" count="4" type="cond" truecount="2" falsecount="0"/>
      <line num="282" count="4" type="cond" truecount="1" falsecount="0"/>
      <line num="283" count="4" type="stmt"/>
      <line num="299" count="0" type="stmt"/>
      <line num="300" count="0" type="stmt"/>
      <line num="301" count="0" type="stmt"/>
      <line num="302" count="0" type="stmt"/>
      <line num="303" count="0" type="stmt"/>
      <line num="304" count="0" type="stmt"/>
      <line num="305" count="0" type="stmt"/>
      <line num="306" count="0" type="stmt"/>
      <line num="307" count="0" type="stmt"/>
      <line num="309" count="0" type="stmt"/>
      <line num="310" count="0" type="stmt"/>
      <line num="311" count="0" type="stmt"/>
      <line num="313" count="0" type="stmt"/>
      <line num="314" count="0" type="stmt"/>
      <line num="315" count="0" type="stmt"/>
      <line num="317" count="0" type="stmt"/>
      <line num="318" count="0" type="stmt"/>
      <line num="319" count="0" type="stmt"/>
      <line num="321" count="0" type="stmt"/>
      <line num="322" count="0" type="stmt"/>
      <line num="324" count="0" type="stmt"/>
      <line num="325" count="0" type="stmt"/>
      <line num="326" count="0" type="stmt"/>
      <line num="327" count="0" type="stmt"/>
      <line num="329" count="0" type="stmt"/>
      <line num="330" count="0" type="stmt"/>
      <line num="331" count="0" type="stmt"/>
      <line num="332" count="0" type="stmt"/>
      <line num="333" count="0" type="stmt"/>
      <line num="334" count="0" type="stmt"/>
      <line num="335" count="0" type="stmt"/>
      <line num="336" count="0" type="stmt"/>
      <line num="337" count="0" type="stmt"/>
      <line num="339" count="0" type="stmt"/>
      <line num="340" count="0" type="stmt"/>
      <line num="346" count="0" type="stmt"/>
      <line num="347" count="0" type="stmt"/>
      <line num="348" count="0" type="stmt"/>
      <line num="349" count="0" type="stmt"/>
      <line num="350" count="0" type="stmt"/>
      <line num="351" count="0" type="stmt"/>
      <line num="352" count="0" type="stmt"/>
      <line num="354" count="0" type="stmt"/>
      <line num="355" count="0" type="stmt"/>
      <line num="457" count="0" type="stmt"/>
      <line num="458" count="0" type="stmt"/>
      <line num="459" count="0" type="stmt"/>
      <line num="461" count="0" type="stmt"/>
      <line num="462" count="0" type="stmt"/>
      <line num="463" count="0" type="stmt"/>
      <line num="469" count="42" type="cond" truecount="1" falsecount="0"/>
      <line num="470" count="42" type="cond" truecount="1" falsecount="0"/>
      <line num="471" count="42" type="stmt"/>
      <line num="474" count="1" type="cond" truecount="1" falsecount="0"/>
      <line num="475" count="8" type="stmt"/>
      <line num="476" count="8" type="stmt"/>
      <line num="477" count="8" type="cond" truecount="2" falsecount="0"/>
      <line num="478" count="8" type="stmt"/>
      <line num="479" count="8" type="stmt"/>
      <line num="481" count="44" type="cond" truecount="1" falsecount="0"/>
      <line num="482" count="44" type="cond" truecount="2" falsecount="0"/>
      <line num="483" count="44" type="stmt"/>
      <line num="484" count="24" type="cond" truecount="1" falsecount="0"/>
      <line num="485" count="24" type="cond" truecount="1" falsecount="0"/>
      <line num="486" count="24" type="stmt"/>
      <line num="487" count="0" type="stmt"/>
      <line num="488" count="0" type="stmt"/>
      <line num="489" count="0" type="stmt"/>
      <line num="490" count="0" type="stmt"/>
      <line num="491" count="0" type="stmt"/>
      <line num="493" count="0" type="stmt"/>
      <line num="494" count="0" type="stmt"/>
      <line num="495" count="0" type="stmt"/>
      <line num="496" count="0" type="stmt"/>
      <line num="497" count="0" type="stmt"/>
      <line num="498" count="0" type="stmt"/>
      <line num="499" count="0" type="stmt"/>
      <line num="505" count="0" type="stmt"/>
      <line num="506" count="0" type="stmt"/>
      <line num="507" count="0" type="stmt"/>
      <line num="508" count="0" type="stmt"/>
      <line num="509" count="0" type="stmt"/>
      <line num="510" count="0" type="stmt"/>
      <line num="511" count="0" type="stmt"/>
      <line num="512" count="0" type="stmt"/>
      <line num="513" count="0" type="stmt"/>
      <line num="514" count="0" type="stmt"/>
      <line num="515" count="0" type="stmt"/>
      <line num="516" count="0" type="stmt"/>
      <line num="517" count="0" type="stmt"/>
      <line num="518" count="0" type="stmt"/>
      <line num="519" count="0" type="stmt"/>
      <line num="520" count="0" type="stmt"/>
      <line num="521" count="0" type="stmt"/>
      <line num="522" count="0" type="stmt"/>
      <line num="523" count="0" type="stmt"/>
      <line num="524" count="0" type="stmt"/>
      <line num="525" count="0" type="stmt"/>
      <line num="526" count="0" type="stmt"/>
      <line num="527" count="0" type="stmt"/>
      <line num="528" count="0" type="stmt"/>
      <line num="529" count="0" type="stmt"/>
      <line num="530" count="0" type="stmt"/>
      <line num="531" count="0" type="stmt"/>
      <line num="532" count="0" type="stmt"/>
      <line num="533" count="0" type="stmt"/>
      <line num="534" count="0" type="stmt"/>
      <line num="535" count="0" type="stmt"/>
      <line num="537" count="1" type="cond" truecount="1" falsecount="0"/>
      <line num="538" count="1" type="stmt"/>
      <line num="539" count="0" type="stmt"/>
      <line num="540" count="0" type="stmt"/>
      <line num="541" count="0" type="stmt"/>
      <line num="542" count="0" type="stmt"/>
      <line num="543" count="0" type="stmt"/>
      <line num="544" count="0" type="stmt"/>
      <line num="545" count="0" type="stmt"/>
      <line num="546" count="0" type="stmt"/>
      <line num="547" count="0" type="stmt"/>
      <line num="548" count="0" type="stmt"/>
      <line num="549" count="0" type="stmt"/>
      <line num="550" count="1" type="stmt"/>
      <line num="551" count="1" type="stmt"/>
      <line num="553" count="1" type="cond" truecount="1" falsecount="0"/>
      <line num="554" count="1" type="stmt"/>
      <line num="555" count="0" type="stmt"/>
      <line num="556" count="0" type="stmt"/>
      <line num="557" count="0" type="stmt"/>
      <line num="558" count="0" type="stmt"/>
      <line num="559" count="0" type="stmt"/>
      <line num="560" count="0" type="stmt"/>
      <line num="561" count="0" type="stmt"/>
      <line num="562" count="0" type="stmt"/>
      <line num="563" count="0" type="stmt"/>
      <line num="564" count="1" type="stmt"/>
      <line num="565" count="1" type="stmt"/>
      <line num="567" count="1" type="cond" truecount="1" falsecount="0"/>
      <line num="568" count="1" type="stmt"/>
      <line num="569" count="0" type="stmt"/>
      <line num="570" count="0" type="stmt"/>
      <line num="571" count="0" type="stmt"/>
      <line num="572" count="0" type="stmt"/>
      <line num="573" count="0" type="stmt"/>
      <line num="574" count="0" type="stmt"/>
      <line num="575" count="0" type="stmt"/>
      <line num="576" count="0" type="stmt"/>
      <line num="577" count="0" type="stmt"/>
      <line num="578" count="1" type="stmt"/>
      <line num="579" count="1" type="stmt"/>
      <line num="581" count="1" type="cond" truecount="1" falsecount="0"/>
      <line num="582" count="1" type="stmt"/>
      <line num="583" count="0" type="stmt"/>
      <line num="584" count="0" type="stmt"/>
      <line num="585" count="0" type="stmt"/>
      <line num="586" count="0" type="stmt"/>
      <line num="587" count="0" type="stmt"/>
      <line num="588" count="0" type="stmt"/>
      <line num="589" count="0" type="stmt"/>
      <line num="590" count="0" type="stmt"/>
      <line num="591" count="0" type="stmt"/>
      <line num="592" count="0" type="stmt"/>
      <line num="593" count="0" type="stmt"/>
      <line num="594" count="0" type="stmt"/>
      <line num="595" count="1" type="stmt"/>
      <line num="596" count="1" type="stmt"/>
      <line num="605" count="1" type="cond" truecount="1" falsecount="0"/>
      <line num="606" count="6" type="cond" truecount="2" falsecount="0"/>
      <line num="607" count="2" type="stmt"/>
      <line num="608" count="2" type="cond" truecount="1" falsecount="0"/>
      <line num="609" count="4" type="stmt"/>
      <line num="610" count="4" type="stmt"/>
      <line num="612" count="6" type="cond" truecount="2" falsecount="0"/>
      <line num="613" count="6" type="cond" truecount="1" falsecount="1"/>
      <line num="615" count="4" type="stmt"/>
      <line num="616" count="6" type="cond" truecount="1" falsecount="1"/>
      <line num="618" count="4" type="stmt"/>
      <line num="619" count="4" type="cond" truecount="1" falsecount="0"/>
      <line num="620" count="4" type="stmt"/>
      <line num="621" count="4" type="stmt"/>
      <line num="622" count="4" type="cond" truecount="1" falsecount="0"/>
      <line num="623" count="4" type="stmt"/>
      <line num="624" count="4" type="stmt"/>
      <line num="625" count="4" type="cond" truecount="1" falsecount="0"/>
      <line num="626" count="4" type="stmt"/>
      <line num="627" count="4" type="stmt"/>
      <line num="628" count="4" type="stmt"/>
      <line num="629" count="4" type="stmt"/>
      <line num="630" count="4" type="cond" truecount="1" falsecount="0"/>
      <line num="631" count="4" type="stmt"/>
      <line num="633" count="6" type="cond" truecount="2" falsecount="0"/>
      <line num="634" count="6" type="cond" truecount="1" falsecount="1"/>
      <line num="635" count="6" type="cond" truecount="1" falsecount="1"/>
      <line num="636" count="6" type="cond" truecount="2" falsecount="0"/>
      <line num="637" count="6" type="cond" truecount="1" falsecount="1"/>
      <line num="639" count="6" type="cond" truecount="1" falsecount="0"/>
      <line num="640" count="3" type="stmt"/>
      <line num="641" count="3" type="stmt"/>
      <line num="642" count="3" type="stmt"/>
      <line num="643" count="3" type="cond" truecount="1" falsecount="0"/>
      <line num="645" count="1" type="stmt"/>
      <line num="646" count="1" type="stmt"/>
      <line num="647" count="1" type="stmt"/>
      <line num="648" count="1" type="stmt"/>
      <line num="649" count="1" type="stmt"/>
      <line num="650" count="1" type="stmt"/>
      <line num="651" count="1" type="stmt"/>
      <line num="652" count="1" type="stmt"/>
      <line num="653" count="1" type="stmt"/>
      <line num="654" count="1" type="stmt"/>
      <line num="655" count="1" type="stmt"/>
      <line num="656" count="1" type="stmt"/>
      <line num="657" count="1" type="stmt"/>
      <line num="658" count="1" type="stmt"/>
      <line num="659" count="1" type="stmt"/>
      <line num="660" count="1" type="stmt"/>
      <line num="661" count="1" type="stmt"/>
      <line num="662" count="1" type="stmt"/>
      <line num="663" count="1" type="stmt"/>
      <line num="664" count="1" type="stmt"/>
      <line num="667" count="4" type="cond" truecount="1" falsecount="0"/>
      <line num="668" count="4" type="stmt"/>
      <line num="669" count="4" type="stmt"/>
      <line num="670" count="4" type="stmt"/>
      <line num="671" count="4" type="cond" truecount="1" falsecount="0"/>
      <line num="672" count="36" type="cond" truecount="1" falsecount="0"/>
      <line num="673" count="36" type="cond" truecount="1" falsecount="0"/>
      <line num="674" count="20" type="stmt"/>
      <line num="675" count="36" type="stmt"/>
      <line num="676" count="36" type="stmt"/>
      <line num="677" count="4" type="stmt"/>
      <line num="678" count="4" type="stmt"/>
      <line num="697" count="1" type="cond" truecount="1" falsecount="0"/>
      <line num="698" count="4" type="stmt"/>
      <line num="699" count="4" type="stmt"/>
      <line num="700" count="4" type="stmt"/>
      <line num="701" count="4" type="stmt"/>
      <line num="702" count="4" type="stmt"/>
      <line num="704" count="4" type="cond" truecount="1" falsecount="0"/>
      <line num="705" count="24" type="stmt"/>
      <line num="706" count="24" type="stmt"/>
      <line num="707" count="24" type="stmt"/>
      <line num="708" count="24" type="stmt"/>
      <line num="709" count="24" type="stmt"/>
      <line num="711" count="24" type="cond" truecount="1" falsecount="0"/>
      <line num="712" count="8" type="stmt"/>
      <line num="713" count="8" type="cond" truecount="2" falsecount="0"/>
      <line num="714" count="1" type="stmt"/>
      <line num="715" count="1" type="stmt"/>
      <line num="716" count="1" type="cond" truecount="1" falsecount="0"/>
      <line num="717" count="7" type="stmt"/>
      <line num="718" count="7" type="stmt"/>
      <line num="719" count="7" type="stmt"/>
      <line num="720" count="7" type="stmt"/>
      <line num="721" count="7" type="cond" truecount="0" falsecount="1"/>
      <line num="722" count="7" type="stmt"/>
      <line num="723" count="7" type="stmt"/>
      <line num="725" count="24" type="stmt"/>
      <line num="726" count="24" type="cond" truecount="2" falsecount="0"/>
      <line num="727" count="24" type="stmt"/>
      <line num="728" count="24" type="stmt"/>
      <line num="729" count="24" type="stmt"/>
      <line num="730" count="24" type="stmt"/>
      <line num="731" count="24" type="stmt"/>
      <line num="732" count="24" type="cond" truecount="1" falsecount="0"/>
      <line num="733" count="7" type="stmt"/>
      <line num="734" count="24" type="cond" truecount="1" falsecount="0"/>
      <line num="735" count="17" type="stmt"/>
      <line num="736" count="17" type="stmt"/>
      <line num="737" count="17" type="stmt"/>
      <line num="738" count="24" type="stmt"/>
      <line num="739" count="24" type="stmt"/>
      <line num="741" count="4" type="cond" truecount="0" falsecount="1"/>
      <line num="742" count="4" type="stmt"/>
      <line num="743" count="4" type="stmt"/>
      <line num="744" count="4" type="stmt"/>
      <line num="745" count="4" type="stmt"/>
      <line num="746" count="4" type="stmt"/>
      <line num="747" count="4" type="stmt"/>
      <line num="748" count="4" type="stmt"/>
      <line num="749" count="4" type="stmt"/>
      <line num="750" count="4" type="stmt"/>
      <line num="764" count="11" type="cond" truecount="1" falsecount="0"/>
      <line num="765" count="11" type="stmt"/>
      <line num="766" count="11" type="stmt"/>
      <line num="767" count="11" type="stmt"/>
      <line num="768" count="11" type="cond" truecount="0" falsecount="1"/>
      <line num="769" count="11" type="cond" truecount="0" falsecount="1"/>
      <line num="770" count="11" type="cond" truecount="0" falsecount="1"/>
      <line num="771" count="11" type="cond" truecount="0" falsecount="1"/>
      <line num="772" count="11" type="stmt"/>
      <line num="773" count="11" type="stmt"/>
      <line num="774" count="11" type="stmt"/>
      <line num="775" count="11" type="stmt"/>
      <line num="776" count="11" type="stmt"/>
      <line num="777" count="11" type="cond" truecount="1" falsecount="0"/>
      <line num="778" count="11" type="stmt"/>
      <line num="779" count="11" type="stmt"/>
      <line num="781" count="715" type="cond" truecount="1" falsecount="0"/>
      <line num="782" count="715" type="cond" truecount="0" falsecount="1"/>
      <line num="783" count="715" type="stmt"/>
      <line num="784" count="715" type="stmt"/>
      <line num="785" count="715" type="stmt"/>
      <line num="786" count="715" type="stmt"/>
      <line num="787" count="715" type="stmt"/>
      <line num="790" count="22" type="cond" truecount="1" falsecount="0"/>
      <line num="791" count="22" type="cond" truecount="0" falsecount="1"/>
      <line num="792" count="22" type="stmt"/>
      <line num="793" count="22" type="cond" truecount="1" falsecount="0"/>
      <line num="794" count="22" type="stmt"/>
      <line num="795" count="22" type="cond" truecount="1" falsecount="0"/>
      <line num="796" count="22" type="stmt"/>
      <line num="797" count="22" type="stmt"/>
      <line num="800" count="66" type="cond" truecount="1" falsecount="0"/>
      <line num="801" count="66" type="stmt"/>
      <line num="802" count="66" type="cond" truecount="2" falsecount="0"/>
      <line num="803" count="66" type="stmt"/>
      <line num="805" count="66" type="cond" truecount="1" falsecount="0"/>
      <line num="806" count="66" type="stmt"/>
      <line num="807" count="66" type="stmt"/>
      <line num="808" count="66" type="stmt"/>
      <line num="809" count="66" type="stmt"/>
      <line num="810" count="66" type="stmt"/>
      <line num="811" count="66" type="stmt"/>
      <line num="812" count="66" type="stmt"/>
      <line num="813" count="66" type="stmt"/>
      <line num="814" count="66" type="cond" truecount="0" falsecount="1"/>
      <line num="815" count="0" type="stmt"/>
      <line num="816" count="66" type="stmt"/>
      <line num="817" count="66" type="stmt"/>
      <line num="818" count="66" type="stmt"/>
      <line num="819" count="66" type="stmt"/>
      <line num="822" count="66" type="cond" truecount="1" falsecount="0"/>
      <line num="823" count="66" type="stmt"/>
      <line num="824" count="66" type="cond" truecount="0" falsecount="1"/>
      <line num="825" count="66" type="cond" truecount="1" falsecount="0"/>
      <line num="826" count="22" type="stmt"/>
      <line num="827" count="22" type="cond" truecount="1" falsecount="0"/>
      <line num="828" count="66" type="cond" truecount="2" falsecount="0"/>
      <line num="829" count="66" type="stmt"/>
      <line num="830" count="66" type="stmt"/>
      <line num="831" count="66" type="stmt"/>
      <line num="832" count="66" type="stmt"/>
      <line num="834" count="77" type="cond" truecount="1" falsecount="0"/>
      <line num="835" count="77" type="stmt"/>
      <line num="836" count="77" type="stmt"/>
      <line num="838" count="11" type="cond" truecount="1" falsecount="0"/>
      <line num="839" count="11" type="stmt"/>
      <line num="840" count="11" type="cond" truecount="1" falsecount="0"/>
      <line num="841" count="11" type="stmt"/>
      <line num="842" count="11" type="stmt"/>
      <line num="843" count="11" type="stmt"/>
      <line num="844" count="11" type="stmt"/>
      <line num="845" count="11" type="stmt"/>
      <line num="846" count="11" type="stmt"/>
      <line num="847" count="11" type="stmt"/>
      <line num="848" count="11" type="stmt"/>
      <line num="850" count="11" type="stmt"/>
      <line num="851" count="11" type="stmt"/>
      <line num="852" count="11" type="stmt"/>
      <line num="853" count="11" type="stmt"/>
      <line num="854" count="11" type="stmt"/>
      <line num="855" count="11" type="stmt"/>
      <line num="856" count="11" type="stmt"/>
      <line num="857" count="11" type="stmt"/>
      <line num="860" count="11" type="stmt"/>
      <line num="862" count="0" type="stmt"/>
      <line num="863" count="0" type="stmt"/>
      <line num="864" count="0" type="stmt"/>
      <line num="866" count="0" type="stmt"/>
      <line num="867" count="0" type="stmt"/>
      <line num="868" count="0" type="stmt"/>
      <line num="869" count="0" type="stmt"/>
      <line num="870" count="0" type="stmt"/>
      <line num="871" count="0" type="stmt"/>
      <line num="872" count="0" type="stmt"/>
      <line num="873" count="0" type="stmt"/>
      <line num="875" count="0" type="stmt"/>
      <line num="876" count="0" type="stmt"/>
      <line num="877" count="0" type="stmt"/>
      <line num="878" count="0" type="stmt"/>
      <line num="879" count="0" type="stmt"/>
      <line num="880" count="0" type="stmt"/>
      <line num="882" count="11" type="cond" truecount="1" falsecount="0"/>
      <line num="883" count="11" type="stmt"/>
      <line num="884" count="11" type="stmt"/>
      <line num="885" count="11" type="stmt"/>
      <line num="886" count="11" type="stmt"/>
      <line num="887" count="11" type="stmt"/>
      <line num="888" count="11" type="stmt"/>
      <line num="889" count="0" type="stmt"/>
      <line num="890" count="0" type="stmt"/>
      <line num="891" count="0" type="stmt"/>
      <line num="892" count="0" type="stmt"/>
      <line num="893" count="0" type="stmt"/>
      <line num="894" count="0" type="stmt"/>
      <line num="895" count="0" type="stmt"/>
      <line num="897" count="0" type="stmt"/>
      <line num="898" count="0" type="stmt"/>
      <line num="899" count="0" type="stmt"/>
      <line num="900" count="0" type="stmt"/>
      <line num="901" count="0" type="stmt"/>
      <line num="902" count="0" type="stmt"/>
      <line num="903" count="0" type="stmt"/>
      <line num="904" count="0" type="stmt"/>
      <line num="905" count="0" type="stmt"/>
      <line num="906" count="0" type="stmt"/>
      <line num="907" count="0" type="stmt"/>
      <line num="909" count="0" type="stmt"/>
      <line num="911" count="0" type="stmt"/>
      <line num="912" count="0" type="stmt"/>
      <line num="913" count="0" type="stmt"/>
      <line num="914" count="0" type="stmt"/>
      <line num="915" count="0" type="stmt"/>
      <line num="916" count="0" type="stmt"/>
      <line num="917" count="0" type="stmt"/>
      <line num="918" count="0" type="stmt"/>
      <line num="919" count="0" type="stmt"/>
      <line num="920" count="0" type="stmt"/>
      <line num="921" count="0" type="stmt"/>
      <line num="923" count="11" type="stmt"/>
      <line num="924" count="11" type="stmt"/>
      <line num="925" count="11" type="stmt"/>
      <line num="927" count="11" type="cond" truecount="1" falsecount="0"/>
      <line num="928" count="11" type="cond" truecount="0" falsecount="1"/>
      <line num="929" count="0" type="stmt"/>
      <line num="930" count="0" type="stmt"/>
      <line num="931" count="0" type="stmt"/>
      <line num="932" count="0" type="stmt"/>
      <line num="933" count="0" type="stmt"/>
      <line num="934" count="0" type="stmt"/>
      <line num="935" count="0" type="stmt"/>
      <line num="936" count="0" type="stmt"/>
      <line num="937" count="0" type="stmt"/>
      <line num="938" count="0" type="stmt"/>
      <line num="940" count="0" type="stmt"/>
      <line num="941" count="0" type="stmt"/>
      <line num="943" count="0" type="stmt"/>
      <line num="945" count="0" type="stmt"/>
      <line num="946" count="0" type="stmt"/>
      <line num="947" count="0" type="stmt"/>
      <line num="948" count="0" type="stmt"/>
      <line num="950" count="11" type="cond" truecount="1" falsecount="0"/>
      <line num="951" count="11" type="stmt"/>
      <line num="952" count="11" type="stmt"/>
      <line num="953" count="0" type="stmt"/>
      <line num="954" count="0" type="stmt"/>
      <line num="955" count="0" type="stmt"/>
      <line num="956" count="0" type="stmt"/>
      <line num="957" count="0" type="stmt"/>
      <line num="958" count="0" type="stmt"/>
      <line num="960" count="0" type="stmt"/>
      <line num="961" count="0" type="stmt"/>
      <line num="962" count="0" type="stmt"/>
      <line num="963" count="0" type="stmt"/>
      <line num="964" count="0" type="stmt"/>
      <line num="965" count="0" type="stmt"/>
      <line num="966" count="0" type="stmt"/>
      <line num="967" count="0" type="stmt"/>
      <line num="968" count="0" type="stmt"/>
      <line num="969" count="0" type="stmt"/>
      <line num="970" count="0" type="stmt"/>
      <line num="971" count="0" type="stmt"/>
      <line num="973" count="11" type="stmt"/>
      <line num="974" count="11" type="stmt"/>
      <line num="975" count="11" type="stmt"/>
      <line num="977" count="11" type="cond" truecount="1" falsecount="0"/>
      <line num="978" count="11" type="stmt"/>
      <line num="979" count="11" type="stmt"/>
      <line num="980" count="11" type="stmt"/>
      <line num="981" count="11" type="stmt"/>
      <line num="982" count="11" type="stmt"/>
      <line num="983" count="11" type="stmt"/>
      <line num="984" count="0" type="stmt"/>
      <line num="985" count="0" type="stmt"/>
      <line num="986" count="0" type="stmt"/>
      <line num="987" count="0" type="stmt"/>
      <line num="988" count="0" type="stmt"/>
      <line num="989" count="0" type="stmt"/>
      <line num="990" count="0" type="stmt"/>
      <line num="991" count="0" type="stmt"/>
      <line num="992" count="0" type="stmt"/>
      <line num="993" count="0" type="stmt"/>
      <line num="994" count="0" type="stmt"/>
      <line num="996" count="11" type="stmt"/>
      <line num="997" count="11" type="stmt"/>
      <line num="998" count="11" type="stmt"/>
      <line num="1000" count="11" type="cond" truecount="1" falsecount="0"/>
      <line num="1001" count="11" type="stmt"/>
      <line num="1002" count="11" type="stmt"/>
      <line num="1003" count="11" type="stmt"/>
      <line num="1004" count="11" type="stmt"/>
      <line num="1005" count="11" type="stmt"/>
      <line num="1006" count="11" type="cond" truecount="0" falsecount="1"/>
      <line num="1007" count="11" type="stmt"/>
      <line num="1009" count="11" type="cond" truecount="1" falsecount="0"/>
      <line num="1010" count="11" type="stmt"/>
      <line num="1011" count="11" type="stmt"/>
      <line num="1012" count="11" type="cond" truecount="1" falsecount="0"/>
      <line num="1013" count="11" type="stmt"/>
      <line num="1014" count="11" type="stmt"/>
      <line num="1015" count="11" type="stmt"/>
      <line num="1016" count="11" type="stmt"/>
      <line num="1017" count="11" type="stmt"/>
      <line num="1018" count="11" type="stmt"/>
      <line num="1019" count="11" type="stmt"/>
      <line num="1020" count="11" type="stmt"/>
      <line num="1021" count="11" type="stmt"/>
      <line num="1023" count="11" type="stmt"/>
      <line num="1024" count="11" type="stmt"/>
      <line num="1025" count="11" type="stmt"/>
      <line num="1026" count="11" type="stmt"/>
      <line num="1028" count="11" type="cond" truecount="1" falsecount="0"/>
      <line num="1029" count="11" type="stmt"/>
      <line num="1030" count="11" type="stmt"/>
      <line num="1031" count="11" type="cond" truecount="1" falsecount="0"/>
      <line num="1032" count="11" type="stmt"/>
      <line num="1033" count="11" type="stmt"/>
      <line num="1034" count="11" type="stmt"/>
      <line num="1035" count="11" type="stmt"/>
      <line num="1036" count="11" type="stmt"/>
      <line num="1037" count="11" type="stmt"/>
      <line num="1038" count="11" type="stmt"/>
      <line num="1039" count="11" type="stmt"/>
      <line num="1040" count="11" type="stmt"/>
      <line num="1042" count="11" type="stmt"/>
      <line num="1043" count="11" type="stmt"/>
      <line num="1044" count="11" type="stmt"/>
      <line num="1045" count="11" type="stmt"/>
      <line num="1047" count="11" type="cond" truecount="1" falsecount="0"/>
      <line num="1048" count="11" type="stmt"/>
      <line num="1049" count="11" type="stmt"/>
      <line num="1050" count="11" type="cond" truecount="1" falsecount="0"/>
      <line num="1051" count="11" type="stmt"/>
      <line num="1052" count="11" type="stmt"/>
      <line num="1053" count="11" type="stmt"/>
      <line num="1054" count="11" type="stmt"/>
      <line num="1055" count="11" type="stmt"/>
      <line num="1056" count="11" type="stmt"/>
      <line num="1057" count="11" type="stmt"/>
      <line num="1058" count="11" type="stmt"/>
      <line num="1059" count="11" type="stmt"/>
      <line num="1060" count="11" type="stmt"/>
      <line num="1062" count="11" type="stmt"/>
      <line num="1063" count="11" type="stmt"/>
      <line num="1064" count="11" type="stmt"/>
      <line num="1067" count="11" type="stmt"/>
      <line num="1069" count="11" type="stmt"/>
      <line num="1071" count="11" type="cond" truecount="1" falsecount="0"/>
      <line num="1072" count="11" type="stmt"/>
      <line num="1073" count="11" type="cond" truecount="1" falsecount="0"/>
      <line num="1074" count="11" type="cond" truecount="1" falsecount="0"/>
      <line num="1075" count="11" type="stmt"/>
      <line num="1076" count="11" type="stmt"/>
      <line num="1077" count="11" type="cond" truecount="1" falsecount="0"/>
      <line num="1078" count="22" type="stmt"/>
      <line num="1079" count="11" type="stmt"/>
      <line num="1080" count="11" type="stmt"/>
      <line num="1081" count="11" type="stmt"/>
      <line num="1082" count="11" type="stmt"/>
      <line num="1083" count="11" type="stmt"/>
      <line num="1084" count="11" type="stmt"/>
      <line num="1085" count="11" type="stmt"/>
      <line num="1086" count="11" type="stmt"/>
      <line num="1087" count="11" type="stmt"/>
      <line num="1088" count="11" type="stmt"/>
      <line num="1089" count="11" type="stmt"/>
[...]
      <line num="1241" count="11" type="stmt"/>
      <line num="1242" count="11" type="stmt"/>
      <line num="1245" count="11" type="cond" truecount="1" falsecount="0"/>
      <line num="1246" count="11" type="stmt"/>
      <line num="1487" count="11" type="stmt"/>
      <line num="1488" count="11" type="stmt"/>
      <line num="1490" count="1" type="cond" truecount="1" falsecount="0"/>
      <line num="1491" count="11" type="stmt"/>
      <line num="1492" count="11" type="stmt"/>
      <line num="1493" count="11" type="stmt"/>
      <line num="1494" count="11" type="stmt"/>
      <line num="1495" count="11" type="stmt"/>
      <line num="1496" count="11" type="stmt"/>
      <line num="1497" count="11" type="stmt"/>
      <line num="1498" count="11" type="stmt"/>
      <line num="1499" count="11" type="stmt"/>
      <line num="1500" count="11" type="stmt"/>
      <line num="1501" count="11" type="stmt"/>
      <line num="1502" count="11" type="stmt"/>
      <line num="1503" count="11" type="cond" truecount="0" falsecount="1"/>
      <line num="1504" count="0" type="stmt"/>
      <line num="1505" count="0" type="stmt"/>
      <line num="1507" count="11" type="stmt"/>
      <line num="1509" count="11" type="stmt"/>
      <line num="1514" count="11" type="stmt"/>
      <line num="1515" count="11" type="stmt"/>
      <line num="1516" count="11" type="stmt"/>
      <line num="1517" count="11" type="stmt"/>
      <line num="1521" count="11" type="stmt"/>
      <line num="1525" count="11" type="stmt"/>
      <line num="1526" count="11" type="stmt"/>
      <line num="1527" count="11" type="stmt"/>
      <line num="1528" count="11" type="stmt"/>
      <line num="1530" count="11" type="stmt"/>
      <line num="1531" count="11" type="stmt"/>
      <line num="1532" count="11" type="stmt"/>
      <line num="1533" count="11" type="stmt"/>
      <line num="1534" count="11" type="stmt"/>
      <line num="1535" count="11" type="stmt"/>
      <line num="1539" count="11" type="stmt"/>
      <line num="1542" count="11" type="stmt"/>
      <line num="1548" count="0" type="stmt"/>
      <line num="1549" count="0" type="stmt"/>
      <line num="1550" count="0" type="stmt"/>
      <line num="1551" count="0" type="stmt"/>
      <line num="1552" count="0" type="stmt"/>
      <line num="1553" count="0" type="stmt"/>
      <line num="1554" count="0" type="stmt"/>
      <line num="1555" count="0" type="stmt"/>
      <line num="1563" count="0" type="stmt"/>
      <line num="1564" count="0" type="stmt"/>
      <line num="1565" count="0" type="stmt"/>
      <line num="1566" count="0" type="stmt"/>
      <line num="1569" count="0" type="stmt"/>
      <line num="1570" count="0" type="stmt"/>
      <line num="1571" count="0" type="stmt"/>
      <line num="1572" count="0" type="stmt"/>
      <line num="1573" count="0" type="stmt"/>
      <line num="1574" count="0" type="stmt"/>
      <line num="1575" count="0" type="stmt"/>
      <line num="1578" count="0" type="stmt"/>
      <line num="1579" count="0" type="stmt"/>
      <line num="1580" count="0" type="stmt"/>
      <line num="1581" count="0" type="stmt"/>
      <line num="1582" count="0" type="stmt"/>
      <line num="1583" count="0" type="stmt"/>
      <line num="1584" count="0" type="stmt"/>
      <line num="1585" count="0" type="stmt"/>
      <line num="1586" count="0" type="stmt"/>
      <line num="1587" count="0" type="stmt"/>
      <line num="1588" count="0" type="stmt"/>
      <line num="1590" count="1" type="stmt"/>
      <line num="1591" count="1" type="stmt"/>
      <line num="1593" count="1" type="stmt"/>
      <line num="1596" count="0" type="stmt"/>
      <line num="1597" count="0" type="stmt"/>
      <line num="1598" count="0" type="stmt"/>
      <line num="1599" count="0" type="stmt"/>
      <line num="1600" count="0" type="stmt"/>
      <line num="1603" count="0" type="stmt"/>
      <line num="1604" count="0" type="stmt"/>
      <line num="1605" count="0" type="stmt"/>
      <line num="1606" count="0" type="stmt"/>
      <line num="1607" count="0" type="stmt"/>
      <line num="1608" count="0" type="stmt"/>
      <line num="1609" count="0" type="stmt"/>
      <line num="1610" count="0" type="stmt"/>
      <line num="1611" count="0" type="stmt"/>
      <line num="1612" count="0" type="stmt"/>
      <line num="1613" count="0" type="stmt"/>
      <line num="1614" count="0" type="stmt"/>
      <line num="1615" count="0" type="stmt"/>
      <line num="1616" count="0" type="stmt"/>
      <line num="1617" count="0" type="stmt"/>
      <line num="1618" count="0" type="stmt"/>
      <line num="1619" count="0" type="stmt"/>
      <line num="1620" count="0" type="stmt"/>
      <line num="1621" count="0" type="stmt"/>
      <line num="1622" count="0" type="stmt"/>
      <line num="1623" count="0" type="stmt"/>
      <line num="1624" count="0" type="stmt"/>
      <line num="1625" count="0" type="stmt"/>
      <line num="1626" count="0" type="stmt"/>
      <line num="1632" count="0" type="stmt"/>
      <line num="1633" count="0" type="stmt"/>
      <line num="1634" count="0" type="stmt"/>
      <line num="1635" count="0" type="stmt"/>
      <line num="1636" count="0" type="stmt"/>
      <line num="1637" count="0" type="stmt"/>
      <line num="1638" count="0" type="stmt"/>
      <line num="1639" count="0" type="stmt"/>
      <line num="1640" count="0" type="stmt"/>
      <line num="1641" count="0" type="stmt"/>
      <line num="1643" count="0" type="stmt"/>
      <line num="1644" count="0" type="stmt"/>
      <line num="1645" count="0" type="stmt"/>
      <line num="1646" count="0" type="stmt"/>
      <line num="1648" count="0" type="stmt"/>
      <line num="1649" count="0" type="stmt"/>
      <line num="1650" count="0" type="stmt"/>
      <line num="1651" count="0" type="stmt"/>
      <line num="1652" count="0" type="stmt"/>
      <line num="1653" count="0" type="stmt"/>
      <line num="1655" count="0" type="stmt"/>
      <line num="1656" count="0" type="stmt"/>
      <line num="1657" count="0" type="stmt"/>
      <line num="1658" count="0" type="stmt"/>
      <line num="1659" count="0" type="stmt"/>
      <line num="1660" count="0" type="stmt"/>
      <line num="1661" count="0" type="stmt"/>
      <line num="1662" count="0" type="stmt"/>
      <line num="1663" count="0" type="stmt"/>
      <line num="1664" count="0" type="stmt"/>
      <line num="1665" count="0" type="stmt"/>
      <line num="1666" count="0" type="stmt"/>
      <line num="1667" count="0" type="stmt"/>
      <line num="1668" count="0" type="stmt"/>
      <line num="1669" count="0" type="stmt"/>
      <line num="1670" count="0" type="stmt"/>
      <line num="1671" count="0" type="stmt"/>
      <line num="1672" count="0" type="stmt"/>
      <line num="1673" count="0" type="stmt"/>
      <line num="1675" count="0" type="stmt"/>
      <line num="1676" count="0" type="stmt"/>
      <line num="1678" count="0" type="stmt"/>
      <line num="1679" count="0" type="stmt"/>
      <line num="1680" count="0" type="stmt"/>
      <line num="1681" count="0" type="stmt"/>
      <line num="1682" count="0" type="stmt"/>
      <line num="1683" count="0" type="stmt"/>
      <line num="1684" count="0" type="stmt"/>
      <line num="1686" count="0" type="stmt"/>
      <line num="1687" count="0" type="stmt"/>
      <line num="1688" count="0" type="stmt"/>
      <line num="1689" count="0" type="stmt"/>
      <line num="1690" count="0" type="stmt"/>
      <line num="1691" count="0" type="stmt"/>
      <line num="1692" count="0" type="stmt"/>
      <line num="1693" count="0" type="stmt"/>
      <line num="1695" count="0" type="stmt"/>
      <line num="1696" count="0" type="stmt"/>
      <line num="1697" count="0" type="stmt"/>
      <line num="1698" count="0" type="stmt"/>
      <line num="1700" count="0" type="stmt"/>
      <line num="1701" count="0" type="stmt"/>
      <line num="1703" count="0" type="stmt"/>
      <line num="1704" count="0" type="stmt"/>
      <line num="1705" count="0" type="stmt"/>
      <line num="1706" count="0" type="stmt"/>
      <line num="1708" count="0" type="stmt"/>
      <line num="1709" count="0" type="stmt"/>
      <line num="1712" count="0" type="stmt"/>
      <line num="1713" count="0" type="stmt"/>
      <line num="1715" count="0" type="stmt"/>
      <line num="1716" count="0" type="stmt"/>
      <line num="1717" count="0" type="stmt"/>
      <line num="1719" count="0" type="stmt"/>
      <line num="1720" count="0" type="stmt"/>
      <line num="1721" count="0" type="stmt"/>
      <line num="1722" count="0" type="stmt"/>
      <line num="1723" count="0" type="stmt"/>
      <line num="1725" count="0" type="stmt"/>
      <line num="1726" count="0" type="stmt"/>
      <line num="1727" count="0" type="stmt"/>
      <line num="1728" count="0" type="stmt"/>
      <line num="1729" count="0" type="stmt"/>
      <line num="1730" count="0" type="stmt"/>
      <line num="1731" count="0" type="stmt"/>
      <line num="1732" count="0" type="stmt"/>
      <line num="1733" count="0" type="stmt"/>
      <line num="1734" count="0" type="stmt"/>
      <line num="1735" count="0" type="stmt"/>
      <line num="1736" count="0" type="stmt"/>
      <line num="1737" count="0" type="stmt"/>
      <line num="1738" count="0" type="stmt"/>
      <line num="1739" count="0" type="stmt"/>
      <line num="1740" count="0" type="stmt"/>
      <line num="1741" count="0" type="stmt"/>
      <line num="1742" count="0" type="stmt"/>
      <line num="1743" count="0" type="stmt"/>
      <line num="1744" count="0" type="stmt"/>
      <line num="1745" count="0" type="stmt"/>
      <line num="1746" count="0" type="stmt"/>
      <line num="1748" count="0" type="stmt"/>
      <line num="1750" count="0" type="stmt"/>
      <line num="1751" count="0" type="stmt"/>
      <line num="1752" count="0" type="stmt"/>
      <line num="1753" count="0" type="stmt"/>
      <line num="1754" count="0" type="stmt"/>
      <line num="1755" count="0" type="stmt"/>
      <line num="1756" count="0" type="stmt"/>
      <line num="1757" count="0" type="stmt"/>
      <line num="1759" count="0" type="stmt"/>
      <line num="1760" count="0" type="stmt"/>
      <line num="1761" count="0" type="stmt"/>
      <line num="1762" count="0" type="stmt"/>
      <line num="1763" count="0" type="stmt"/>
      <line num="1764" count="0" type="stmt"/>
      <line num="1765" count="0" type="stmt"/>
      <line num="1766" count="0" type="stmt"/>
      <line num="1767" count="0" type="stmt"/>
      <line num="1768" count="0" type="stmt"/>
      <line num="1769" count="0" type="stmt"/>
      <line num="1770" count="0" type="stmt"/>
      <line num="1771" count="0" type="stmt"/>
      <line num="1772" count="0" type="stmt"/>
      <line num="1773" count="0" type="stmt"/>
      <line num="1774" count="0" type="stmt"/>
    </file>
    <file name="zetel-service.ts" path="/home/ifernandes/Projetos/zetel/lib/zetel-service.ts">
      <metrics statements="192" coveredstatements="33" conditionals="2" coveredconditionals="2" methods="14" coveredmethods="1"/>
      <line num="2" count="1" type="stmt"/>
      <line num="3" count="1" type="stmt"/>
      <line num="4" count="1" type="stmt"/>
      <line num="5" count="1" type="stmt"/>
      <line num="20" count="1" type="stmt"/>
      <line num="21" count="1" type="stmt"/>
      <line num="22" count="1" type="stmt"/>
      <line num="23" count="1" type="stmt"/>
      <line num="24" count="1" type="stmt"/>
      <line num="25" count="1" type="stmt"/>
      <line num="26" count="1" type="stmt"/>
      <line num="27" count="1" type="stmt"/>
      <line num="40" count="0" type="stmt"/>
      <line num="41" count="0" type="stmt"/>
      <line num="42" count="0" type="stmt"/>
      <line num="43" count="0" type="stmt"/>
      <line num="44" count="0" type="stmt"/>
      <line num="45" count="0" type="stmt"/>
      <line num="46" count="0" type="stmt"/>
      <line num="47" count="0" type="stmt"/>
      <line num="48" count="0" type="stmt"/>
      <line num="49" count="0" type="stmt"/>
      <line num="50" count="0" type="stmt"/>
      <line num="51" count="0" type="stmt"/>
      <line num="54" count="0" type="stmt"/>
      <line num="55" count="0" type="stmt"/>
      <line num="56" count="0" type="stmt"/>
      <line num="59" count="0" type="stmt"/>
      <line num="60" count="0" type="stmt"/>
      <line num="61" count="0" type="stmt"/>
      <line num="66" count="1" type="cond" truecount="1" falsecount="0"/>
      <line num="67" count="31" type="stmt"/>
      <line num="68" count="31" type="stmt"/>
      <line num="69" count="31" type="stmt"/>
      <line num="70" count="31" type="stmt"/>
      <line num="71" count="31" type="stmt"/>
      <line num="72" count="31" type="stmt"/>
      <line num="73" count="31" type="stmt"/>
      <line num="74" count="31" type="stmt"/>
      <line num="75" count="31" type="stmt"/>
      <line num="76" count="31" type="cond" truecount="1" falsecount="0"/>
      <line num="77" count="31" type="stmt"/>
      <line num="83" count="1" type="stmt"/>
      <line num="84" count="0" type="stmt"/>
      <line num="85" count="0" type="stmt"/>
      <line num="86" count="0" type="stmt"/>
      <line num="88" count="0" type="stmt"/>
      <line num="89" count="0" type="stmt"/>
      <line num="90" count="0" type="stmt"/>
      <line num="91" count="0" type="stmt"/>
      <line num="92" count="0" type="stmt"/>
      <line num="93" count="0" type="stmt"/>
      <line num="94" count="0" type="stmt"/>
      <line num="95" count="0" type="stmt"/>
      <line num="97" count="1" type="stmt"/>
      <line num="98" count="0" type="stmt"/>
      <line num="99" count="0" type="stmt"/>
      <line num="100" count="0" type="stmt"/>
      <line num="102" count="1" type="stmt"/>
      <line num="103" count="0" type="stmt"/>
      <line num="104" count="0" type="stmt"/>
      <line num="105" count="0" type="stmt"/>
      <line num="112" count="1" type="stmt"/>
      <line num="113" count="0" type="stmt"/>
      <line num="114" count="0" type="stmt"/>
      <line num="115" count="0" type="stmt"/>
      <line num="116" count="0" type="stmt"/>
      <line num="118" count="0" type="stmt"/>
      <line num="119" count="0" type="stmt"/>
      <line num="121" count="0" type="stmt"/>
      <line num="122" count="0" type="stmt"/>
      <line num="123" count="0" type="stmt"/>
      <line num="125" count="0" type="stmt"/>
      <line num="126" count="0" type="stmt"/>
      <line num="128" count="0" type="stmt"/>
      <line num="129" count="0" type="stmt"/>
      <line num="131" count="0" type="stmt"/>
      <line num="133" count="0" type="stmt"/>
      <line num="134" count="0" type="stmt"/>
      <line num="135" count="0" type="stmt"/>
      <line num="141" count="1" type="stmt"/>
      <line num="142" count="0" type="stmt"/>
      <line num="143" count="0" type="stmt"/>
      <line num="144" count="0" type="stmt"/>
      <line num="145" count="0" type="stmt"/>
      <line num="146" count="0" type="stmt"/>
      <line num="147" count="0" type="stmt"/>
      <line num="148" count="0" type="stmt"/>
      <line num="149" count="0" type="stmt"/>
      <line num="150" count="0" type="stmt"/>
      <line num="156" count="1" type="stmt"/>
      <line num="157" count="0" type="stmt"/>
      <line num="158" count="0" type="stmt"/>
      <line num="159" count="0" type="stmt"/>
      <line num="160" count="0" type="stmt"/>
      <line num="162" count="0" type="stmt"/>
      <line num="163" count="0" type="stmt"/>
      <line num="164" count="0" type="stmt"/>
      <line num="165" count="0" type="stmt"/>
      <line num="167" count="0" type="stmt"/>
      <line num="168" count="0" type="stmt"/>
      <line num="169" count="0" type="stmt"/>
      <line num="170" count="0" type="stmt"/>
      <line num="171" count="0" type="stmt"/>
      <line num="173" count="0" type="stmt"/>
      <line num="174" count="0" type="stmt"/>
      <line num="175" count="0" type="stmt"/>
      <line num="181" count="1" type="stmt"/>
      <line num="182" count="0" type="stmt"/>
      <line num="183" count="0" type="stmt"/>
      <line num="184" count="0" type="stmt"/>
      <line num="185" count="0" type="stmt"/>
      <line num="186" count="0" type="stmt"/>
      <line num="187" count="0" type="stmt"/>
      <line num="188" count="0" type="stmt"/>
      <line num="190" count="0" type="stmt"/>
      <line num="191" count="0" type="stmt"/>
      <line num="193" count="0" type="stmt"/>
      <line num="194" count="0" type="stmt"/>
      <line num="195" count="0" type="stmt"/>
      <line num="196" count="0" type="stmt"/>
      <line num="198" count="0" type="stmt"/>
      <line num="199" count="0" type="stmt"/>
      <line num="200" count="0" type="stmt"/>
      <line num="201" count="0" type="stmt"/>
      <line num="202" count="0" type="stmt"/>
      <line num="203" count="0" type="stmt"/>
      <line num="204" count="0" type="stmt"/>
      <line num="206" count="0" type="stmt"/>
      <line num="207" count="0" type="stmt"/>
      <line num="209" count="0" type="stmt"/>
      <line num="210" count="0" type="stmt"/>
      <line num="216" count="0" type="stmt"/>
      <line num="217" count="0" type="stmt"/>
      <line num="218" count="0" type="stmt"/>
      <line num="220" count="0" type="stmt"/>
      <line num="221" count="0" type="stmt"/>
      <line num="223" count="0" type="stmt"/>
      <line num="224" count="0" type="stmt"/>
      <line num="225" count="0" type="stmt"/>
      <line num="226" count="0" type="stmt"/>
      <line num="227" count="0" type="stmt"/>
      <line num="228" count="0" type="stmt"/>
      <line num="230" count="0" type="stmt"/>
      <line num="231" count="0" type="stmt"/>
      <line num="240" count="1" type="stmt"/>
      <line num="241" count="0" type="stmt"/>
      <line num="242" count="0" type="stmt"/>
      <line num="243" count="0" type="stmt"/>
      <line num="244" count="0" type="stmt"/>
      <line num="245" count="0" type="stmt"/>
      <line num="246" count="0" type="stmt"/>
      <line num="247" count="0" type="stmt"/>
      <line num="249" count="0" type="stmt"/>
      <line num="250" count="0" type="stmt"/>
      <line num="251" count="0" type="stmt"/>
      <line num="252" count="0" type="stmt"/>
      <line num="253" count="0" type="stmt"/>
      <line num="254" count="0" type="stmt"/>
      <line num="256" count="0" type="stmt"/>
      <line num="257" count="0" type="stmt"/>
      <line num="258" count="0" type="stmt"/>
      <line num="259" count="0" type="stmt"/>
      <line num="264" count="0" type="stmt"/>
      <line num="265" count="0" type="stmt"/>
      <line num="266" count="0" type="stmt"/>
      <line num="267" count="0" type="stmt"/>
      <line num="268" count="0" type="stmt"/>
      <line num="269" count="0" type="stmt"/>
      <line num="271" count="0" type="stmt"/>
      <line num="272" count="0" type="stmt"/>
      <line num="274" count="0" type="stmt"/>
      <line num="275" count="0" type="stmt"/>
      <line num="276" count="0" type="stmt"/>
      <line num="277" count="0" type="stmt"/>
      <line num="279" count="0" type="stmt"/>
      <line num="280" count="0" type="stmt"/>
      <line num="287" count="1" type="stmt"/>
      <line num="288" count="0" type="stmt"/>
      <line num="289" count="0" type="stmt"/>
      <line num="290" count="0" type="stmt"/>
      <line num="291" count="0" type="stmt"/>
      <line num="292" count="0" type="stmt"/>
      <line num="293" count="0" type="stmt"/>
      <line num="294" count="0" type="stmt"/>
      <line num="296" count="0" type="stmt"/>
      <line num="297" count="0" type="stmt"/>
      <line num="298" count="0" type="stmt"/>
      <line num="299" count="0" type="stmt"/>
      <line num="301" count="0" type="stmt"/>
      <line num="303" count="0" type="stmt"/>
      <line num="304" count="0" type="stmt"/>
    </file>
  </project>
</coverage>
