{"/home/ifernandes/Projetos/zetel/lib/artifact-html-headers.ts": {"path":"/home/ifernandes/Projetos/zetel/lib/artifact-html-headers.ts","all":true,"statementMap":{"4":{"start":{"line":5,"column":0},"end":{"line":5,"column":71}},"5":{"start":{"line":6,"column":0},"end":{"line":6,"column":10}},"6":{"start":{"line":7,"column":0},"end":{"line":7,"column":47}},"7":{"start":{"line":8,"column":0},"end":{"line":8,"column":40}},"8":{"start":{"line":9,"column":0},"end":{"line":9,"column":30}},"9":{"start":{"line":10,"column":0},"end":{"line":10,"column":199}},"10":{"start":{"line":11,"column":0},"end":{"line":11,"column":4}},"11":{"start":{"line":12,"column":0},"end":{"line":12,"column":1}}},"s":{"4":0,"5":0,"6":0,"7":0,"8":0,"9":0,"10":0,"11":0},"branchMap":{"0":{"type":"branch","line":1,"loc":{"start":{"line":1,"column":596},"end":{"line":12,"column":1}},"locations":[{"start":{"line":1,"column":596},"end":{"line":12,"column":1}}]}},"b":{"0":[1]},"fnMap":{"0":{"name":"(empty-report)","decl":{"start":{"line":1,"column":596},"end":{"line":12,"column":1}},"loc":{"start":{"line":1,"column":596},"end":{"line":12,"column":1}},"line":1}},"f":{"0":1}}
,"/home/ifernandes/Projetos/zetel/lib/chat-prompt.ts": {"path":"/home/ifernandes/Projetos/zetel/lib/chat-prompt.ts","all":false,"statementMap":{"0":{"start":{"line":1,"column":0},"end":{"line":1,"column":62}},"1":{"start":{"line":2,"column":0},"end":{"line":2,"column":33}},"4":{"start":{"line":5,"column":0},"end":{"line":5,"column":76}},"5":{"start":{"line":6,"column":0},"end":{"line":6,"column":34}},"7":{"start":{"line":8,"column":0},"end":{"line":8,"column":30}},"10":{"start":{"line":11,"column":0},"end":{"line":11,"column":53}},"11":{"start":{"line":12,"column":0},"end":{"line":12,"column":46}},"14":{"start":{"line":15,"column":0},"end":{"line":15,"column":58}},"15":{"start":{"line":16,"column":0},"end":{"line":16,"column":51}},"26":{"start":{"line":27,"column":0},"end":{"line":27,"column":31}},"27":{"start":{"line":28,"column":0},"end":{"line":28,"column":72}},"29":{"start":{"line":30,"column":0},"end":{"line":30,"column":45}},"32":{"start":{"line":33,"column":0},"end":{"line":33,"column":63}},"40":{"start":{"line":41,"column":0},"end":{"line":41,"column":53}},"48":{"start":{"line":49,"column":0},"end":{"line":49,"column":80}},"49":{"start":{"line":50,"column":0},"end":{"line":50,"column":51}},"50":{"start":{"line":51,"column":0},"end":{"line":51,"column":40}},"51":{"start":{"line":52,"column":0},"end":{"line":52,"column":7}},"52":{"start":{"line":53,"column":0},"end":{"line":53,"column":49}},"53":{"start":{"line":54,"column":0},"end":{"line":54,"column":62}},"54":{"start":{"line":55,"column":0},"end":{"line":55,"column":17}},"55":{"start":{"line":56,"column":0},"end":{"line":56,"column":68}},"56":{"start":{"line":57,"column":0},"end":{"line":57,"column":3}},"57":{"start":{"line":58,"column":0},"end":{"line":58,"column":40}},"58":{"start":{"line":59,"column":0},"end":{"line":59,"column":41}},"59":{"start":{"line":60,"column":0},"end":{"line":60,"column":41}},"60":{"start":{"line":61,"column":0},"end":{"line":61,"column":25}},"61":{"start":{"line":62,"column":0},"end":{"line":62,"column":1}},"64":{"start":{"line":65,"column":0},"end":{"line":65,"column":45}},"65":{"start":{"line":66,"column":0},"end":{"line":66,"column":36}},"66":{"start":{"line":67,"column":0},"end":{"line":67,"column":1}},"106":{"start":{"line":107,"column":0},"end":{"line":107,"column":70}},"107":{"start":{"line":108,"column":0},"end":{"line":108,"column":78}},"108":{"start":{"line":109,"column":0},"end":{"line":109,"column":45}},"109":{"start":{"line":110,"column":0},"end":{"line":110,"column":76}},"111":{"start":{"line":112,"column":0},"end":{"line":112,"column":28}},"112":{"start":{"line":113,"column":0},"end":{"line":113,"column":15}},"113":{"start":{"line":114,"column":0},"end":{"line":114,"column":25}},"114":{"start":{"line":115,"column":0},"end":{"line":115,"column":28}},"115":{"start":{"line":116,"column":0},"end":{"line":116,"column":47}},"116":{"start":{"line":117,"column":0},"end":{"line":117,"column":37}},"117":{"start":{"line":118,"column":0},"end":{"line":118,"column":44}},"119":{"start":{"line":120,"column":0},"end":{"line":120,"column":52}},"120":{"start":{"line":121,"column":0},"end":{"line":121,"column":12}},"121":{"start":{"line":122,"column":0},"end":{"line":122,"column":5}},"122":{"start":{"line":123,"column":0},"end":{"line":123,"column":21}},"123":{"start":{"line":124,"column":0},"end":{"line":124,"column":17}},"124":{"start":{"line":125,"column":0},"end":{"line":125,"column":3}},"126":{"start":{"line":127,"column":0},"end":{"line":127,"column":10}},"127":{"start":{"line":128,"column":0},"end":{"line":128,"column":28}},"128":{"start":{"line":129,"column":0},"end":{"line":129,"column":11}},"129":{"start":{"line":130,"column":0},"end":{"line":130,"column":46}},"130":{"start":{"line":131,"column":0},"end":{"line":131,"column":4}},"131":{"start":{"line":132,"column":0},"end":{"line":132,"column":1}},"146":{"start":{"line":147,"column":0},"end":{"line":147,"column":59}},"147":{"start":{"line":148,"column":0},"end":{"line":148,"column":51}},"148":{"start":{"line":149,"column":0},"end":{"line":149,"column":49}},"149":{"start":{"line":150,"column":0},"end":{"line":150,"column":1}},"151":{"start":{"line":152,"column":0},"end":{"line":152,"column":47}},"164":{"start":{"line":165,"column":0},"end":{"line":165,"column":71}},"165":{"start":{"line":166,"column":0},"end":{"line":166,"column":59}},"166":{"start":{"line":167,"column":0},"end":{"line":167,"column":77}},"169":{"start":{"line":170,"column":0},"end":{"line":170,"column":24}},"170":{"start":{"line":171,"column":0},"end":{"line":171,"column":46}},"171":{"start":{"line":172,"column":0},"end":{"line":172,"column":3}},"172":{"start":{"line":173,"column":0},"end":{"line":173,"column":26}},"173":{"start":{"line":174,"column":0},"end":{"line":174,"column":48}},"174":{"start":{"line":175,"column":0},"end":{"line":175,"column":3}},"176":{"start":{"line":177,"column":0},"end":{"line":177,"column":81}},"177":{"start":{"line":178,"column":0},"end":{"line":178,"column":23}},"178":{"start":{"line":179,"column":0},"end":{"line":179,"column":51}},"179":{"start":{"line":180,"column":0},"end":{"line":180,"column":34}},"183":{"start":{"line":184,"column":0},"end":{"line":184,"column":19}},"184":{"start":{"line":185,"column":0},"end":{"line":185,"column":123}},"185":{"start":{"line":186,"column":0},"end":{"line":186,"column":5}},"188":{"start":{"line":189,"column":0},"end":{"line":189,"column":32}},"189":{"start":{"line":190,"column":0},"end":{"line":190,"column":117}},"190":{"start":{"line":191,"column":0},"end":{"line":191,"column":5}},"191":{"start":{"line":192,"column":0},"end":{"line":192,"column":3}},"193":{"start":{"line":194,"column":0},"end":{"line":194,"column":62}},"194":{"start":{"line":195,"column":0},"end":{"line":195,"column":114}},"195":{"start":{"line":196,"column":0},"end":{"line":196,"column":3}},"197":{"start":{"line":198,"column":0},"end":{"line":198,"column":41}},"198":{"start":{"line":199,"column":0},"end":{"line":199,"column":5}},"199":{"start":{"line":200,"column":0},"end":{"line":200,"column":21}},"200":{"start":{"line":201,"column":0},"end":{"line":201,"column":29}},"201":{"start":{"line":202,"column":0},"end":{"line":202,"column":6}},"202":{"start":{"line":203,"column":0},"end":{"line":203,"column":4}},"204":{"start":{"line":205,"column":0},"end":{"line":205,"column":29}},"205":{"start":{"line":206,"column":0},"end":{"line":206,"column":37}},"206":{"start":{"line":207,"column":0},"end":{"line":207,"column":53}},"207":{"start":{"line":208,"column":0},"end":{"line":208,"column":19}},"208":{"start":{"line":209,"column":0},"end":{"line":209,"column":45}},"209":{"start":{"line":210,"column":0},"end":{"line":210,"column":78}},"210":{"start":{"line":211,"column":0},"end":{"line":211,"column":6}},"212":{"start":{"line":213,"column":0},"end":{"line":213,"column":17}},"214":{"start":{"line":215,"column":0},"end":{"line":215,"column":95}},"215":{"start":{"line":216,"column":0},"end":{"line":216,"column":101}},"216":{"start":{"line":217,"column":0},"end":{"line":217,"column":36}},"217":{"start":{"line":218,"column":0},"end":{"line":218,"column":66}},"218":{"start":{"line":219,"column":0},"end":{"line":219,"column":7}},"219":{"start":{"line":220,"column":0},"end":{"line":220,"column":90}},"220":{"start":{"line":221,"column":0},"end":{"line":221,"column":94}},"221":{"start":{"line":222,"column":0},"end":{"line":222,"column":85}},"223":{"start":{"line":224,"column":0},"end":{"line":224,"column":39}},"224":{"start":{"line":225,"column":0},"end":{"line":225,"column":90}},"225":{"start":{"line":226,"column":0},"end":{"line":226,"column":7}},"226":{"start":{"line":227,"column":0},"end":{"line":227,"column":36}},"227":{"start":{"line":228,"column":0},"end":{"line":228,"column":76}},"228":{"start":{"line":229,"column":0},"end":{"line":229,"column":7}},"229":{"start":{"line":230,"column":0},"end":{"line":230,"column":42}},"230":{"start":{"line":231,"column":0},"end":{"line":231,"column":93}},"231":{"start":{"line":232,"column":0},"end":{"line":232,"column":7}},"232":{"start":{"line":233,"column":0},"end":{"line":233,"column":42}},"233":{"start":{"line":234,"column":0},"end":{"line":234,"column":92}},"234":{"start":{"line":235,"column":0},"end":{"line":235,"column":7}},"235":{"start":{"line":236,"column":0},"end":{"line":236,"column":17}},"236":{"start":{"line":237,"column":0},"end":{"line":237,"column":391}},"237":{"start":{"line":238,"column":0},"end":{"line":238,"column":8}},"238":{"start":{"line":239,"column":0},"end":{"line":239,"column":17}},"239":{"start":{"line":240,"column":0},"end":{"line":240,"column":184}},"240":{"start":{"line":241,"column":0},"end":{"line":241,"column":8}},"241":{"start":{"line":242,"column":0},"end":{"line":242,"column":12}},"243":{"start":{"line":244,"column":0},"end":{"line":244,"column":17}},"244":{"start":{"line":245,"column":0},"end":{"line":245,"column":117}},"245":{"start":{"line":246,"column":0},"end":{"line":246,"column":8}},"246":{"start":{"line":247,"column":0},"end":{"line":247,"column":17}},"247":{"start":{"line":248,"column":0},"end":{"line":248,"column":158}},"248":{"start":{"line":249,"column":0},"end":{"line":249,"column":8}},"249":{"start":{"line":250,"column":0},"end":{"line":250,"column":5}},"251":{"start":{"line":252,"column":0},"end":{"line":252,"column":63}},"252":{"start":{"line":253,"column":0},"end":{"line":253,"column":19}},"253":{"start":{"line":254,"column":0},"end":{"line":254,"column":24}},"254":{"start":{"line":255,"column":0},"end":{"line":255,"column":21}},"255":{"start":{"line":256,"column":0},"end":{"line":256,"column":199}},"256":{"start":{"line":257,"column":0},"end":{"line":257,"column":90}},"257":{"start":{"line":258,"column":0},"end":{"line":258,"column":7}},"258":{"start":{"line":259,"column":0},"end":{"line":259,"column":3}},"260":{"start":{"line":261,"column":0},"end":{"line":261,"column":25}},"261":{"start":{"line":262,"column":0},"end":{"line":262,"column":19}},"262":{"start":{"line":263,"column":0},"end":{"line":263,"column":19}},"263":{"start":{"line":264,"column":0},"end":{"line":264,"column":87}},"264":{"start":{"line":265,"column":0},"end":{"line":265,"column":7}},"265":{"start":{"line":266,"column":0},"end":{"line":266,"column":19}},"266":{"start":{"line":267,"column":0},"end":{"line":267,"column":24}},"267":{"start":{"line":268,"column":0},"end":{"line":268,"column":68}},"268":{"start":{"line":269,"column":0},"end":{"line":269,"column":7}},"269":{"start":{"line":270,"column":0},"end":{"line":270,"column":3}},"271":{"start":{"line":272,"column":0},"end":{"line":272,"column":33}},"273":{"start":{"line":274,"column":0},"end":{"line":274,"column":36}},"274":{"start":{"line":275,"column":0},"end":{"line":275,"column":19}},"275":{"start":{"line":276,"column":0},"end":{"line":276,"column":19}},"276":{"start":{"line":277,"column":0},"end":{"line":277,"column":25}},"277":{"start":{"line":278,"column":0},"end":{"line":278,"column":7}},"278":{"start":{"line":279,"column":0},"end":{"line":279,"column":3}},"280":{"start":{"line":281,"column":0},"end":{"line":281,"column":61}},"281":{"start":{"line":282,"column":0},"end":{"line":282,"column":38}},"282":{"start":{"line":283,"column":0},"end":{"line":283,"column":1}},"284":{"start":{"line":285,"column":0},"end":{"line":285,"column":33}},"285":{"start":{"line":286,"column":0},"end":{"line":286,"column":32}},"286":{"start":{"line":287,"column":0},"end":{"line":287,"column":31}},"287":{"start":{"line":288,"column":0},"end":{"line":288,"column":22}},"288":{"start":{"line":289,"column":0},"end":{"line":289,"column":11}},"289":{"start":{"line":290,"column":0},"end":{"line":290,"column":49}},"290":{"start":{"line":291,"column":0},"end":{"line":291,"column":57}},"291":{"start":{"line":292,"column":0},"end":{"line":292,"column":21}},"292":{"start":{"line":293,"column":0},"end":{"line":293,"column":1}},"294":{"start":{"line":295,"column":0},"end":{"line":295,"column":66}},"295":{"start":{"line":296,"column":0},"end":{"line":296,"column":48}},"296":{"start":{"line":297,"column":0},"end":{"line":297,"column":37}},"297":{"start":{"line":298,"column":0},"end":{"line":298,"column":38}},"298":{"start":{"line":299,"column":0},"end":{"line":299,"column":1}},"300":{"start":{"line":301,"column":0},"end":{"line":301,"column":44}},"301":{"start":{"line":302,"column":0},"end":{"line":302,"column":46}},"302":{"start":{"line":303,"column":0},"end":{"line":303,"column":1}},"310":{"start":{"line":311,"column":0},"end":{"line":311,"column":61}},"313":{"start":{"line":314,"column":0},"end":{"line":314,"column":3}},"314":{"start":{"line":315,"column":0},"end":{"line":315,"column":53}},"315":{"start":{"line":316,"column":0},"end":{"line":316,"column":79}},"317":{"start":{"line":318,"column":0},"end":{"line":318,"column":55}},"318":{"start":{"line":319,"column":0},"end":{"line":319,"column":71}},"319":{"start":{"line":320,"column":0},"end":{"line":320,"column":51}},"320":{"start":{"line":321,"column":0},"end":{"line":321,"column":84}},"322":{"start":{"line":323,"column":0},"end":{"line":323,"column":7}},"323":{"start":{"line":324,"column":0},"end":{"line":324,"column":66}},"324":{"start":{"line":325,"column":0},"end":{"line":325,"column":8}},"325":{"start":{"line":326,"column":0},"end":{"line":326,"column":29}},"326":{"start":{"line":327,"column":0},"end":{"line":327,"column":42}},"327":{"start":{"line":328,"column":0},"end":{"line":328,"column":41}},"328":{"start":{"line":329,"column":0},"end":{"line":329,"column":30}},"329":{"start":{"line":330,"column":0},"end":{"line":330,"column":26}},"330":{"start":{"line":331,"column":0},"end":{"line":331,"column":7}},"331":{"start":{"line":332,"column":0},"end":{"line":332,"column":45}},"332":{"start":{"line":333,"column":0},"end":{"line":333,"column":5}},"333":{"start":{"line":334,"column":0},"end":{"line":334,"column":24}},"334":{"start":{"line":335,"column":0},"end":{"line":335,"column":112}},"335":{"start":{"line":336,"column":0},"end":{"line":336,"column":37}},"336":{"start":{"line":337,"column":0},"end":{"line":337,"column":15}},"337":{"start":{"line":338,"column":0},"end":{"line":338,"column":12}},"338":{"start":{"line":339,"column":0},"end":{"line":339,"column":16}},"339":{"start":{"line":340,"column":0},"end":{"line":340,"column":19}},"340":{"start":{"line":341,"column":0},"end":{"line":341,"column":26}},"341":{"start":{"line":342,"column":0},"end":{"line":342,"column":37}},"342":{"start":{"line":343,"column":0},"end":{"line":343,"column":35}},"343":{"start":{"line":344,"column":0},"end":{"line":344,"column":21}},"344":{"start":{"line":345,"column":0},"end":{"line":345,"column":8}},"345":{"start":{"line":346,"column":0},"end":{"line":346,"column":6}},"346":{"start":{"line":347,"column":0},"end":{"line":347,"column":11}},"347":{"start":{"line":348,"column":0},"end":{"line":348,"column":43}},"348":{"start":{"line":349,"column":0},"end":{"line":349,"column":3}},"349":{"start":{"line":350,"column":0},"end":{"line":350,"column":1}},"364":{"start":{"line":365,"column":0},"end":{"line":365,"column":63}},"366":{"start":{"line":367,"column":0},"end":{"line":367,"column":3}},"367":{"start":{"line":368,"column":0},"end":{"line":368,"column":55}},"368":{"start":{"line":369,"column":0},"end":{"line":369,"column":48}},"370":{"start":{"line":371,"column":0},"end":{"line":371,"column":73}},"371":{"start":{"line":372,"column":0},"end":{"line":372,"column":53}},"372":{"start":{"line":373,"column":0},"end":{"line":373,"column":84}},"374":{"start":{"line":375,"column":0},"end":{"line":375,"column":7}},"375":{"start":{"line":376,"column":0},"end":{"line":376,"column":66}},"376":{"start":{"line":377,"column":0},"end":{"line":377,"column":8}},"377":{"start":{"line":378,"column":0},"end":{"line":378,"column":42}},"378":{"start":{"line":379,"column":0},"end":{"line":379,"column":41}},"379":{"start":{"line":380,"column":0},"end":{"line":380,"column":30}},"380":{"start":{"line":381,"column":0},"end":{"line":381,"column":26}},"381":{"start":{"line":382,"column":0},"end":{"line":382,"column":7}},"382":{"start":{"line":383,"column":0},"end":{"line":383,"column":34}},"383":{"start":{"line":384,"column":0},"end":{"line":384,"column":5}},"384":{"start":{"line":385,"column":0},"end":{"line":385,"column":12}},"385":{"start":{"line":386,"column":0},"end":{"line":386,"column":79}},"386":{"start":{"line":387,"column":0},"end":{"line":387,"column":6}},"387":{"start":{"line":388,"column":0},"end":{"line":388,"column":11}},"388":{"start":{"line":389,"column":0},"end":{"line":389,"column":32}},"389":{"start":{"line":390,"column":0},"end":{"line":390,"column":3}},"390":{"start":{"line":391,"column":0},"end":{"line":391,"column":1}}},"s":{"0":1,"1":1,"4":1,"5":1,"7":1,"10":1,"11":1,"14":1,"15":1,"26":1,"27":1,"29":1,"32":1,"40":1,"48":0,"49":0,"50":0,"51":0,"52":0,"53":0,"54":0,"55":0,"56":0,"57":0,"58":0,"59":0,"60":0,"61":0,"64":0,"65":0,"66":0,"106":1,"107":0,"108":0,"109":0,"111":0,"112":0,"113":0,"114":0,"115":0,"116":0,"117":0,"119":0,"120":0,"121":0,"122":0,"123":0,"124":0,"126":0,"127":0,"128":0,"129":0,"130":0,"131":0,"146":1,"147":4,"148":1,"149":1,"151":1,"164":10,"165":10,"166":10,"169":10,"170":0,"171":0,"172":10,"173":0,"174":0,"176":10,"177":10,"178":0,"179":0,"183":0,"184":0,"185":0,"188":0,"189":0,"190":0,"191":0,"193":10,"194":1,"195":1,"197":10,"198":10,"199":10,"200":10,"201":10,"202":10,"204":10,"205":3,"206":3,"207":3,"208":3,"209":3,"210":3,"212":3,"214":2,"215":2,"216":2,"217":0,"218":0,"219":2,"220":2,"221":2,"223":2,"224":0,"225":0,"226":2,"227":0,"228":0,"229":2,"230":0,"231":0,"232":2,"233":0,"234":0,"235":2,"236":2,"237":2,"238":2,"239":2,"240":2,"241":3,"243":1,"244":1,"245":1,"246":1,"247":1,"248":1,"249":1,"251":3,"252":3,"253":3,"254":3,"255":2,"256":1,"257":3,"258":3,"260":10,"261":1,"262":1,"263":1,"264":1,"265":1,"266":1,"267":1,"268":1,"269":1,"271":10,"273":3,"274":2,"275":2,"276":2,"277":2,"278":2,"280":10,"281":10,"282":10,"284":1,"285":5,"286":5,"287":5,"288":5,"289":5,"290":5,"291":2,"292":2,"294":1,"295":7,"296":7,"297":6,"298":6,"300":7,"301":7,"302":7,"310":1,"313":9,"314":9,"315":9,"317":8,"318":8,"319":8,"320":9,"322":9,"323":9,"324":9,"325":9,"326":6,"327":6,"328":6,"329":5,"330":9,"331":2,"332":2,"333":5,"334":9,"335":1,"336":4,"337":9,"338":9,"339":9,"340":9,"341":9,"342":9,"343":9,"344":9,"345":9,"346":9,"347":1,"348":1,"349":9,"364":1,"366":5,"367":5,"368":5,"370":4,"371":4,"372":5,"374":5,"375":5,"376":5,"377":5,"378":3,"379":3,"380":2,"381":5,"382":2,"383":2,"384":1,"385":1,"386":1,"387":1,"388":1,"389":1,"390":5},"branchMap":{"0":{"type":"branch","line":147,"loc":{"start":{"line":147,"column":7},"end":{"line":150,"column":1}},"locations":[{"start":{"line":147,"column":7},"end":{"line":150,"column":1}}]},"1":{"type":"branch","line":148,"loc":{"start":{"line":148,"column":39},"end":{"line":148,"column":51}},"locations":[{"start":{"line":148,"column":39},"end":{"line":148,"column":51}}]},"2":{"type":"branch","line":148,"loc":{"start":{"line":148,"column":46},"end":{"line":150,"column":1}},"locations":[{"start":{"line":148,"column":46},"end":{"line":150,"column":1}}]},"3":{"type":"branch","line":152,"loc":{"start":{"line":152,"column":7},"end":{"line":283,"column":1}},"locations":[{"start":{"line":152,"column":7},"end":{"line":283,"column":1}}]},"4":{"type":"branch","line":166,"loc":{"start":{"line":166,"column":26},"end":{"line":166,"column":59}},"locations":[{"start":{"line":166,"column":26},"end":{"line":166,"column":59}}]},"5":{"type":"branch","line":170,"loc":{"start":{"line":170,"column":23},"end":{"line":172,"column":3}},"locations":[{"start":{"line":170,"column":23},"end":{"line":172,"column":3}}]},"6":{"type":"branch","line":173,"loc":{"start":{"line":173,"column":25},"end":{"line":175,"column":3}},"locations":[{"start":{"line":173,"column":25},"end":{"line":175,"column":3}}]},"7":{"type":"branch","line":178,"loc":{"start":{"line":178,"column":22},"end":{"line":192,"column":3}},"locations":[{"start":{"line":178,"column":22},"end":{"line":192,"column":3}}]},"8":{"type":"branch","line":194,"loc":{"start":{"line":194,"column":11},"end":{"line":194,"column":61}},"locations":[{"start":{"line":194,"column":11},"end":{"line":194,"column":61}}]},"9":{"type":"branch","line":194,"loc":{"start":{"line":194,"column":61},"end":{"line":196,"column":3}},"locations":[{"start":{"line":194,"column":61},"end":{"line":196,"column":3}}]},"10":{"type":"branch","line":205,"loc":{"start":{"line":205,"column":28},"end":{"line":259,"column":3}},"locations":[{"start":{"line":205,"column":28},"end":{"line":259,"column":3}}]},"11":{"type":"branch","line":210,"loc":{"start":{"line":210,"column":28},"end":{"line":210,"column":56}},"locations":[{"start":{"line":210,"column":28},"end":{"line":210,"column":56}}]},"12":{"type":"branch","line":210,"loc":{"start":{"line":210,"column":37},"end":{"line":210,"column":75}},"locations":[{"start":{"line":210,"column":37},"end":{"line":210,"column":75}}]},"13":{"type":"branch","line":213,"loc":{"start":{"line":213,"column":16},"end":{"line":242,"column":11}},"locations":[{"start":{"line":213,"column":16},"end":{"line":242,"column":11}}]},"14":{"type":"branch","line":217,"loc":{"start":{"line":217,"column":6},"end":{"line":219,"column":7}},"locations":[{"start":{"line":217,"column":6},"end":{"line":219,"column":7}}]},"15":{"type":"branch","line":224,"loc":{"start":{"line":224,"column":14},"end":{"line":224,"column":38}},"locations":[{"start":{"line":224,"column":14},"end":{"line":224,"column":38}}]},"16":{"type":"branch","line":224,"loc":{"start":{"line":224,"column":38},"end":{"line":226,"column":7}},"locations":[{"start":{"line":224,"column":38},"end":{"line":226,"column":7}}]},"17":{"type":"branch","line":227,"loc":{"start":{"line":227,"column":14},"end":{"line":227,"column":35}},"locations":[{"start":{"line":227,"column":14},"end":{"line":227,"column":35}}]},"18":{"type":"branch","line":227,"loc":{"start":{"line":227,"column":35},"end":{"line":229,"column":7}},"locations":[{"start":{"line":227,"column":35},"end":{"line":229,"column":7}}]},"19":{"type":"branch","line":230,"loc":{"start":{"line":230,"column":14},"end":{"line":230,"column":41}},"locations":[{"start":{"line":230,"column":14},"end":{"line":230,"column":41}}]},"20":{"type":"branch","line":230,"loc":{"start":{"line":230,"column":41},"end":{"line":232,"column":7}},"locations":[{"start":{"line":230,"column":41},"end":{"line":232,"column":7}}]},"21":{"type":"branch","line":233,"loc":{"start":{"line":233,"column":14},"end":{"line":233,"column":41}},"locations":[{"start":{"line":233,"column":14},"end":{"line":233,"column":41}}]},"22":{"type":"branch","line":233,"loc":{"start":{"line":233,"column":41},"end":{"line":235,"column":7}},"locations":[{"start":{"line":233,"column":41},"end":{"line":235,"column":7}}]},"23":{"type":"branch","line":242,"loc":{"start":{"line":242,"column":4},"end":{"line":250,"column":5}},"locations":[{"start":{"line":242,"column":4},"end":{"line":250,"column":5}}]},"24":{"type":"branch","line":245,"loc":{"start":{"line":245,"column":88},"end":{"line":245,"column":114}},"locations":[{"start":{"line":245,"column":88},"end":{"line":245,"column":114}}]},"25":{"type":"branch","line":255,"loc":{"start":{"line":255,"column":15},"end":{"line":256,"column":199}},"locations":[{"start":{"line":255,"column":15},"end":{"line":256,"column":199}}]},"26":{"type":"branch","line":256,"loc":{"start":{"line":256,"column":10},"end":{"line":257,"column":90}},"locations":[{"start":{"line":256,"column":10},"end":{"line":257,"column":90}}]},"27":{"type":"branch","line":261,"loc":{"start":{"line":261,"column":24},"end":{"line":270,"column":3}},"locations":[{"start":{"line":261,"column":24},"end":{"line":270,"column":3}}]},"28":{"type":"branch","line":272,"loc":{"start":{"line":272,"column":32},"end":{"line":279,"column":3}},"locations":[{"start":{"line":272,"column":32},"end":{"line":279,"column":3}}]},"29":{"type":"branch","line":274,"loc":{"start":{"line":274,"column":27},"end":{"line":274,"column":36}},"locations":[{"start":{"line":274,"column":27},"end":{"line":274,"column":36}}]},"30":{"type":"branch","line":274,"loc":{"start":{"line":274,"column":27},"end":{"line":279,"column":3}},"locations":[{"start":{"line":274,"column":27},"end":{"line":279,"column":3}}]},"31":{"type":"branch","line":285,"loc":{"start":{"line":285,"column":7},"end":{"line":293,"column":1}},"locations":[{"start":{"line":285,"column":7},"end":{"line":293,"column":1}}]},"32":{"type":"branch","line":290,"loc":{"start":{"line":290,"column":6},"end":{"line":290,"column":22}},"locations":[{"start":{"line":290,"column":6},"end":{"line":290,"column":22}}]},"33":{"type":"branch","line":290,"loc":{"start":{"line":290,"column":25},"end":{"line":290,"column":49}},"locations":[{"start":{"line":290,"column":25},"end":{"line":290,"column":49}}]},"34":{"type":"branch","line":290,"loc":{"start":{"line":290,"column":47},"end":{"line":291,"column":21}},"locations":[{"start":{"line":290,"column":47},"end":{"line":291,"column":21}}]},"35":{"type":"branch","line":291,"loc":{"start":{"line":291,"column":6},"end":{"line":291,"column":26}},"locations":[{"start":{"line":291,"column":6},"end":{"line":291,"column":26}}]},"36":{"type":"branch","line":291,"loc":{"start":{"line":291,"column":29},"end":{"line":293,"column":1}},"locations":[{"start":{"line":291,"column":29},"end":{"line":293,"column":1}}]},"37":{"type":"branch","line":295,"loc":{"start":{"line":295,"column":7},"end":{"line":299,"column":1}},"locations":[{"start":{"line":295,"column":7},"end":{"line":299,"column":1}}]},"38":{"type":"branch","line":296,"loc":{"start":{"line":296,"column":12},"end":{"line":296,"column":45}},"locations":[{"start":{"line":296,"column":12},"end":{"line":296,"column":45}}]},"39":{"type":"branch","line":296,"loc":{"start":{"line":296,"column":41},"end":{"line":296,"column":48}},"locations":[{"start":{"line":296,"column":41},"end":{"line":296,"column":48}}]},"40":{"type":"branch","line":297,"loc":{"start":{"line":297,"column":27},"end":{"line":297,"column":37}},"locations":[{"start":{"line":297,"column":27},"end":{"line":297,"column":37}}]},"41":{"type":"branch","line":297,"loc":{"start":{"line":297,"column":34},"end":{"line":299,"column":1}},"locations":[{"start":{"line":297,"column":34},"end":{"line":299,"column":1}}]},"42":{"type":"branch","line":301,"loc":{"start":{"line":301,"column":0},"end":{"line":303,"column":1}},"locations":[{"start":{"line":301,"column":0},"end":{"line":303,"column":1}}]},"43":{"type":"branch","line":302,"loc":{"start":{"line":302,"column":15},"end":{"line":302,"column":46}},"locations":[{"start":{"line":302,"column":15},"end":{"line":302,"column":46}}]},"44":{"type":"branch","line":311,"loc":{"start":{"line":311,"column":7},"end":{"line":350,"column":1}},"locations":[{"start":{"line":311,"column":7},"end":{"line":350,"column":1}}]},"45":{"type":"branch","line":316,"loc":{"start":{"line":316,"column":20},"end":{"line":316,"column":79}},"locations":[{"start":{"line":316,"column":20},"end":{"line":316,"column":79}}]},"46":{"type":"branch","line":316,"loc":{"start":{"line":316,"column":77},"end":{"line":321,"column":35}},"locations":[{"start":{"line":316,"column":77},"end":{"line":321,"column":35}}]},"47":{"type":"branch","line":321,"loc":{"start":{"line":321,"column":30},"end":{"line":321,"column":48}},"locations":[{"start":{"line":321,"column":30},"end":{"line":321,"column":48}}]},"48":{"type":"branch","line":321,"loc":{"start":{"line":321,"column":35},"end":{"line":321,"column":77}},"locations":[{"start":{"line":321,"column":35},"end":{"line":321,"column":77}}]},"49":{"type":"branch","line":326,"loc":{"start":{"line":326,"column":25},"end":{"line":327,"column":42}},"locations":[{"start":{"line":326,"column":25},"end":{"line":327,"column":42}}]},"50":{"type":"branch","line":327,"loc":{"start":{"line":327,"column":31},"end":{"line":328,"column":41}},"locations":[{"start":{"line":327,"column":31},"end":{"line":328,"column":41}}]},"51":{"type":"branch","line":328,"loc":{"start":{"line":328,"column":30},"end":{"line":329,"column":30}},"locations":[{"start":{"line":328,"column":30},"end":{"line":329,"column":30}}]},"52":{"type":"branch","line":329,"loc":{"start":{"line":329,"column":26},"end":{"line":330,"column":26}},"locations":[{"start":{"line":329,"column":26},"end":{"line":330,"column":26}}]},"53":{"type":"branch","line":331,"loc":{"start":{"line":331,"column":6},"end":{"line":333,"column":5}},"locations":[{"start":{"line":331,"column":6},"end":{"line":333,"column":5}}]},"54":{"type":"branch","line":333,"loc":{"start":{"line":333,"column":4},"end":{"line":335,"column":50}},"locations":[{"start":{"line":333,"column":4},"end":{"line":335,"column":50}}]},"55":{"type":"branch","line":335,"loc":{"start":{"line":335,"column":38},"end":{"line":335,"column":81}},"locations":[{"start":{"line":335,"column":38},"end":{"line":335,"column":81}}]},"56":{"type":"branch","line":335,"loc":{"start":{"line":335,"column":76},"end":{"line":335,"column":112}},"locations":[{"start":{"line":335,"column":76},"end":{"line":335,"column":112}}]},"57":{"type":"branch","line":335,"loc":{"start":{"line":335,"column":106},"end":{"line":336,"column":37}},"locations":[{"start":{"line":335,"column":106},"end":{"line":336,"column":37}}]},"58":{"type":"branch","line":336,"loc":{"start":{"line":336,"column":36},"end":{"line":337,"column":15}},"locations":[{"start":{"line":336,"column":36},"end":{"line":337,"column":15}}]},"59":{"type":"branch","line":347,"loc":{"start":{"line":347,"column":2},"end":{"line":349,"column":3}},"locations":[{"start":{"line":347,"column":2},"end":{"line":349,"column":3}}]},"60":{"type":"branch","line":365,"loc":{"start":{"line":365,"column":7},"end":{"line":391,"column":1}},"locations":[{"start":{"line":365,"column":7},"end":{"line":391,"column":1}}]},"61":{"type":"branch","line":369,"loc":{"start":{"line":369,"column":20},"end":{"line":369,"column":48}},"locations":[{"start":{"line":369,"column":20},"end":{"line":369,"column":48}}]},"62":{"type":"branch","line":369,"loc":{"start":{"line":369,"column":46},"end":{"line":373,"column":35}},"locations":[{"start":{"line":369,"column":46},"end":{"line":373,"column":35}}]},"63":{"type":"branch","line":373,"loc":{"start":{"line":373,"column":30},"end":{"line":373,"column":48}},"locations":[{"start":{"line":373,"column":30},"end":{"line":373,"column":48}}]},"64":{"type":"branch","line":373,"loc":{"start":{"line":373,"column":35},"end":{"line":373,"column":77}},"locations":[{"start":{"line":373,"column":35},"end":{"line":373,"column":77}}]},"65":{"type":"branch","line":378,"loc":{"start":{"line":378,"column":31},"end":{"line":379,"column":41}},"locations":[{"start":{"line":378,"column":31},"end":{"line":379,"column":41}}]},"66":{"type":"branch","line":379,"loc":{"start":{"line":379,"column":30},"end":{"line":380,"column":30}},"locations":[{"start":{"line":379,"column":30},"end":{"line":380,"column":30}}]},"67":{"type":"branch","line":380,"loc":{"start":{"line":380,"column":26},"end":{"line":381,"column":26}},"locations":[{"start":{"line":380,"column":26},"end":{"line":381,"column":26}}]},"68":{"type":"branch","line":382,"loc":{"start":{"line":382,"column":6},"end":{"line":384,"column":5}},"locations":[{"start":{"line":382,"column":6},"end":{"line":384,"column":5}}]},"69":{"type":"branch","line":384,"loc":{"start":{"line":384,"column":4},"end":{"line":390,"column":3}},"locations":[{"start":{"line":384,"column":4},"end":{"line":390,"column":3}}]}},"b":{"0":[4],"1":[3],"2":[1],"3":[10],"4":[9],"5":[0],"6":[0],"7":[0],"8":[1],"9":[1],"10":[3],"11":[2],"12":[1],"13":[2],"14":[0],"15":[0],"16":[0],"17":[0],"18":[0],"19":[0],"20":[0],"21":[0],"22":[0],"23":[1],"24":[0],"25":[2],"26":[1],"27":[1],"28":[3],"29":[1],"30":[2],"31":[5],"32":[2],"33":[1],"34":[4],"35":[3],"36":[2],"37":[7],"38":[6],"39":[1],"40":[1],"41":[6],"42":[7],"43":[2],"44":[9],"45":[1],"46":[8],"47":[0],"48":[8],"49":[6],"50":[6],"51":[6],"52":[5],"53":[2],"54":[5],"55":[2],"56":[2],"57":[1],"58":[4],"59":[1],"60":[5],"61":[1],"62":[4],"63":[0],"64":[4],"65":[3],"66":[3],"67":[2],"68":[2],"69":[1]},"fnMap":{"0":{"name":"ensureParceiroPrompt","decl":{"start":{"line":49,"column":0},"end":{"line":62,"column":1}},"loc":{"start":{"line":49,"column":0},"end":{"line":62,"column":1}},"line":49},"1":{"name":"approxTokens","decl":{"start":{"line":65,"column":0},"end":{"line":67,"column":1}},"loc":{"start":{"line":65,"column":0},"end":{"line":67,"column":1}},"line":65},"2":{"name":"buildMemoryContext","decl":{"start":{"line":107,"column":7},"end":{"line":132,"column":1}},"loc":{"start":{"line":107,"column":7},"end":{"line":132,"column":1}},"line":107},"3":{"name":"truncatePageContext","decl":{"start":{"line":147,"column":7},"end":{"line":150,"column":1}},"loc":{"start":{"line":147,"column":7},"end":{"line":150,"column":1}},"line":147},"4":{"name":"buildOpenRouterMessages","decl":{"start":{"line":152,"column":7},"end":{"line":283,"column":1}},"loc":{"start":{"line":152,"column":7},"end":{"line":283,"column":1}},"line":152},"5":{"name":"resolveChatModel","decl":{"start":{"line":285,"column":7},"end":{"line":293,"column":1}},"loc":{"start":{"line":285,"column":7},"end":{"line":293,"column":1}},"line":285},"6":{"name":"resolveHistoryWindow","decl":{"start":{"line":295,"column":7},"end":{"line":299,"column":1}},"loc":{"start":{"line":295,"column":7},"end":{"line":299,"column":1}},"line":295},"7":{"name":"isTipo","decl":{"start":{"line":301,"column":0},"end":{"line":303,"column":1}},"loc":{"start":{"line":301,"column":0},"end":{"line":303,"column":1}},"line":301},"8":{"name":"extractNoteSuggestion","decl":{"start":{"line":311,"column":7},"end":{"line":350,"column":1}},"loc":{"start":{"line":311,"column":7},"end":{"line":350,"column":1}},"line":311},"9":{"name":"extractMemorySuggestion","decl":{"start":{"line":365,"column":7},"end":{"line":391,"column":1}},"loc":{"start":{"line":365,"column":7},"end":{"line":391,"column":1}},"line":365}},"f":{"0":0,"1":0,"2":0,"3":4,"4":10,"5":5,"6":7,"7":7,"8":9,"9":5}}
,"/home/ifernandes/Projetos/zetel/lib/chat-service.ts": {"path":"/home/ifernandes/Projetos/zetel/lib/chat-service.ts","all":true,"statementMap":{"0":{"start":{"line":1,"column":0},"end":{"line":1,"column":41}},"3":{"start":{"line":4,"column":0},"end":{"line":4,"column":34}},"16":{"start":{"line":17,"column":0},"end":{"line":17,"column":69}},"17":{"start":{"line":18,"column":0},"end":{"line":18,"column":29}},"18":{"start":{"line":19,"column":0},"end":{"line":19,"column":7}},"19":{"start":{"line":20,"column":0},"end":{"line":20,"column":46}},"20":{"start":{"line":21,"column":0},"end":{"line":21,"column":11}},"21":{"start":{"line":22,"column":0},"end":{"line":22,"column":80}},"22":{"start":{"line":23,"column":0},"end":{"line":23,"column":3}},"23":{"start":{"line":24,"column":0},"end":{"line":24,"column":1}},"25":{"start":{"line":26,"column":0},"end":{"line":26,"column":57}},"26":{"start":{"line":27,"column":0},"end":{"line":27,"column":10}},"27":{"start":{"line":28,"column":0},"end":{"line":28,"column":15}},"28":{"start":{"line":29,"column":0},"end":{"line":29,"column":26}},"29":{"start":{"line":30,"column":0},"end":{"line":30,"column":19}},"30":{"start":{"line":31,"column":0},"end":{"line":31,"column":25}},"31":{"start":{"line":32,"column":0},"end":{"line":32,"column":30}},"32":{"start":{"line":33,"column":0},"end":{"line":33,"column":21}},"33":{"start":{"line":34,"column":0},"end":{"line":34,"column":30}},"34":{"start":{"line":35,"column":0},"end":{"line":35,"column":30}},"35":{"start":{"line":36,"column":0},"end":{"line":36,"column":4}},"36":{"start":{"line":37,"column":0},"end":{"line":37,"column":1}},"39":{"start":{"line":40,"column":0},"end":{"line":40,"column":85}},"40":{"start":{"line":41,"column":0},"end":{"line":41,"column":17}},"41":{"start":{"line":42,"column":0},"end":{"line":42,"column":13}},"42":{"start":{"line":43,"column":0},"end":{"line":43,"column":79}},"43":{"start":{"line":44,"column":0},"end":{"line":44,"column":5}},"44":{"start":{"line":45,"column":0},"end":{"line":45,"column":38}},"45":{"start":{"line":46,"column":0},"end":{"line":46,"column":32}},"46":{"start":{"line":47,"column":0},"end":{"line":47,"column":1}},"49":{"start":{"line":50,"column":0},"end":{"line":50,"column":35}},"50":{"start":{"line":51,"column":0},"end":{"line":51,"column":24}},"51":{"start":{"line":52,"column":0},"end":{"line":52,"column":18}},"52":{"start":{"line":53,"column":0},"end":{"line":53,"column":16}},"53":{"start":{"line":54,"column":0},"end":{"line":54,"column":18}},"54":{"start":{"line":55,"column":0},"end":{"line":55,"column":17}},"55":{"start":{"line":56,"column":0},"end":{"line":56,"column":13}},"56":{"start":{"line":57,"column":0},"end":{"line":57,"column":53}},"58":{"start":{"line":59,"column":0},"end":{"line":59,"column":5}},"59":{"start":{"line":60,"column":0},"end":{"line":60,"column":45}},"60":{"start":{"line":61,"column":0},"end":{"line":61,"column":42}},"61":{"start":{"line":62,"column":0},"end":{"line":62,"column":1}},"63":{"start":{"line":64,"column":0},"end":{"line":64,"column":86}},"64":{"start":{"line":65,"column":0},"end":{"line":65,"column":26}},"65":{"start":{"line":66,"column":0},"end":{"line":66,"column":45}},"66":{"start":{"line":67,"column":0},"end":{"line":67,"column":58}},"67":{"start":{"line":68,"column":0},"end":{"line":68,"column":13}},"68":{"start":{"line":69,"column":0},"end":{"line":69,"column":97}},"70":{"start":{"line":71,"column":0},"end":{"line":71,"column":91}},"71":{"start":{"line":72,"column":0},"end":{"line":72,"column":96}},"72":{"start":{"line":73,"column":0},"end":{"line":73,"column":10}},"73":{"start":{"line":74,"column":0},"end":{"line":74,"column":7}},"74":{"start":{"line":75,"column":0},"end":{"line":75,"column":25}},"75":{"start":{"line":76,"column":0},"end":{"line":76,"column":19}},"76":{"start":{"line":77,"column":0},"end":{"line":77,"column":25}},"77":{"start":{"line":78,"column":0},"end":{"line":78,"column":29}},"78":{"start":{"line":79,"column":0},"end":{"line":79,"column":21}},"79":{"start":{"line":80,"column":0},"end":{"line":80,"column":14}},"80":{"start":{"line":81,"column":0},"end":{"line":81,"column":19}},"81":{"start":{"line":82,"column":0},"end":{"line":82,"column":4}},"82":{"start":{"line":83,"column":0},"end":{"line":83,"column":1}},"85":{"start":{"line":86,"column":0},"end":{"line":86,"column":34}},"86":{"start":{"line":87,"column":0},"end":{"line":87,"column":24}},"87":{"start":{"line":88,"column":0},"end":{"line":88,"column":20}},"88":{"start":{"line":89,"column":0},"end":{"line":89,"column":25}},"89":{"start":{"line":90,"column":0},"end":{"line":90,"column":9}},"90":{"start":{"line":91,"column":0},"end":{"line":91,"column":16}},"91":{"start":{"line":92,"column":0},"end":{"line":92,"column":59}},"92":{"start":{"line":93,"column":0},"end":{"line":93,"column":59}},"93":{"start":{"line":94,"column":0},"end":{"line":94,"column":19}},"94":{"start":{"line":95,"column":0},"end":{"line":95,"column":71}},"95":{"start":{"line":96,"column":0},"end":{"line":96,"column":102}},"96":{"start":{"line":97,"column":0},"end":{"line":97,"column":58}},"97":{"start":{"line":98,"column":0},"end":{"line":98,"column":1}},"99":{"start":{"line":100,"column":0},"end":{"line":100,"column":76}},"100":{"start":{"line":101,"column":0},"end":{"line":101,"column":74}},"101":{"start":{"line":102,"column":0},"end":{"line":102,"column":51}},"102":{"start":{"line":103,"column":0},"end":{"line":103,"column":1}},"105":{"start":{"line":106,"column":0},"end":{"line":106,"column":31}},"106":{"start":{"line":107,"column":0},"end":{"line":107,"column":24}},"107":{"start":{"line":108,"column":0},"end":{"line":108,"column":18}},"108":{"start":{"line":109,"column":0},"end":{"line":109,"column":20}},"109":{"start":{"line":110,"column":0},"end":{"line":110,"column":68}},"110":{"start":{"line":111,"column":0},"end":{"line":111,"column":16}},"111":{"start":{"line":112,"column":0},"end":{"line":112,"column":13}},"112":{"start":{"line":113,"column":0},"end":{"line":113,"column":60}},"114":{"start":{"line":115,"column":0},"end":{"line":115,"column":5}},"115":{"start":{"line":116,"column":0},"end":{"line":116,"column":31}},"118":{"start":{"line":119,"column":0},"end":{"line":119,"column":24}},"119":{"start":{"line":120,"column":0},"end":{"line":120,"column":85}},"120":{"start":{"line":121,"column":0},"end":{"line":121,"column":1}}},"s":{"0":0,"3":0,"16":0,"17":0,"18":0,"19":0,"20":0,"21":0,"22":0,"23":0,"25":0,"26":0,"27":0,"28":0,"29":0,"30":0,"31":0,"32":0,"33":0,"34":0,"35":0,"36":0,"39":0,"40":0,"41":0,"42":0,"43":0,"44":0,"45":0,"46":0,"49":0,"50":0,"51":0,"52":0,"53":0,"54":0,"55":0,"56":0,"58":0,"59":0,"60":0,"61":0,"63":0,"64":0,"65":0,"66":0,"67":0,"68":0,"70":0,"71":0,"72":0,"73":0,"74":0,"75":0,"76":0,"77":0,"78":0,"79":0,"80":0,"81":0,"82":0,"85":0,"86":0,"87":0,"88":0,"89":0,"90":0,"91":0,"92":0,"93":0,"94":0,"95":0,"96":0,"97":0,"99":0,"100":0,"101":0,"102":0,"105":0,"106":0,"107":0,"108":0,"109":0,"110":0,"111":0,"112":0,"114":0,"115":0,"118":0,"119":0,"120":0},"branchMap":{"0":{"type":"branch","line":1,"loc":{"start":{"line":1,"column":3844},"end":{"line":121,"column":1}},"locations":[{"start":{"line":1,"column":3844},"end":{"line":121,"column":1}}]}},"b":{"0":[0]},"fnMap":{"0":{"name":"(empty-report)","decl":{"start":{"line":1,"column":3844},"end":{"line":121,"column":1}},"loc":{"start":{"line":1,"column":3844},"end":{"line":121,"column":1}},"line":1}},"f":{"0":0}}
,"/home/ifernandes/Projetos/zetel/lib/format-utils.ts": {"path":"/home/ifernandes/Projetos/zetel/lib/format-utils.ts","all":false,"statementMap":{"1":{"start":{"line":2,"column":0},"end":{"line":2,"column":59}},"2":{"start":{"line":3,"column":0},"end":{"line":3,"column":33}},"3":{"start":{"line":4,"column":0},"end":{"line":4,"column":40}},"4":{"start":{"line":5,"column":0},"end":{"line":5,"column":26}},"5":{"start":{"line":6,"column":0},"end":{"line":6,"column":47}},"6":{"start":{"line":7,"column":0},"end":{"line":7,"column":23}},"7":{"start":{"line":8,"column":0},"end":{"line":8,"column":49}},"8":{"start":{"line":9,"column":0},"end":{"line":9,"column":1}}},"s":{"1":1,"2":10,"3":10,"4":6,"5":10,"6":3,"7":3,"8":3},"branchMap":{"0":{"type":"branch","line":2,"loc":{"start":{"line":2,"column":7},"end":{"line":9,"column":1}},"locations":[{"start":{"line":2,"column":7},"end":{"line":9,"column":1}}]},"1":{"type":"branch","line":3,"loc":{"start":{"line":3,"column":22},"end":{"line":3,"column":33}},"locations":[{"start":{"line":3,"column":22},"end":{"line":3,"column":33}}]},"2":{"type":"branch","line":3,"loc":{"start":{"line":3,"column":29},"end":{"line":4,"column":27}},"locations":[{"start":{"line":3,"column":29},"end":{"line":4,"column":27}}]},"3":{"type":"branch","line":4,"loc":{"start":{"line":4,"column":20},"end":{"line":4,"column":40}},"locations":[{"start":{"line":4,"column":20},"end":{"line":4,"column":40}}]},"4":{"type":"branch","line":4,"loc":{"start":{"line":4,"column":35},"end":{"line":6,"column":24}},"locations":[{"start":{"line":4,"column":35},"end":{"line":6,"column":24}}]},"5":{"type":"branch","line":6,"loc":{"start":{"line":6,"column":17},"end":{"line":9,"column":1}},"locations":[{"start":{"line":6,"column":17},"end":{"line":9,"column":1}}]}},"b":{"0":[10],"1":[1],"2":[9],"3":[3],"4":[6],"5":[3]},"fnMap":{"0":{"name":"formatBytes","decl":{"start":{"line":2,"column":7},"end":{"line":9,"column":1}},"loc":{"start":{"line":2,"column":7},"end":{"line":9,"column":1}},"line":2}},"f":{"0":10}}
,"/home/ifernandes/Projetos/zetel/lib/ingestao-service.ts": {"path":"/home/ifernandes/Projetos/zetel/lib/ingestao-service.ts","all":false,"statementMap":{"1":{"start":{"line":2,"column":0},"end":{"line":2,"column":53}},"2":{"start":{"line":3,"column":0},"end":{"line":3,"column":8}},"10":{"start":{"line":11,"column":0},"end":{"line":11,"column":70}},"11":{"start":{"line":12,"column":0},"end":{"line":12,"column":32}},"12":{"start":{"line":13,"column":0},"end":{"line":13,"column":51}},"13":{"start":{"line":14,"column":0},"end":{"line":14,"column":35}},"14":{"start":{"line":15,"column":0},"end":{"line":15,"column":37}},"15":{"start":{"line":16,"column":0},"end":{"line":16,"column":41}},"18":{"start":{"line":19,"column":0},"end":{"line":19,"column":34}},"19":{"start":{"line":20,"column":0},"end":{"line":20,"column":52}},"20":{"start":{"line":21,"column":0},"end":{"line":21,"column":56}},"38":{"start":{"line":39,"column":0},"end":{"line":39,"column":31}},"40":{"start":{"line":41,"column":0},"end":{"line":41,"column":42}},"42":{"start":{"line":43,"column":0},"end":{"line":43,"column":34}},"43":{"start":{"line":44,"column":0},"end":{"line":44,"column":36}},"65":{"start":{"line":66,"column":0},"end":{"line":66,"column":50}},"66":{"start":{"line":67,"column":0},"end":{"line":67,"column":10}},"67":{"start":{"line":68,"column":0},"end":{"line":68,"column":15}},"68":{"start":{"line":69,"column":0},"end":{"line":69,"column":26}},"69":{"start":{"line":70,"column":0},"end":{"line":70,"column":27}},"70":{"start":{"line":71,"column":0},"end":{"line":71,"column":32}},"71":{"start":{"line":72,"column":0},"end":{"line":72,"column":34}},"72":{"start":{"line":73,"column":0},"end":{"line":73,"column":30}},"73":{"start":{"line":74,"column":0},"end":{"line":74,"column":39}},"74":{"start":{"line":75,"column":0},"end":{"line":75,"column":30}},"75":{"start":{"line":76,"column":0},"end":{"line":76,"column":30}},"76":{"start":{"line":77,"column":0},"end":{"line":77,"column":4}},"77":{"start":{"line":78,"column":0},"end":{"line":78,"column":1}},"79":{"start":{"line":80,"column":0},"end":{"line":80,"column":63}},"80":{"start":{"line":81,"column":0},"end":{"line":81,"column":53}},"81":{"start":{"line":82,"column":0},"end":{"line":82,"column":1}},"83":{"start":{"line":84,"column":0},"end":{"line":84,"column":61}},"84":{"start":{"line":85,"column":0},"end":{"line":85,"column":51}},"85":{"start":{"line":86,"column":0},"end":{"line":86,"column":1}},"87":{"start":{"line":88,"column":0},"end":{"line":88,"column":55}},"88":{"start":{"line":89,"column":0},"end":{"line":89,"column":57}},"89":{"start":{"line":90,"column":0},"end":{"line":90,"column":1}},"92":{"start":{"line":93,"column":0},"end":{"line":93,"column":66}},"93":{"start":{"line":94,"column":0},"end":{"line":94,"column":85}},"94":{"start":{"line":95,"column":0},"end":{"line":95,"column":29}},"95":{"start":{"line":96,"column":0},"end":{"line":96,"column":12}},"96":{"start":{"line":97,"column":0},"end":{"line":97,"column":4}},"97":{"start":{"line":98,"column":0},"end":{"line":98,"column":1}},"100":{"start":{"line":101,"column":0},"end":{"line":101,"column":82}},"101":{"start":{"line":102,"column":0},"end":{"line":102,"column":42}},"102":{"start":{"line":103,"column":0},"end":{"line":103,"column":15}},"103":{"start":{"line":104,"column":0},"end":{"line":104,"column":45}},"104":{"start":{"line":105,"column":0},"end":{"line":105,"column":3}},"105":{"start":{"line":106,"column":0},"end":{"line":106,"column":24}},"106":{"start":{"line":107,"column":0},"end":{"line":107,"column":51}},"107":{"start":{"line":108,"column":0},"end":{"line":108,"column":3}},"108":{"start":{"line":109,"column":0},"end":{"line":109,"column":20}},"109":{"start":{"line":110,"column":0},"end":{"line":110,"column":1}},"116":{"start":{"line":117,"column":0},"end":{"line":117,"column":63}},"117":{"start":{"line":118,"column":0},"end":{"line":118,"column":48}},"119":{"start":{"line":120,"column":0},"end":{"line":120,"column":28}},"120":{"start":{"line":121,"column":0},"end":{"line":121,"column":55}},"121":{"start":{"line":122,"column":0},"end":{"line":122,"column":33}},"122":{"start":{"line":123,"column":0},"end":{"line":123,"column":43}},"123":{"start":{"line":124,"column":0},"end":{"line":124,"column":60}},"124":{"start":{"line":125,"column":0},"end":{"line":125,"column":3}},"126":{"start":{"line":127,"column":0},"end":{"line":127,"column":106}},"127":{"start":{"line":128,"column":0},"end":{"line":128,"column":1}},"138":{"start":{"line":139,"column":0},"end":{"line":139,"column":24}},"139":{"start":{"line":140,"column":0},"end":{"line":140,"column":24}},"140":{"start":{"line":141,"column":0},"end":{"line":141,"column":20}},"141":{"start":{"line":142,"column":0},"end":{"line":142,"column":18}},"142":{"start":{"line":143,"column":0},"end":{"line":143,"column":25}},"143":{"start":{"line":144,"column":0},"end":{"line":144,"column":14}},"144":{"start":{"line":145,"column":0},"end":{"line":145,"column":45}},"146":{"start":{"line":147,"column":0},"end":{"line":147,"column":56}},"147":{"start":{"line":148,"column":0},"end":{"line":148,"column":56}},"148":{"start":{"line":149,"column":0},"end":{"line":149,"column":3}},"150":{"start":{"line":151,"column":0},"end":{"line":151,"column":43}},"151":{"start":{"line":152,"column":0},"end":{"line":152,"column":38}},"153":{"start":{"line":154,"column":0},"end":{"line":154,"column":68}},"154":{"start":{"line":155,"column":0},"end":{"line":155,"column":7}},"155":{"start":{"line":156,"column":0},"end":{"line":156,"column":54}},"156":{"start":{"line":157,"column":0},"end":{"line":157,"column":11}},"158":{"start":{"line":159,"column":0},"end":{"line":159,"column":63}},"159":{"start":{"line":160,"column":0},"end":{"line":160,"column":3}},"161":{"start":{"line":162,"column":0},"end":{"line":162,"column":19}},"162":{"start":{"line":163,"column":0},"end":{"line":163,"column":80}},"163":{"start":{"line":164,"column":0},"end":{"line":164,"column":42}},"164":{"start":{"line":165,"column":0},"end":{"line":165,"column":58}},"166":{"start":{"line":167,"column":0},"end":{"line":167,"column":39}},"167":{"start":{"line":168,"column":0},"end":{"line":168,"column":26}},"169":{"start":{"line":170,"column":0},"end":{"line":170,"column":24}},"170":{"start":{"line":171,"column":0},"end":{"line":171,"column":15}},"171":{"start":{"line":172,"column":0},"end":{"line":172,"column":30}},"174":{"start":{"line":175,"column":0},"end":{"line":175,"column":55}},"175":{"start":{"line":176,"column":0},"end":{"line":176,"column":27}},"176":{"start":{"line":177,"column":0},"end":{"line":177,"column":7}},"178":{"start":{"line":179,"column":0},"end":{"line":179,"column":51}},"179":{"start":{"line":180,"column":0},"end":{"line":180,"column":19}},"180":{"start":{"line":181,"column":0},"end":{"line":181,"column":81}},"181":{"start":{"line":182,"column":0},"end":{"line":182,"column":4}},"182":{"start":{"line":183,"column":0},"end":{"line":183,"column":1}},"190":{"start":{"line":191,"column":0},"end":{"line":191,"column":26}},"191":{"start":{"line":192,"column":0},"end":{"line":192,"column":24}},"192":{"start":{"line":193,"column":0},"end":{"line":193,"column":20}},"193":{"start":{"line":194,"column":0},"end":{"line":194,"column":18}},"194":{"start":{"line":195,"column":0},"end":{"line":195,"column":16}},"195":{"start":{"line":196,"column":0},"end":{"line":196,"column":45}},"196":{"start":{"line":197,"column":0},"end":{"line":197,"column":43}},"198":{"start":{"line":199,"column":0},"end":{"line":199,"column":17}},"199":{"start":{"line":200,"column":0},"end":{"line":200,"column":85}},"200":{"start":{"line":201,"column":0},"end":{"line":201,"column":36}},"202":{"start":{"line":203,"column":0},"end":{"line":203,"column":23}},"203":{"start":{"line":204,"column":0},"end":{"line":204,"column":35}},"204":{"start":{"line":205,"column":0},"end":{"line":205,"column":32}},"205":{"start":{"line":206,"column":0},"end":{"line":206,"column":41}},"207":{"start":{"line":208,"column":0},"end":{"line":208,"column":28}},"208":{"start":{"line":209,"column":0},"end":{"line":209,"column":32}},"209":{"start":{"line":210,"column":0},"end":{"line":210,"column":22}},"210":{"start":{"line":211,"column":0},"end":{"line":211,"column":18}},"211":{"start":{"line":212,"column":0},"end":{"line":212,"column":5}},"214":{"start":{"line":215,"column":0},"end":{"line":215,"column":36}},"215":{"start":{"line":216,"column":0},"end":{"line":216,"column":18}},"216":{"start":{"line":217,"column":0},"end":{"line":217,"column":5}},"218":{"start":{"line":219,"column":0},"end":{"line":219,"column":30}},"219":{"start":{"line":220,"column":0},"end":{"line":220,"column":41}},"220":{"start":{"line":221,"column":0},"end":{"line":221,"column":70}},"221":{"start":{"line":222,"column":0},"end":{"line":222,"column":53}},"222":{"start":{"line":223,"column":0},"end":{"line":223,"column":45}},"223":{"start":{"line":224,"column":0},"end":{"line":224,"column":34}},"224":{"start":{"line":225,"column":0},"end":{"line":225,"column":24}},"225":{"start":{"line":226,"column":0},"end":{"line":226,"column":7}},"226":{"start":{"line":227,"column":0},"end":{"line":227,"column":5}},"227":{"start":{"line":228,"column":0},"end":{"line":228,"column":16}},"228":{"start":{"line":229,"column":0},"end":{"line":229,"column":5}},"230":{"start":{"line":231,"column":0},"end":{"line":231,"column":17}},"231":{"start":{"line":232,"column":0},"end":{"line":232,"column":27}},"232":{"start":{"line":233,"column":0},"end":{"line":233,"column":3}},"233":{"start":{"line":234,"column":0},"end":{"line":234,"column":15}},"234":{"start":{"line":235,"column":0},"end":{"line":235,"column":1}},"241":{"start":{"line":242,"column":0},"end":{"line":242,"column":29}},"242":{"start":{"line":243,"column":0},"end":{"line":243,"column":24}},"243":{"start":{"line":244,"column":0},"end":{"line":244,"column":18}},"244":{"start":{"line":245,"column":0},"end":{"line":245,"column":23}},"245":{"start":{"line":246,"column":0},"end":{"line":246,"column":9}},"246":{"start":{"line":247,"column":0},"end":{"line":247,"column":32}},"248":{"start":{"line":249,"column":0},"end":{"line":249,"column":17}},"249":{"start":{"line":250,"column":0},"end":{"line":250,"column":61}},"250":{"start":{"line":251,"column":0},"end":{"line":251,"column":38}},"251":{"start":{"line":252,"column":0},"end":{"line":252,"column":47}},"253":{"start":{"line":254,"column":0},"end":{"line":254,"column":85}},"254":{"start":{"line":255,"column":0},"end":{"line":255,"column":86}},"255":{"start":{"line":256,"column":0},"end":{"line":256,"column":3}},"257":{"start":{"line":258,"column":0},"end":{"line":258,"column":99}},"258":{"start":{"line":259,"column":0},"end":{"line":259,"column":39}},"259":{"start":{"line":260,"column":0},"end":{"line":260,"column":24}},"260":{"start":{"line":261,"column":0},"end":{"line":261,"column":66}},"261":{"start":{"line":262,"column":0},"end":{"line":262,"column":27}},"262":{"start":{"line":263,"column":0},"end":{"line":263,"column":7}},"264":{"start":{"line":265,"column":0},"end":{"line":265,"column":78}},"265":{"start":{"line":266,"column":0},"end":{"line":266,"column":1}},"272":{"start":{"line":273,"column":0},"end":{"line":273,"column":27}},"273":{"start":{"line":274,"column":0},"end":{"line":274,"column":24}},"274":{"start":{"line":275,"column":0},"end":{"line":275,"column":20}},"275":{"start":{"line":276,"column":0},"end":{"line":276,"column":18}},"276":{"start":{"line":277,"column":0},"end":{"line":277,"column":17}},"277":{"start":{"line":278,"column":0},"end":{"line":278,"column":9}},"278":{"start":{"line":279,"column":0},"end":{"line":279,"column":45}},"280":{"start":{"line":281,"column":0},"end":{"line":281,"column":16}},"281":{"start":{"line":282,"column":0},"end":{"line":282,"column":71}},"282":{"start":{"line":283,"column":0},"end":{"line":283,"column":54}},"283":{"start":{"line":284,"column":0},"end":{"line":284,"column":13}},"284":{"start":{"line":285,"column":0},"end":{"line":285,"column":59}},"285":{"start":{"line":286,"column":0},"end":{"line":286,"column":3}},"287":{"start":{"line":288,"column":0},"end":{"line":288,"column":64}},"288":{"start":{"line":289,"column":0},"end":{"line":289,"column":7}},"289":{"start":{"line":290,"column":0},"end":{"line":290,"column":34}},"290":{"start":{"line":291,"column":0},"end":{"line":291,"column":17}},"292":{"start":{"line":293,"column":0},"end":{"line":293,"column":50}},"293":{"start":{"line":294,"column":0},"end":{"line":294,"column":13}},"294":{"start":{"line":295,"column":0},"end":{"line":295,"column":61}},"295":{"start":{"line":296,"column":0},"end":{"line":296,"column":7}},"296":{"start":{"line":297,"column":0},"end":{"line":297,"column":3}},"298":{"start":{"line":299,"column":0},"end":{"line":299,"column":24}},"299":{"start":{"line":300,"column":0},"end":{"line":300,"column":67}},"302":{"start":{"line":303,"column":0},"end":{"line":303,"column":24}},"303":{"start":{"line":304,"column":0},"end":{"line":304,"column":88}},"304":{"start":{"line":305,"column":0},"end":{"line":305,"column":40}},"305":{"start":{"line":306,"column":0},"end":{"line":306,"column":85}},"306":{"start":{"line":307,"column":0},"end":{"line":307,"column":61}},"308":{"start":{"line":309,"column":0},"end":{"line":309,"column":27}},"309":{"start":{"line":310,"column":0},"end":{"line":310,"column":7}},"311":{"start":{"line":312,"column":0},"end":{"line":312,"column":57}},"312":{"start":{"line":313,"column":0},"end":{"line":313,"column":1}},"325":{"start":{"line":326,"column":0},"end":{"line":326,"column":50}},"326":{"start":{"line":327,"column":0},"end":{"line":327,"column":10}},"327":{"start":{"line":328,"column":0},"end":{"line":328,"column":15}},"328":{"start":{"line":329,"column":0},"end":{"line":329,"column":26}},"329":{"start":{"line":330,"column":0},"end":{"line":330,"column":30}},"330":{"start":{"line":331,"column":0},"end":{"line":331,"column":25}},"331":{"start":{"line":332,"column":0},"end":{"line":332,"column":23}},"332":{"start":{"line":333,"column":0},"end":{"line":333,"column":34}},"333":{"start":{"line":334,"column":0},"end":{"line":334,"column":34}},"334":{"start":{"line":335,"column":0},"end":{"line":335,"column":30}},"335":{"start":{"line":336,"column":0},"end":{"line":336,"column":4}},"336":{"start":{"line":337,"column":0},"end":{"line":337,"column":1}},"339":{"start":{"line":340,"column":0},"end":{"line":340,"column":80}},"340":{"start":{"line":341,"column":0},"end":{"line":341,"column":32}},"341":{"start":{"line":342,"column":0},"end":{"line":342,"column":17}},"342":{"start":{"line":343,"column":0},"end":{"line":343,"column":84}},"343":{"start":{"line":344,"column":0},"end":{"line":344,"column":36}},"344":{"start":{"line":345,"column":0},"end":{"line":345,"column":29}},"345":{"start":{"line":346,"column":0},"end":{"line":346,"column":1}},"352":{"start":{"line":353,"column":0},"end":{"line":353,"column":49}},"353":{"start":{"line":354,"column":0},"end":{"line":354,"column":66}},"354":{"start":{"line":355,"column":0},"end":{"line":355,"column":50}},"355":{"start":{"line":356,"column":0},"end":{"line":356,"column":77}},"356":{"start":{"line":357,"column":0},"end":{"line":357,"column":12}},"357":{"start":{"line":358,"column":0},"end":{"line":358,"column":1}},"359":{"start":{"line":360,"column":0},"end":{"line":360,"column":43}},"360":{"start":{"line":361,"column":0},"end":{"line":361,"column":24}},"361":{"start":{"line":362,"column":0},"end":{"line":362,"column":39}},"362":{"start":{"line":363,"column":0},"end":{"line":363,"column":1}},"364":{"start":{"line":365,"column":0},"end":{"line":365,"column":80}},"365":{"start":{"line":366,"column":0},"end":{"line":366,"column":33}},"366":{"start":{"line":367,"column":0},"end":{"line":367,"column":1}},"387":{"start":{"line":388,"column":0},"end":{"line":388,"column":63}},"388":{"start":{"line":389,"column":0},"end":{"line":389,"column":45}},"389":{"start":{"line":390,"column":0},"end":{"line":390,"column":26}},"390":{"start":{"line":391,"column":0},"end":{"line":391,"column":3}},"391":{"start":{"line":392,"column":0},"end":{"line":392,"column":14}},"392":{"start":{"line":393,"column":0},"end":{"line":393,"column":1}},"398":{"start":{"line":399,"column":0},"end":{"line":399,"column":70}},"399":{"start":{"line":400,"column":0},"end":{"line":400,"column":23}},"400":{"start":{"line":401,"column":0},"end":{"line":401,"column":19}},"401":{"start":{"line":402,"column":0},"end":{"line":402,"column":37}},"402":{"start":{"line":403,"column":0},"end":{"line":403,"column":20}},"403":{"start":{"line":404,"column":0},"end":{"line":404,"column":29}},"405":{"start":{"line":406,"column":0},"end":{"line":406,"column":43}},"406":{"start":{"line":407,"column":0},"end":{"line":407,"column":1}},"412":{"start":{"line":413,"column":0},"end":{"line":413,"column":54}},"413":{"start":{"line":414,"column":0},"end":{"line":414,"column":36}},"414":{"start":{"line":415,"column":0},"end":{"line":415,"column":36}},"415":{"start":{"line":416,"column":0},"end":{"line":416,"column":31}},"416":{"start":{"line":417,"column":0},"end":{"line":417,"column":26}},"417":{"start":{"line":418,"column":0},"end":{"line":418,"column":23}},"418":{"start":{"line":419,"column":0},"end":{"line":419,"column":5}},"419":{"start":{"line":420,"column":0},"end":{"line":420,"column":28}},"420":{"start":{"line":421,"column":0},"end":{"line":421,"column":33}},"421":{"start":{"line":422,"column":0},"end":{"line":422,"column":33}},"422":{"start":{"line":423,"column":0},"end":{"line":423,"column":28}},"423":{"start":{"line":424,"column":0},"end":{"line":424,"column":25}},"424":{"start":{"line":425,"column":0},"end":{"line":425,"column":7}},"425":{"start":{"line":426,"column":0},"end":{"line":426,"column":5}},"426":{"start":{"line":427,"column":0},"end":{"line":427,"column":4}},"427":{"start":{"line":428,"column":0},"end":{"line":428,"column":1}},"435":{"start":{"line":436,"column":0},"end":{"line":436,"column":28}},"436":{"start":{"line":437,"column":0},"end":{"line":437,"column":13}},"437":{"start":{"line":438,"column":0},"end":{"line":438,"column":15}},"438":{"start":{"line":439,"column":0},"end":{"line":439,"column":19}},"439":{"start":{"line":440,"column":0},"end":{"line":440,"column":21}},"440":{"start":{"line":441,"column":0},"end":{"line":441,"column":37}},"441":{"start":{"line":442,"column":0},"end":{"line":442,"column":20}},"442":{"start":{"line":443,"column":0},"end":{"line":443,"column":36}},"443":{"start":{"line":444,"column":0},"end":{"line":444,"column":37}},"447":{"start":{"line":448,"column":0},"end":{"line":448,"column":38}},"448":{"start":{"line":449,"column":0},"end":{"line":449,"column":48}},"449":{"start":{"line":450,"column":0},"end":{"line":450,"column":48}},"450":{"start":{"line":451,"column":0},"end":{"line":451,"column":63}},"451":{"start":{"line":452,"column":0},"end":{"line":452,"column":69}},"452":{"start":{"line":453,"column":0},"end":{"line":453,"column":65}},"453":{"start":{"line":454,"column":0},"end":{"line":454,"column":4}},"455":{"start":{"line":456,"column":0},"end":{"line":456,"column":93}},"457":{"start":{"line":458,"column":0},"end":{"line":458,"column":37}},"458":{"start":{"line":459,"column":0},"end":{"line":459,"column":68}},"460":{"start":{"line":461,"column":0},"end":{"line":461,"column":37}},"461":{"start":{"line":462,"column":0},"end":{"line":462,"column":24}},"462":{"start":{"line":463,"column":0},"end":{"line":463,"column":21}},"463":{"start":{"line":464,"column":0},"end":{"line":464,"column":7}},"464":{"start":{"line":465,"column":0},"end":{"line":465,"column":39}},"465":{"start":{"line":466,"column":0},"end":{"line":466,"column":35}},"466":{"start":{"line":467,"column":0},"end":{"line":467,"column":46}},"467":{"start":{"line":468,"column":0},"end":{"line":468,"column":47}},"468":{"start":{"line":469,"column":0},"end":{"line":469,"column":61}},"469":{"start":{"line":470,"column":0},"end":{"line":470,"column":7}},"470":{"start":{"line":471,"column":0},"end":{"line":471,"column":29}},"471":{"start":{"line":472,"column":0},"end":{"line":472,"column":51}},"472":{"start":{"line":473,"column":0},"end":{"line":473,"column":12}},"473":{"start":{"line":474,"column":0},"end":{"line":474,"column":39}},"474":{"start":{"line":475,"column":0},"end":{"line":475,"column":29}},"475":{"start":{"line":476,"column":0},"end":{"line":476,"column":51}},"476":{"start":{"line":477,"column":0},"end":{"line":477,"column":5}},"478":{"start":{"line":479,"column":0},"end":{"line":479,"column":43}},"479":{"start":{"line":480,"column":0},"end":{"line":480,"column":22}},"480":{"start":{"line":481,"column":0},"end":{"line":481,"column":19}},"481":{"start":{"line":482,"column":0},"end":{"line":482,"column":5}},"482":{"start":{"line":483,"column":0},"end":{"line":483,"column":3}},"483":{"start":{"line":484,"column":0},"end":{"line":484,"column":55}},"485":{"start":{"line":486,"column":0},"end":{"line":486,"column":15}},"486":{"start":{"line":487,"column":0},"end":{"line":487,"column":1}},"489":{"start":{"line":490,"column":0},"end":{"line":490,"column":23}},"490":{"start":{"line":491,"column":0},"end":{"line":491,"column":13}},"491":{"start":{"line":492,"column":0},"end":{"line":492,"column":17}},"492":{"start":{"line":493,"column":0},"end":{"line":493,"column":17}},"493":{"start":{"line":494,"column":0},"end":{"line":494,"column":35}},"494":{"start":{"line":495,"column":0},"end":{"line":495,"column":18}},"495":{"start":{"line":496,"column":0},"end":{"line":496,"column":64}},"496":{"start":{"line":497,"column":0},"end":{"line":497,"column":9}},"497":{"start":{"line":498,"column":0},"end":{"line":498,"column":34}},"498":{"start":{"line":499,"column":0},"end":{"line":499,"column":25}},"499":{"start":{"line":500,"column":0},"end":{"line":500,"column":40}},"501":{"start":{"line":502,"column":0},"end":{"line":502,"column":36}},"502":{"start":{"line":503,"column":0},"end":{"line":503,"column":81}},"503":{"start":{"line":504,"column":0},"end":{"line":504,"column":25}},"504":{"start":{"line":505,"column":0},"end":{"line":505,"column":13}},"505":{"start":{"line":506,"column":0},"end":{"line":506,"column":5}},"507":{"start":{"line":508,"column":0},"end":{"line":508,"column":53}},"508":{"start":{"line":509,"column":0},"end":{"line":509,"column":68}},"509":{"start":{"line":510,"column":0},"end":{"line":510,"column":35}},"510":{"start":{"line":511,"column":0},"end":{"line":511,"column":13}},"511":{"start":{"line":512,"column":0},"end":{"line":512,"column":5}},"513":{"start":{"line":514,"column":0},"end":{"line":514,"column":43}},"514":{"start":{"line":515,"column":0},"end":{"line":515,"column":35}},"515":{"start":{"line":516,"column":0},"end":{"line":516,"column":73}},"516":{"start":{"line":517,"column":0},"end":{"line":517,"column":24}},"517":{"start":{"line":518,"column":0},"end":{"line":518,"column":5}},"519":{"start":{"line":520,"column":0},"end":{"line":520,"column":69}},"520":{"start":{"line":521,"column":0},"end":{"line":521,"column":9}},"521":{"start":{"line":522,"column":0},"end":{"line":522,"column":55}},"522":{"start":{"line":523,"column":0},"end":{"line":523,"column":19}},"525":{"start":{"line":526,"column":0},"end":{"line":526,"column":46}},"526":{"start":{"line":527,"column":0},"end":{"line":527,"column":16}},"527":{"start":{"line":528,"column":0},"end":{"line":528,"column":63}},"528":{"start":{"line":529,"column":0},"end":{"line":529,"column":9}},"529":{"start":{"line":530,"column":0},"end":{"line":530,"column":35}},"530":{"start":{"line":531,"column":0},"end":{"line":531,"column":13}},"531":{"start":{"line":532,"column":0},"end":{"line":532,"column":5}},"532":{"start":{"line":533,"column":0},"end":{"line":533,"column":41}},"533":{"start":{"line":534,"column":0},"end":{"line":534,"column":22}},"534":{"start":{"line":535,"column":0},"end":{"line":535,"column":5}},"535":{"start":{"line":536,"column":0},"end":{"line":536,"column":1}},"542":{"start":{"line":543,"column":0},"end":{"line":543,"column":29}},"543":{"start":{"line":544,"column":0},"end":{"line":544,"column":24}},"544":{"start":{"line":545,"column":0},"end":{"line":545,"column":20}},"545":{"start":{"line":546,"column":0},"end":{"line":546,"column":18}},"546":{"start":{"line":547,"column":0},"end":{"line":547,"column":18}},"547":{"start":{"line":548,"column":0},"end":{"line":548,"column":45}},"549":{"start":{"line":550,"column":0},"end":{"line":550,"column":17}},"550":{"start":{"line":551,"column":0},"end":{"line":551,"column":85}},"551":{"start":{"line":552,"column":0},"end":{"line":552,"column":36}},"554":{"start":{"line":555,"column":0},"end":{"line":555,"column":43}},"555":{"start":{"line":556,"column":0},"end":{"line":556,"column":36}},"556":{"start":{"line":557,"column":0},"end":{"line":557,"column":41}},"557":{"start":{"line":558,"column":0},"end":{"line":558,"column":28}},"560":{"start":{"line":561,"column":0},"end":{"line":561,"column":22}},"561":{"start":{"line":562,"column":0},"end":{"line":562,"column":105}},"563":{"start":{"line":564,"column":0},"end":{"line":564,"column":8}},"564":{"start":{"line":565,"column":0},"end":{"line":565,"column":5}},"565":{"start":{"line":566,"column":0},"end":{"line":566,"column":35}},"566":{"start":{"line":567,"column":0},"end":{"line":567,"column":30}},"567":{"start":{"line":568,"column":0},"end":{"line":568,"column":12}},"568":{"start":{"line":569,"column":0},"end":{"line":569,"column":10}},"569":{"start":{"line":570,"column":0},"end":{"line":570,"column":11}},"570":{"start":{"line":571,"column":0},"end":{"line":571,"column":36}},"571":{"start":{"line":572,"column":0},"end":{"line":572,"column":24}},"572":{"start":{"line":573,"column":0},"end":{"line":573,"column":20}},"573":{"start":{"line":574,"column":0},"end":{"line":574,"column":36}},"574":{"start":{"line":575,"column":0},"end":{"line":575,"column":6}},"575":{"start":{"line":576,"column":0},"end":{"line":576,"column":5}},"579":{"start":{"line":580,"column":0},"end":{"line":580,"column":44}},"580":{"start":{"line":581,"column":0},"end":{"line":581,"column":51}},"581":{"start":{"line":582,"column":0},"end":{"line":582,"column":41}},"583":{"start":{"line":584,"column":0},"end":{"line":584,"column":81}},"584":{"start":{"line":585,"column":0},"end":{"line":585,"column":46}},"585":{"start":{"line":586,"column":0},"end":{"line":586,"column":56}},"586":{"start":{"line":587,"column":0},"end":{"line":587,"column":56}},"589":{"start":{"line":590,"column":0},"end":{"line":590,"column":36}},"590":{"start":{"line":591,"column":0},"end":{"line":591,"column":30}},"591":{"start":{"line":592,"column":0},"end":{"line":592,"column":60}},"592":{"start":{"line":593,"column":0},"end":{"line":593,"column":72}},"594":{"start":{"line":595,"column":0},"end":{"line":595,"column":82}},"595":{"start":{"line":596,"column":0},"end":{"line":596,"column":80}},"596":{"start":{"line":597,"column":0},"end":{"line":597,"column":29}},"597":{"start":{"line":598,"column":0},"end":{"line":598,"column":3}},"600":{"start":{"line":601,"column":0},"end":{"line":601,"column":39}},"601":{"start":{"line":602,"column":0},"end":{"line":602,"column":24}},"602":{"start":{"line":603,"column":0},"end":{"line":603,"column":34}},"603":{"start":{"line":604,"column":0},"end":{"line":604,"column":114}},"604":{"start":{"line":605,"column":0},"end":{"line":605,"column":6}},"605":{"start":{"line":606,"column":0},"end":{"line":606,"column":29}},"606":{"start":{"line":607,"column":0},"end":{"line":607,"column":61}},"607":{"start":{"line":608,"column":0},"end":{"line":608,"column":5}},"609":{"start":{"line":610,"column":0},"end":{"line":610,"column":74}},"610":{"start":{"line":611,"column":0},"end":{"line":611,"column":34}},"611":{"start":{"line":612,"column":0},"end":{"line":612,"column":110}},"613":{"start":{"line":614,"column":0},"end":{"line":614,"column":6}},"614":{"start":{"line":615,"column":0},"end":{"line":615,"column":33}},"615":{"start":{"line":616,"column":0},"end":{"line":616,"column":101}},"616":{"start":{"line":617,"column":0},"end":{"line":617,"column":7}},"619":{"start":{"line":620,"column":0},"end":{"line":620,"column":101}},"621":{"start":{"line":622,"column":0},"end":{"line":622,"column":65}},"622":{"start":{"line":623,"column":0},"end":{"line":623,"column":7}},"624":{"start":{"line":625,"column":0},"end":{"line":625,"column":33}},"625":{"start":{"line":626,"column":0},"end":{"line":626,"column":29}},"626":{"start":{"line":627,"column":0},"end":{"line":627,"column":34}},"627":{"start":{"line":628,"column":0},"end":{"line":628,"column":34}},"628":{"start":{"line":629,"column":0},"end":{"line":629,"column":36}},"629":{"start":{"line":630,"column":0},"end":{"line":630,"column":34}},"630":{"start":{"line":631,"column":0},"end":{"line":631,"column":4}},"632":{"start":{"line":633,"column":0},"end":{"line":633,"column":34}},"633":{"start":{"line":634,"column":0},"end":{"line":634,"column":12}},"634":{"start":{"line":635,"column":0},"end":{"line":635,"column":29}},"635":{"start":{"line":636,"column":0},"end":{"line":636,"column":33}},"636":{"start":{"line":637,"column":0},"end":{"line":637,"column":38}},"637":{"start":{"line":638,"column":0},"end":{"line":638,"column":5}},"638":{"start":{"line":639,"column":0},"end":{"line":639,"column":16}},"639":{"start":{"line":640,"column":0},"end":{"line":640,"column":1}}},"s":{"1":1,"2":1,"10":1,"11":1,"12":1,"13":1,"14":1,"15":1,"18":1,"19":1,"20":1,"38":1,"40":1,"42":1,"43":1,"65":0,"66":0,"67":0,"68":0,"69":0,"70":0,"71":0,"72":0,"73":0,"74":0,"75":0,"76":0,"77":0,"79":0,"80":0,"81":0,"83":0,"84":0,"85":0,"87":1,"88":27,"89":27,"92":0,"93":0,"94":0,"95":0,"96":0,"97":0,"100":1,"101":0,"102":0,"103":0,"104":0,"105":0,"106":0,"107":0,"108":0,"109":0,"116":0,"117":0,"119":0,"120":0,"121":0,"122":0,"123":0,"124":0,"126":0,"127":0,"138":1,"139":0,"140":0,"141":0,"142":0,"143":0,"144":0,"146":0,"147":0,"148":0,"150":0,"151":0,"153":0,"154":0,"155":0,"156":0,"158":0,"159":0,"161":0,"162":0,"163":0,"164":0,"166":0,"167":0,"169":0,"170":0,"171":0,"174":0,"175":0,"176":0,"178":0,"179":0,"180":0,"181":0,"182":0,"190":1,"191":0,"192":0,"193":0,"194":0,"195":0,"196":0,"198":0,"199":0,"200":0,"202":0,"203":0,"204":0,"205":0,"207":0,"208":0,"209":0,"210":0,"211":0,"214":0,"215":0,"216":0,"218":0,"219":0,"220":0,"221":0,"222":0,"223":0,"224":0,"225":0,"226":0,"227":0,"228":0,"230":0,"231":0,"232":0,"233":0,"234":0,"241":1,"242":0,"243":0,"244":0,"245":0,"246":0,"248":0,"249":0,"250":0,"251":0,"253":0,"254":0,"255":0,"257":0,"258":0,"259":0,"260":0,"261":0,"262":0,"264":0,"265":0,"272":1,"273":0,"274":0,"275":0,"276":0,"277":0,"278":0,"280":0,"281":0,"282":0,"283":0,"284":0,"285":0,"287":0,"288":0,"289":0,"290":0,"292":0,"293":0,"294":0,"295":0,"296":0,"298":0,"299":0,"302":0,"303":0,"304":0,"305":0,"306":0,"308":0,"309":0,"311":0,"312":0,"325":0,"326":0,"327":0,"328":0,"329":0,"330":0,"331":0,"332":0,"333":0,"334":0,"335":0,"336":0,"339":1,"340":0,"341":0,"342":0,"343":0,"344":0,"345":0,"352":1,"353":163,"354":163,"355":86,"356":1,"357":1,"359":23,"360":23,"361":23,"362":23,"364":23,"365":23,"366":23,"387":1,"388":12,"389":2,"390":2,"391":12,"392":12,"398":1,"399":12,"400":12,"401":12,"402":12,"403":12,"405":12,"406":12,"412":1,"413":10,"414":16,"415":16,"416":13,"417":13,"418":13,"419":16,"420":4,"421":4,"422":3,"423":3,"424":3,"425":4,"426":16,"427":10,"435":1,"436":7,"437":7,"438":7,"439":7,"440":7,"441":7,"442":7,"443":7,"447":7,"448":11,"449":11,"450":11,"451":11,"452":11,"453":11,"455":7,"457":7,"458":23,"460":11,"461":3,"462":3,"463":3,"464":11,"465":11,"466":11,"467":11,"468":11,"469":11,"470":11,"471":11,"472":23,"473":12,"474":12,"475":12,"476":12,"478":23,"479":2,"480":2,"481":2,"482":23,"483":7,"485":7,"486":7,"489":0,"490":0,"491":0,"492":0,"493":0,"494":0,"495":0,"496":0,"497":0,"498":0,"499":0,"501":0,"502":0,"503":0,"504":0,"505":0,"507":0,"508":0,"509":0,"510":0,"511":0,"513":0,"514":0,"515":0,"516":0,"517":0,"519":0,"520":0,"521":0,"522":0,"525":0,"526":0,"527":0,"528":0,"529":0,"530":0,"531":0,"532":0,"533":0,"534":0,"535":0,"542":1,"543":0,"544":0,"545":0,"546":0,"547":0,"549":0,"550":0,"551":0,"554":0,"555":0,"556":0,"557":0,"560":0,"561":0,"563":0,"564":0,"565":0,"566":0,"567":0,"568":0,"569":0,"570":0,"571":0,"572":0,"573":0,"574":0,"575":0,"579":0,"580":0,"581":0,"583":0,"584":0,"585":0,"586":0,"589":0,"590":0,"591":0,"592":0,"594":0,"595":0,"596":0,"597":0,"600":0,"601":0,"602":0,"603":0,"604":0,"605":0,"606":0,"607":0,"609":0,"610":0,"611":0,"613":0,"614":0,"615":0,"616":0,"619":0,"621":0,"622":0,"624":0,"625":0,"626":0,"627":0,"628":0,"629":0,"630":0,"632":0,"633":0,"634":0,"635":0,"636":0,"637":0,"638":0,"639":0},"branchMap":{"0":{"type":"branch","line":88,"loc":{"start":{"line":88,"column":7},"end":{"line":90,"column":1}},"locations":[{"start":{"line":88,"column":7},"end":{"line":90,"column":1}}]},"1":{"type":"branch","line":353,"loc":{"start":{"line":353,"column":7},"end":{"line":358,"column":1}},"locations":[{"start":{"line":353,"column":7},"end":{"line":358,"column":1}}]},"2":{"type":"branch","line":355,"loc":{"start":{"line":355,"column":35},"end":{"line":356,"column":77}},"locations":[{"start":{"line":355,"column":35},"end":{"line":356,"column":77}}]},"3":{"type":"branch","line":355,"loc":{"start":{"line":355,"column":35},"end":{"line":355,"column":50}},"locations":[{"start":{"line":355,"column":35},"end":{"line":355,"column":50}}]},"4":{"type":"branch","line":355,"loc":{"start":{"line":355,"column":44},"end":{"line":356,"column":77}},"locations":[{"start":{"line":355,"column":44},"end":{"line":356,"column":77}}]},"5":{"type":"branch","line":355,"loc":{"start":{"line":355,"column":44},"end":{"line":356,"column":40}},"locations":[{"start":{"line":355,"column":44},"end":{"line":356,"column":40}}]},"6":{"type":"branch","line":356,"loc":{"start":{"line":356,"column":33},"end":{"line":356,"column":77}},"locations":[{"start":{"line":356,"column":33},"end":{"line":356,"column":77}}]},"7":{"type":"branch","line":356,"loc":{"start":{"line":356,"column":75},"end":{"line":358,"column":1}},"locations":[{"start":{"line":356,"column":75},"end":{"line":358,"column":1}}]},"8":{"type":"branch","line":360,"loc":{"start":{"line":360,"column":0},"end":{"line":363,"column":1}},"locations":[{"start":{"line":360,"column":0},"end":{"line":363,"column":1}}]},"9":{"type":"branch","line":362,"loc":{"start":{"line":362,"column":28},"end":{"line":362,"column":39}},"locations":[{"start":{"line":362,"column":28},"end":{"line":362,"column":39}}]},"10":{"type":"branch","line":365,"loc":{"start":{"line":365,"column":0},"end":{"line":367,"column":1}},"locations":[{"start":{"line":365,"column":0},"end":{"line":367,"column":1}}]},"11":{"type":"branch","line":388,"loc":{"start":{"line":388,"column":7},"end":{"line":393,"column":1}},"locations":[{"start":{"line":388,"column":7},"end":{"line":393,"column":1}}]},"12":{"type":"branch","line":389,"loc":{"start":{"line":389,"column":24},"end":{"line":389,"column":36}},"locations":[{"start":{"line":389,"column":24},"end":{"line":389,"column":36}}]},"13":{"type":"branch","line":389,"loc":{"start":{"line":389,"column":44},"end":{"line":391,"column":3}},"locations":[{"start":{"line":389,"column":44},"end":{"line":391,"column":3}}]},"14":{"type":"branch","line":399,"loc":{"start":{"line":399,"column":7},"end":{"line":407,"column":1}},"locations":[{"start":{"line":399,"column":7},"end":{"line":407,"column"
[...]
,"/home/ifernandes/Projetos/zetel/lib/zetel-service.ts": {"path":"/home/ifernandes/Projetos/zetel/lib/zetel-service.ts","all":false,"statementMap":{"1":{"start":{"line":2,"column":0},"end":{"line":2,"column":41}},"2":{"start":{"line":3,"column":0},"end":{"line":3,"column":81}},"3":{"start":{"line":4,"column":0},"end":{"line":4,"column":33}},"4":{"start":{"line":5,"column":0},"end":{"line":5,"column":34}},"19":{"start":{"line":20,"column":0},"end":{"line":20,"column":17}},"20":{"start":{"line":21,"column":0},"end":{"line":21,"column":13}},"21":{"start":{"line":22,"column":0},"end":{"line":22,"column":18}},"22":{"start":{"line":23,"column":0},"end":{"line":23,"column":21}},"23":{"start":{"line":24,"column":0},"end":{"line":24,"column":14}},"24":{"start":{"line":25,"column":0},"end":{"line":25,"column":16}},"25":{"start":{"line":26,"column":0},"end":{"line":26,"column":11}},"26":{"start":{"line":27,"column":0},"end":{"line":27,"column":11}},"39":{"start":{"line":40,"column":0},"end":{"line":40,"column":43}},"40":{"start":{"line":41,"column":0},"end":{"line":41,"column":10}},"41":{"start":{"line":42,"column":0},"end":{"line":42,"column":15}},"42":{"start":{"line":43,"column":0},"end":{"line":43,"column":19}},"43":{"start":{"line":44,"column":0},"end":{"line":44,"column":34}},"44":{"start":{"line":45,"column":0},"end":{"line":45,"column":30}},"45":{"start":{"line":46,"column":0},"end":{"line":46,"column":30}},"46":{"start":{"line":47,"column":0},"end":{"line":47,"column":30}},"47":{"start":{"line":48,"column":0},"end":{"line":48,"column":42}},"48":{"start":{"line":49,"column":0},"end":{"line":49,"column":35}},"49":{"start":{"line":50,"column":0},"end":{"line":50,"column":4}},"50":{"start":{"line":51,"column":0},"end":{"line":51,"column":1}},"53":{"start":{"line":54,"column":0},"end":{"line":54,"column":61}},"54":{"start":{"line":55,"column":0},"end":{"line":55,"column":41}},"55":{"start":{"line":56,"column":0},"end":{"line":56,"column":1}},"58":{"start":{"line":59,"column":0},"end":{"line":59,"column":47}},"59":{"start":{"line":60,"column":0},"end":{"line":60,"column":47}},"60":{"start":{"line":61,"column":0},"end":{"line":61,"column":1}},"65":{"start":{"line":66,"column":0},"end":{"line":66,"column":47}},"66":{"start":{"line":67,"column":0},"end":{"line":67,"column":19}},"67":{"start":{"line":68,"column":0},"end":{"line":68,"column":18}},"68":{"start":{"line":69,"column":0},"end":{"line":69,"column":21}},"69":{"start":{"line":70,"column":0},"end":{"line":70,"column":50}},"70":{"start":{"line":71,"column":0},"end":{"line":71,"column":61}},"71":{"start":{"line":72,"column":0},"end":{"line":72,"column":65}},"72":{"start":{"line":73,"column":0},"end":{"line":73,"column":42}},"73":{"start":{"line":74,"column":0},"end":{"line":74,"column":46}},"74":{"start":{"line":75,"column":0},"end":{"line":75,"column":18}},"75":{"start":{"line":76,"column":0},"end":{"line":76,"column":25}},"76":{"start":{"line":77,"column":0},"end":{"line":77,"column":1}},"82":{"start":{"line":83,"column":0},"end":{"line":83,"column":85}},"83":{"start":{"line":84,"column":0},"end":{"line":84,"column":33}},"84":{"start":{"line":85,"column":0},"end":{"line":85,"column":67}},"85":{"start":{"line":86,"column":0},"end":{"line":86,"column":37}},"87":{"start":{"line":88,"column":0},"end":{"line":88,"column":33}},"88":{"start":{"line":89,"column":0},"end":{"line":89,"column":37}},"89":{"start":{"line":90,"column":0},"end":{"line":90,"column":49}},"90":{"start":{"line":91,"column":0},"end":{"line":91,"column":3}},"91":{"start":{"line":92,"column":0},"end":{"line":92,"column":18}},"92":{"start":{"line":93,"column":0},"end":{"line":93,"column":102}},"93":{"start":{"line":94,"column":0},"end":{"line":94,"column":4}},"94":{"start":{"line":95,"column":0},"end":{"line":95,"column":1}},"96":{"start":{"line":97,"column":0},"end":{"line":97,"column":79}},"97":{"start":{"line":98,"column":0},"end":{"line":98,"column":94}},"98":{"start":{"line":99,"column":0},"end":{"line":99,"column":38}},"99":{"start":{"line":100,"column":0},"end":{"line":100,"column":1}},"101":{"start":{"line":102,"column":0},"end":{"line":102,"column":83}},"102":{"start":{"line":103,"column":0},"end":{"line":103,"column":98}},"103":{"start":{"line":104,"column":0},"end":{"line":104,"column":38}},"104":{"start":{"line":105,"column":0},"end":{"line":105,"column":1}},"111":{"start":{"line":112,"column":0},"end":{"line":112,"column":99}},"112":{"start":{"line":113,"column":0},"end":{"line":113,"column":34}},"113":{"start":{"line":114,"column":0},"end":{"line":114,"column":14}},"114":{"start":{"line":115,"column":0},"end":{"line":115,"column":53}},"115":{"start":{"line":116,"column":0},"end":{"line":116,"column":3}},"117":{"start":{"line":118,"column":0},"end":{"line":118,"column":44}},"118":{"start":{"line":119,"column":0},"end":{"line":119,"column":41}},"120":{"start":{"line":121,"column":0},"end":{"line":121,"column":30}},"121":{"start":{"line":122,"column":0},"end":{"line":122,"column":51}},"122":{"start":{"line":123,"column":0},"end":{"line":123,"column":3}},"124":{"start":{"line":125,"column":0},"end":{"line":125,"column":39}},"125":{"start":{"line":126,"column":0},"end":{"line":126,"column":26}},"127":{"start":{"line":128,"column":0},"end":{"line":128,"column":13}},"128":{"start":{"line":129,"column":0},"end":{"line":129,"column":114}},"130":{"start":{"line":131,"column":0},"end":{"line":131,"column":34}},"132":{"start":{"line":133,"column":0},"end":{"line":133,"column":45}},"133":{"start":{"line":134,"column":0},"end":{"line":134,"column":31}},"134":{"start":{"line":135,"column":0},"end":{"line":135,"column":1}},"140":{"start":{"line":141,"column":0},"end":{"line":141,"column":27}},"141":{"start":{"line":142,"column":0},"end":{"line":142,"column":24}},"142":{"start":{"line":143,"column":0},"end":{"line":143,"column":60}},"143":{"start":{"line":144,"column":0},"end":{"line":144,"column":12}},"144":{"start":{"line":145,"column":0},"end":{"line":145,"column":79}},"145":{"start":{"line":146,"column":0},"end":{"line":146,"column":17}},"146":{"start":{"line":147,"column":0},"end":{"line":147,"column":76}},"147":{"start":{"line":148,"column":0},"end":{"line":148,"column":25}},"148":{"start":{"line":149,"column":0},"end":{"line":149,"column":30}},"149":{"start":{"line":150,"column":0},"end":{"line":150,"column":1}},"155":{"start":{"line":156,"column":0},"end":{"line":156,"column":95}},"156":{"start":{"line":157,"column":0},"end":{"line":157,"column":37}},"157":{"start":{"line":158,"column":0},"end":{"line":158,"column":14}},"158":{"start":{"line":159,"column":0},"end":{"line":159,"column":53}},"159":{"start":{"line":160,"column":0},"end":{"line":160,"column":3}},"161":{"start":{"line":162,"column":0},"end":{"line":162,"column":37}},"162":{"start":{"line":163,"column":0},"end":{"line":163,"column":15}},"163":{"start":{"line":164,"column":0},"end":{"line":164,"column":45}},"164":{"start":{"line":165,"column":0},"end":{"line":165,"column":3}},"166":{"start":{"line":167,"column":0},"end":{"line":167,"column":84}},"167":{"start":{"line":168,"column":0},"end":{"line":168,"column":9}},"168":{"start":{"line":169,"column":0},"end":{"line":169,"column":29}},"169":{"start":{"line":170,"column":0},"end":{"line":170,"column":7}},"170":{"start":{"line":171,"column":0},"end":{"line":171,"column":4}},"172":{"start":{"line":173,"column":0},"end":{"line":173,"column":57}},"173":{"start":{"line":174,"column":0},"end":{"line":174,"column":31}},"174":{"start":{"line":175,"column":0},"end":{"line":175,"column":1}},"180":{"start":{"line":181,"column":0},"end":{"line":181,"column":88}},"181":{"start":{"line":182,"column":0},"end":{"line":182,"column":37}},"182":{"start":{"line":183,"column":0},"end":{"line":183,"column":15}},"183":{"start":{"line":184,"column":0},"end":{"line":184,"column":45}},"184":{"start":{"line":185,"column":0},"end":{"line":185,"column":3}},"185":{"start":{"line":186,"column":0},"end":{"line":186,"column":24}},"186":{"start":{"line":187,"column":0},"end":{"line":187,"column":54}},"187":{"start":{"line":188,"column":0},"end":{"line":188,"column":3}},"189":{"start":{"line":190,"column":0},"end":{"line":190,"column":48}},"190":{"start":{"line":191,"column":0},"end":{"line":191,"column":71}},"192":{"start":{"line":193,"column":0},"end":{"line":193,"column":39}},"193":{"start":{"line":194,"column":0},"end":{"line":194,"column":24}},"194":{"start":{"line":195,"column":0},"end":{"line":195,"column":98}},"195":{"start":{"line":196,"column":0},"end":{"line":196,"column":7}},"197":{"start":{"line":198,"column":0},"end":{"line":198,"column":7}},"198":{"start":{"line":199,"column":0},"end":{"line":199,"column":57}},"199":{"start":{"line":200,"column":0},"end":{"line":200,"column":25}},"200":{"start":{"line":201,"column":0},"end":{"line":201,"column":17}},"201":{"start":{"line":202,"column":0},"end":{"line":202,"column":85}},"202":{"start":{"line":203,"column":0},"end":{"line":203,"column":20}},"203":{"start":{"line":204,"column":0},"end":{"line":204,"column":80}},"205":{"start":{"line":206,"column":0},"end":{"line":206,"column":6}},"206":{"start":{"line":207,"column":0},"end":{"line":207,"column":3}},"208":{"start":{"line":209,"column":0},"end":{"line":209,"column":57}},"209":{"start":{"line":210,"column":0},"end":{"line":210,"column":1}},"215":{"start":{"line":216,"column":0},"end":{"line":216,"column":73}},"216":{"start":{"line":217,"column":0},"end":{"line":217,"column":36}},"217":{"start":{"line":218,"column":0},"end":{"line":218,"column":37}},"219":{"start":{"line":220,"column":0},"end":{"line":220,"column":28}},"220":{"start":{"line":221,"column":0},"end":{"line":221,"column":55}},"222":{"start":{"line":223,"column":0},"end":{"line":223,"column":67}},"223":{"start":{"line":224,"column":0},"end":{"line":224,"column":73}},"224":{"start":{"line":225,"column":0},"end":{"line":225,"column":55}},"225":{"start":{"line":226,"column":0},"end":{"line":226,"column":39}},"226":{"start":{"line":227,"column":0},"end":{"line":227,"column":63}},"227":{"start":{"line":228,"column":0},"end":{"line":228,"column":3}},"229":{"start":{"line":230,"column":0},"end":{"line":230,"column":45}},"230":{"start":{"line":231,"column":0},"end":{"line":231,"column":1}},"239":{"start":{"line":240,"column":0},"end":{"line":240,"column":90}},"240":{"start":{"line":241,"column":0},"end":{"line":241,"column":37}},"241":{"start":{"line":242,"column":0},"end":{"line":242,"column":15}},"242":{"start":{"line":243,"column":0},"end":{"line":243,"column":45}},"243":{"start":{"line":244,"column":0},"end":{"line":244,"column":3}},"244":{"start":{"line":245,"column":0},"end":{"line":245,"column":25}},"245":{"start":{"line":246,"column":0},"end":{"line":246,"column":55}},"246":{"start":{"line":247,"column":0},"end":{"line":247,"column":3}},"248":{"start":{"line":249,"column":0},"end":{"line":249,"column":46}},"249":{"start":{"line":250,"column":0},"end":{"line":250,"column":23}},"250":{"start":{"line":251,"column":0},"end":{"line":251,"column":20}},"251":{"start":{"line":252,"column":0},"end":{"line":252,"column":109}},"252":{"start":{"line":253,"column":0},"end":{"line":253,"column":6}},"253":{"start":{"line":254,"column":0},"end":{"line":254,"column":3}},"255":{"start":{"line":256,"column":0},"end":{"line":256,"column":53}},"256":{"start":{"line":257,"column":0},"end":{"line":257,"column":14}},"257":{"start":{"line":258,"column":0},"end":{"line":258,"column":74}},"258":{"start":{"line":259,"column":0},"end":{"line":259,"column":3}},"263":{"start":{"line":264,"column":0},"end":{"line":264,"column":7}},"264":{"start":{"line":265,"column":0},"end":{"line":265,"column":25}},"265":{"start":{"line":266,"column":0},"end":{"line":266,"column":17}},"266":{"start":{"line":267,"column":0},"end":{"line":267,"column":87}},"267":{"start":{"line":268,"column":0},"end":{"line":268,"column":20}},"268":{"start":{"line":269,"column":0},"end":{"line":269,"column":68}},"270":{"start":{"line":271,"column":0},"end":{"line":271,"column":6}},"271":{"start":{"line":272,"column":0},"end":{"line":272,"column":3}},"273":{"start":{"line":274,"column":0},"end":{"line":274,"column":85}},"274":{"start":{"line":275,"column":0},"end":{"line":275,"column":29}},"275":{"start":{"line":276,"column":0},"end":{"line":276,"column":7}},"276":{"start":{"line":277,"column":0},"end":{"line":277,"column":4}},"278":{"start":{"line":279,"column":0},"end":{"line":279,"column":58}},"279":{"start":{"line":280,"column":0},"end":{"line":280,"column":1}},"286":{"start":{"line":287,"column":0},"end":{"line":287,"column":88}},"287":{"start":{"line":288,"column":0},"end":{"line":288,"column":37}},"288":{"start":{"line":289,"column":0},"end":{"line":289,"column":15}},"289":{"start":{"line":290,"column":0},"end":{"line":290,"column":45}},"290":{"start":{"line":291,"column":0},"end":{"line":291,"column":3}},"291":{"start":{"line":292,"column":0},"end":{"line":292,"column":25}},"292":{"start":{"line":293,"column":0},"end":{"line":293,"column":91}},"293":{"start":{"line":294,"column":0},"end":{"line":294,"column":3}},"295":{"start":{"line":296,"column":0},"end":{"line":296,"column":52}},"296":{"start":{"line":297,"column":0},"end":{"line":297,"column":12}},"297":{"start":{"line":298,"column":0},"end":{"line":298,"column":50}},"298":{"start":{"line":299,"column":0},"end":{"line":299,"column":3}},"300":{"start":{"line":301,"column":0},"end":{"line":301,"column":56}},"302":{"start":{"line":303,"column":0},"end":{"line":303,"column":56}},"303":{"start":{"line":304,"column":0},"end":{"line":304,"column":1}}},"s":{"1":1,"2":1,"3":1,"4":1,"19":1,"20":1,"21":1,"22":1,"23":1,"24":1,"25":1,"26":1,"39":0,"40":0,"41":0,"42":0,"43":0,"44":0,"45":0,"46":0,"47":0,"48":0,"49":0,"50":0,"53":0,"54":0,"55":0,"58":0,"59":0,"60":0,"65":1,"66":31,"67":31,"68":31,"69":31,"70":31,"71":31,"72":31,"73":31,"74":31,"75":31,"76":31,"82":1,"83":0,"84":0,"85":0,"87":0,"88":0,"89":0,"90":0,"91":0,"92":0,"93":0,"94":0,"96":1,"97":0,"98":0,"99":0,"101":1,"102":0,"103":0,"104":0,"111":1,"112":0,"113":0,"114":0,"115":0,"117":0,"118":0,"120":0,"121":0,"122":0,"124":0,"125":0,"127":0,"128":0,"130":0,"132":0,"133":0,"134":0,"140":1,"141":0,"142":0,"143":0,"144":0,"145":0,"146":0,"147":0,"148":0,"149":0,"155":1,"156":0,"157":0,"158":0,"159":0,"161":0,"162":0,"163":0,"164":0,"166":0,"167":0,"168":0,"169":0,"170":0,"172":0,"173":0,"174":0,"180":1,"181":0,"182":0,"183":0,"184":0,"185":0,"186":0,"187":0,"189":0,"190":0,"192":0,"193":0,"194":0,"195":0,"197":0,"198":0,"199":0,"200":0,"201":0,"202":0,"203":0,"205":0,"206":0,"208":0,"209":0,"215":0,"216":0,"217":0,"219":0,"220":0,"222":0,"223":0,"224":0,"225":0,"226":0,"227":0,"229":0,"230":0,"239":1,"240":0,"241":0,"242":0,"243":0,"244":0,"245":0,"246":0,"248":0,"249":0,"250":0,"251":0,"252":0,"253":0,"255":0,"256":0,"257":0,"258":0,"263":0,"264":0,"265":0,"266":0,"267":0,"268":0,"270":0,"271":0,"273":0,"274":0,"275":0,"276":0,"278":0,"279":0,"286":1,"287":0,"288":0,"289":0,"290":0,"291":0,"292":0,"293":0,"295":0,"296":0,"297":0,"298":0,"300":0,"302":0,"303":0},"branchMap":{"0":{"type":"branch","line":66,"loc":{"start":{"line":66,"column":7},"end":{"line":77,"column":1}},"locations":[{"start":{"line":66,"column":7},"end":{"line":77,"column":1}}]},"1":{"type":"branch","line":76,"loc":{"start":{"line":76,"column":9},"end":{"line":76,"column":25}},"locations":[{"start":{"line":76,"column":9},"end":{"line":76,"column":25}}]}},"b":{"0":[31],"1":[3]},"fnMap":{"0":{"name":"rowToZetel","decl":{"start":{"line":40,"column":0},"end":{"line":51,"column":1}},"loc":{"start":{"line":40,"column":0},"end":{"line":51,"column":1}},"line":40},"1":{"name":"activeDir","decl":{"start":{"line":54,"column":0},"end":{"line":56,"column":1}},"loc":{"start":{"line":54,"column":0},"end":{"line":56,"column":1}},"line":54},"2":{"name":"trashRoot","decl":{"start":{"line":59,"column":0},"end":{"line":61,"column":1}},"loc":{"start":{"line":59,"column":0},"end":{"line":61,"column":1}},"line":59},"3":{"name":"slugify","decl":{"start":{"line":66,"column":7},"end":{"line":77,"column":1}},"loc":{"start":{"line":66,"column":7},"end":{"line":77,"column":1}},"line":66},"4":{"name":"generateUniqueSlug","decl":{"start":{"line":83,"column":7},"end":{"line":95,"column":1}},"loc":{"start":{"line":83,"column":7},"end":{"line":95,"column":1}},"line":83},"5":{"name":"getZetelById","decl":{"start":{"line":97,"column":7},"end":{"line":100,"column":1}},"loc":{"start":{"line":97,"column":7},"end":{"line":100,"column":1}},"line":97},"6":{"name":"getZetelBySlug","decl":{"start":{"line":102,"column":7},"end":{"line":105,"column":1}},"loc":{"start":{"line":102,"column":7},"end":{"line":105,"column":1}},"line":102},"7":{"name":"createZetel","decl":{"start":{"line":112,"column":7},"end":{"line":135,"column":1}},"loc":{"start":{"line":112,"column":7},"end":{"line":135,"column":1}},"line":112},"8":{"name":"listZetels","decl":{"start":{"line":141,"column":7},"end":{"line":150,"column":1}},"loc":{"start":{"line":141,"column":7},"end":{"line":150,"column":1}},"line":141},"9":{"name":"renameZetel","decl":{"start":{"line":156,"column":7},"end":{"line":175,"column":1}},"loc":{"start":{"line":156,"column":7},"end":{"line":175,"column":1}},"line":156},"10":{"name":"trashZetel","decl":{"start":{"line":181,"column":7},"end":{"line":210,"column":1}},"loc":{"start":{"line":181,"column":7},"end":{"line":210,"column":1}},"line":181},"11":{"name":"findTrashEntry","decl":{"start":{"line":216,"column":0},"end":{"line":231,"column":1}},"loc":{"start":{"line":216,"column":0},"end":{"line":231,"column":1}},"line":216},"12":{"name":"restoreZetel","decl":{"start":{"line":240,"column":7},"end":{"line":280,"column":1}},"loc":{"start":{"line":240,"column":7},"end":{"line":280,"column":1}},"line":240},"13":{"name":"purgeZetel","decl":{"start":{"line":287,"column":7},"end":{"line":304,"column":1}},"loc":{"start":{"line":287,"column":7},"end":{"line":304,"column":1}},"line":287}},"f":{"0":0,"1":0,"2":0,"3":31,"4":0,"5":0,"6":0,"7":0,"8":0,"9":0,"10":0,"11":0,"12":0,"13":0}}
}
